{
  "/Users/craigcondon/Developer/public/paperclip/packages/paperclip/lib/engine.js": {
    "path": "/Users/craigcondon/Developer/public/paperclip/packages/paperclip/lib/engine.js",
    "statementMap": {
      "0": {
        "start": {
          "line": 3,
          "column": 15
        },
        "end": {
          "line": 13,
          "column": 1
        }
      },
      "1": {
        "start": {
          "line": 4,
          "column": 4
        },
        "end": {
          "line": 11,
          "column": 6
        }
      },
      "2": {
        "start": {
          "line": 5,
          "column": 8
        },
        "end": {
          "line": 9,
          "column": 9
        }
      },
      "3": {
        "start": {
          "line": 5,
          "column": 24
        },
        "end": {
          "line": 5,
          "column": 25
        }
      },
      "4": {
        "start": {
          "line": 5,
          "column": 31
        },
        "end": {
          "line": 5,
          "column": 47
        }
      },
      "5": {
        "start": {
          "line": 6,
          "column": 12
        },
        "end": {
          "line": 6,
          "column": 29
        }
      },
      "6": {
        "start": {
          "line": 7,
          "column": 12
        },
        "end": {
          "line": 8,
          "column": 28
        }
      },
      "7": {
        "start": {
          "line": 7,
          "column": 29
        },
        "end": {
          "line": 8,
          "column": 28
        }
      },
      "8": {
        "start": {
          "line": 8,
          "column": 16
        },
        "end": {
          "line": 8,
          "column": 28
        }
      },
      "9": {
        "start": {
          "line": 10,
          "column": 8
        },
        "end": {
          "line": 10,
          "column": 17
        }
      },
      "10": {
        "start": {
          "line": 12,
          "column": 4
        },
        "end": {
          "line": 12,
          "column": 43
        }
      },
      "11": {
        "start": {
          "line": 14,
          "column": 16
        },
        "end": {
          "line": 22,
          "column": 1
        }
      },
      "12": {
        "start": {
          "line": 15,
          "column": 28
        },
        "end": {
          "line": 15,
          "column": 110
        }
      },
      "13": {
        "start": {
          "line": 15,
          "column": 91
        },
        "end": {
          "line": 15,
          "column": 106
        }
      },
      "14": {
        "start": {
          "line": 16,
          "column": 4
        },
        "end": {
          "line": 21,
          "column": 7
        }
      },
      "15": {
        "start": {
          "line": 17,
          "column": 36
        },
        "end": {
          "line": 17,
          "column": 97
        }
      },
      "16": {
        "start": {
          "line": 17,
          "column": 42
        },
        "end": {
          "line": 17,
          "column": 70
        }
      },
      "17": {
        "start": {
          "line": 17,
          "column": 85
        },
        "end": {
          "line": 17,
          "column": 95
        }
      },
      "18": {
        "start": {
          "line": 18,
          "column": 35
        },
        "end": {
          "line": 18,
          "column": 100
        }
      },
      "19": {
        "start": {
          "line": 18,
          "column": 41
        },
        "end": {
          "line": 18,
          "column": 73
        }
      },
      "20": {
        "start": {
          "line": 18,
          "column": 88
        },
        "end": {
          "line": 18,
          "column": 98
        }
      },
      "21": {
        "start": {
          "line": 19,
          "column": 32
        },
        "end": {
          "line": 19,
          "column": 116
        }
      },
      "22": {
        "start": {
          "line": 20,
          "column": 8
        },
        "end": {
          "line": 20,
          "column": 78
        }
      },
      "23": {
        "start": {
          "line": 23,
          "column": 18
        },
        "end": {
          "line": 49,
          "column": 1
        }
      },
      "24": {
        "start": {
          "line": 24,
          "column": 12
        },
        "end": {
          "line": 24,
          "column": 104
        }
      },
      "25": {
        "start": {
          "line": 24,
          "column": 43
        },
        "end": {
          "line": 24,
          "column": 68
        }
      },
      "26": {
        "start": {
          "line": 24,
          "column": 57
        },
        "end": {
          "line": 24,
          "column": 68
        }
      },
      "27": {
        "start": {
          "line": 24,
          "column": 69
        },
        "end": {
          "line": 24,
          "column": 81
        }
      },
      "28": {
        "start": {
          "line": 25,
          "column": 4
        },
        "end": {
          "line": 25,
          "column": 157
        }
      },
      "29": {
        "start": {
          "line": 25,
          "column": 138
        },
        "end": {
          "line": 25,
          "column": 150
        }
      },
      "30": {
        "start": {
          "line": 26,
          "column": 23
        },
        "end": {
          "line": 26,
          "column": 68
        }
      },
      "31": {
        "start": {
          "line": 26,
          "column": 45
        },
        "end": {
          "line": 26,
          "column": 65
        }
      },
      "32": {
        "start": {
          "line": 28,
          "column": 8
        },
        "end": {
          "line": 28,
          "column": 70
        }
      },
      "33": {
        "start": {
          "line": 28,
          "column": 15
        },
        "end": {
          "line": 28,
          "column": 70
        }
      },
      "34": {
        "start": {
          "line": 29,
          "column": 8
        },
        "end": {
          "line": 46,
          "column": 66
        }
      },
      "35": {
        "start": {
          "line": 29,
          "column": 18
        },
        "end": {
          "line": 46,
          "column": 66
        }
      },
      "36": {
        "start": {
          "line": 30,
          "column": 12
        },
        "end": {
          "line": 30,
          "column": 169
        }
      },
      "37": {
        "start": {
          "line": 30,
          "column": 160
        },
        "end": {
          "line": 30,
          "column": 169
        }
      },
      "38": {
        "start": {
          "line": 31,
          "column": 12
        },
        "end": {
          "line": 31,
          "column": 52
        }
      },
      "39": {
        "start": {
          "line": 31,
          "column": 26
        },
        "end": {
          "line": 31,
          "column": 52
        }
      },
      "40": {
        "start": {
          "line": 32,
          "column": 12
        },
        "end": {
          "line": 44,
          "column": 13
        }
      },
      "41": {
        "start": {
          "line": 33,
          "column": 32
        },
        "end": {
          "line": 33,
          "column": 39
        }
      },
      "42": {
        "start": {
          "line": 33,
          "column": 40
        },
        "end": {
          "line": 33,
          "column": 46
        }
      },
      "43": {
        "start": {
          "line": 34,
          "column": 24
        },
        "end": {
          "line": 34,
          "column": 34
        }
      },
      "44": {
        "start": {
          "line": 34,
          "column": 35
        },
        "end": {
          "line": 34,
          "column": 72
        }
      },
      "45": {
        "start": {
          "line": 35,
          "column": 24
        },
        "end": {
          "line": 35,
          "column": 34
        }
      },
      "46": {
        "start": {
          "line": 35,
          "column": 35
        },
        "end": {
          "line": 35,
          "column": 45
        }
      },
      "47": {
        "start": {
          "line": 35,
          "column": 46
        },
        "end": {
          "line": 35,
          "column": 55
        }
      },
      "48": {
        "start": {
          "line": 35,
          "column": 56
        },
        "end": {
          "line": 35,
          "column": 65
        }
      },
      "49": {
        "start": {
          "line": 36,
          "column": 24
        },
        "end": {
          "line": 36,
          "column": 41
        }
      },
      "50": {
        "start": {
          "line": 36,
          "column": 42
        },
        "end": {
          "line": 36,
          "column": 55
        }
      },
      "51": {
        "start": {
          "line": 36,
          "column": 56
        },
        "end": {
          "line": 36,
          "column": 65
        }
      },
      "52": {
        "start": {
          "line": 38,
          "column": 20
        },
        "end": {
          "line": 38,
          "column": 128
        }
      },
      "53": {
        "start": {
          "line": 38,
          "column": 110
        },
        "end": {
          "line": 38,
          "column": 116
        }
      },
      "54": {
        "start": {
          "line": 38,
          "column": 117
        },
        "end": {
          "line": 38,
          "column": 126
        }
      },
      "55": {
        "start": {
          "line": 39,
          "column": 20
        },
        "end": {
          "line": 39,
          "column": 106
        }
      },
      "56": {
        "start": {
          "line": 39,
          "column": 81
        },
        "end": {
          "line": 39,
          "column": 97
        }
      },
      "57": {
        "start": {
          "line": 39,
          "column": 98
        },
        "end": {
          "line": 39,
          "column": 104
        }
      },
      "58": {
        "start": {
          "line": 40,
          "column": 20
        },
        "end": {
          "line": 40,
          "column": 89
        }
      },
      "59": {
        "start": {
          "line": 40,
          "column": 57
        },
        "end": {
          "line": 40,
          "column": 72
        }
      },
      "60": {
        "start": {
          "line": 40,
          "column": 73
        },
        "end": {
          "line": 40,
          "column": 80
        }
      },
      "61": {
        "start": {
          "line": 40,
          "column": 81
        },
        "end": {
          "line": 40,
          "column": 87
        }
      },
      "62": {
        "start": {
          "line": 41,
          "column": 20
        },
        "end": {
          "line": 41,
          "column": 87
        }
      },
      "63": {
        "start": {
          "line": 41,
          "column": 47
        },
        "end": {
          "line": 41,
          "column": 62
        }
      },
      "64": {
        "start": {
          "line": 41,
          "column": 63
        },
        "end": {
          "line": 41,
          "column": 78
        }
      },
      "65": {
        "start": {
          "line": 41,
          "column": 79
        },
        "end": {
          "line": 41,
          "column": 85
        }
      },
      "66": {
        "start": {
          "line": 42,
          "column": 20
        },
        "end": {
          "line": 42,
          "column": 42
        }
      },
      "67": {
        "start": {
          "line": 42,
          "column": 30
        },
        "end": {
          "line": 42,
          "column": 42
        }
      },
      "68": {
        "start": {
          "line": 43,
          "column": 20
        },
        "end": {
          "line": 43,
          "column": 33
        }
      },
      "69": {
        "start": {
          "line": 43,
          "column": 34
        },
        "end": {
          "line": 43,
          "column": 43
        }
      },
      "70": {
        "start": {
          "line": 45,
          "column": 12
        },
        "end": {
          "line": 45,
          "column": 39
        }
      },
      "71": {
        "start": {
          "line": 46,
          "column": 22
        },
        "end": {
          "line": 46,
          "column": 34
        }
      },
      "72": {
        "start": {
          "line": 46,
          "column": 35
        },
        "end": {
          "line": 46,
          "column": 41
        }
      },
      "73": {
        "start": {
          "line": 46,
          "column": 54
        },
        "end": {
          "line": 46,
          "column": 64
        }
      },
      "74": {
        "start": {
          "line": 47,
          "column": 8
        },
        "end": {
          "line": 47,
          "column": 35
        }
      },
      "75": {
        "start": {
          "line": 47,
          "column": 23
        },
        "end": {
          "line": 47,
          "column": 35
        }
      },
      "76": {
        "start": {
          "line": 47,
          "column": 36
        },
        "end": {
          "line": 47,
          "column": 89
        }
      },
      "77": {
        "start": {
          "line": 50,
          "column": 0
        },
        "end": {
          "line": 50,
          "column": 62
        }
      },
      "78": {
        "start": {
          "line": 51,
          "column": 0
        },
        "end": {
          "line": 51,
          "column": 65
        }
      },
      "79": {
        "start": {
          "line": 52,
          "column": 9
        },
        "end": {
          "line": 52,
          "column": 22
        }
      },
      "80": {
        "start": {
          "line": 53,
          "column": 11
        },
        "end": {
          "line": 53,
          "column": 26
        }
      },
      "81": {
        "start": {
          "line": 54,
          "column": 10
        },
        "end": {
          "line": 54,
          "column": 24
        }
      },
      "82": {
        "start": {
          "line": 55,
          "column": 18
        },
        "end": {
          "line": 55,
          "column": 52
        }
      },
      "83": {
        "start": {
          "line": 56,
          "column": 24
        },
        "end": {
          "line": 56,
          "column": 50
        }
      },
      "84": {
        "start": {
          "line": 57,
          "column": 14
        },
        "end": {
          "line": 57,
          "column": 32
        }
      },
      "85": {
        "start": {
          "line": 58,
          "column": 16
        },
        "end": {
          "line": 68,
          "column": 1
        }
      },
      "86": {
        "start": {
          "line": 59,
          "column": 4
        },
        "end": {
          "line": 61,
          "column": 5
        }
      },
      "87": {
        "start": {
          "line": 60,
          "column": 8
        },
        "end": {
          "line": 60,
          "column": 22
        }
      },
      "88": {
        "start": {
          "line": 62,
          "column": 4
        },
        "end": {
          "line": 67,
          "column": 5
        }
      },
      "89": {
        "start": {
          "line": 63,
          "column": 8
        },
        "end": {
          "line": 63,
          "column": 25
        }
      },
      "90": {
        "start": {
          "line": 66,
          "column": 8
        },
        "end": {
          "line": 66,
          "column": 37
        }
      },
      "91": {
        "start": {
          "line": 69,
          "column": 28
        },
        "end": {
          "line": 247,
          "column": 3
        }
      },
      "92": {
        "start": {
          "line": 71,
          "column": 20
        },
        "end": {
          "line": 71,
          "column": 24
        }
      },
      "93": {
        "start": {
          "line": 72,
          "column": 8
        },
        "end": {
          "line": 72,
          "column": 51
        }
      },
      "94": {
        "start": {
          "line": 72,
          "column": 35
        },
        "end": {
          "line": 72,
          "column": 49
        }
      },
      "95": {
        "start": {
          "line": 73,
          "column": 8
        },
        "end": {
          "line": 73,
          "column": 61
        }
      },
      "96": {
        "start": {
          "line": 73,
          "column": 35
        },
        "end": {
          "line": 73,
          "column": 59
        }
      },
      "97": {
        "start": {
          "line": 74,
          "column": 8
        },
        "end": {
          "line": 74,
          "column": 33
        }
      },
      "98": {
        "start": {
          "line": 75,
          "column": 8
        },
        "end": {
          "line": 75,
          "column": 33
        }
      },
      "99": {
        "start": {
          "line": 76,
          "column": 8
        },
        "end": {
          "line": 76,
          "column": 29
        }
      },
      "100": {
        "start": {
          "line": 77,
          "column": 8
        },
        "end": {
          "line": 77,
          "column": 28
        }
      },
      "101": {
        "start": {
          "line": 78,
          "column": 8
        },
        "end": {
          "line": 123,
          "column": 10
        }
      },
      "102": {
        "start": {
          "line": 79,
          "column": 12
        },
        "end": {
          "line": 122,
          "column": 13
        }
      },
      "103": {
        "start": {
          "line": 80,
          "column": 28
        },
        "end": {
          "line": 80,
          "column": 143
        }
      },
      "104": {
        "start": {
          "line": 81,
          "column": 16
        },
        "end": {
          "line": 85,
          "column": 19
        }
      },
      "105": {
        "start": {
          "line": 87,
          "column": 17
        },
        "end": {
          "line": 122,
          "column": 13
        }
      },
      "106": {
        "start": {
          "line": 88,
          "column": 35
        },
        "end": {
          "line": 88,
          "column": 61
        }
      },
      "107": {
        "start": {
          "line": 89,
          "column": 31
        },
        "end": {
          "line": 89,
          "column": 384
        }
      },
      "108": {
        "start": {
          "line": 90,
          "column": 39
        },
        "end": {
          "line": 90,
          "column": 41
        }
      },
      "109": {
        "start": {
          "line": 91,
          "column": 16
        },
        "end": {
          "line": 96,
          "column": 17
        }
      },
      "110": {
        "start": {
          "line": 91,
          "column": 30
        },
        "end": {
          "line": 91,
          "column": 31
        }
      },
      "111": {
        "start": {
          "line": 91,
          "column": 38
        },
        "end": {
          "line": 91,
          "column": 65
        }
      },
      "112": {
        "start": {
          "line": 92,
          "column": 30
        },
        "end": {
          "line": 92,
          "column": 40
        }
      },
      "113": {
        "start": {
          "line": 93,
          "column": 20
        },
        "end": {
          "line": 95,
          "column": 21
        }
      },
      "114": {
        "start": {
          "line": 94,
          "column": 24
        },
        "end": {
          "line": 94,
          "column": 51
        }
      },
      "115": {
        "start": {
          "line": 97,
          "column": 34
        },
        "end": {
          "line": 97,
          "column": 36
        }
      },
      "116": {
        "start": {
          "line": 98,
          "column": 16
        },
        "end": {
          "line": 110,
          "column": 17
        }
      },
      "117": {
        "start": {
          "line": 98,
          "column": 30
        },
        "end": {
          "line": 98,
          "column": 31
        }
      },
      "118": {
        "start": {
          "line": 98,
          "column": 38
        },
        "end": {
          "line": 98,
          "column": 64
        }
      },
      "119": {
        "start": {
          "line": 99,
          "column": 33
        },
        "end": {
          "line": 99,
          "column": 39
        }
      },
      "120": {
        "start": {
          "line": 103,
          "column": 20
        },
        "end": {
          "line": 109,
          "column": 21
        }
      },
      "121": {
        "start": {
          "line": 105,
          "column": 24
        },
        "end": {
          "line": 108,
          "column": 27
        }
      },
      "122": {
        "start": {
          "line": 111,
          "column": 16
        },
        "end": {
          "line": 121,
          "column": 17
        }
      },
      "123": {
        "start": {
          "line": 112,
          "column": 20
        },
        "end": {
          "line": 120,
          "column": 23
        }
      },
      "124": {
        "start": {
          "line": 124,
          "column": 8
        },
        "end": {
          "line": 132,
          "column": 10
        }
      },
      "125": {
        "start": {
          "line": 125,
          "column": 12
        },
        "end": {
          "line": 131,
          "column": 13
        }
      },
      "126": {
        "start": {
          "line": 126,
          "column": 16
        },
        "end": {
          "line": 126,
          "column": 28
        }
      },
      "127": {
        "start": {
          "line": 129,
          "column": 16
        },
        "end": {
          "line": 129,
          "column": 34
        }
      },
      "128": {
        "start": {
          "line": 130,
          "column": 16
        },
        "end": {
          "line": 130,
          "column": 28
        }
      },
      "129": {
        "start": {
          "line": 133,
          "column": 8
        },
        "end": {
          "line": 139,
          "column": 10
        }
      },
      "130": {
        "start": {
          "line": 135,
          "column": 12
        },
        "end": {
          "line": 138,
          "column": 13
        }
      },
      "131": {
        "start": {
          "line": 135,
          "column": 26
        },
        "end": {
          "line": 135,
          "column": 27
        }
      },
      "132": {
        "start": {
          "line": 135,
          "column": 34
        },
        "end": {
          "line": 135,
          "column": 50
        }
      },
      "133": {
        "start": {
          "line": 136,
          "column": 31
        },
        "end": {
          "line": 136,
          "column": 37
        }
      },
      "134": {
        "start": {
          "line": 137,
          "column": 16
        },
        "end": {
          "line": 137,
          "column": 32
        }
      },
      "135": {
        "start": {
          "line": 140,
          "column": 17
        },
        "end": {
          "line": 157,
          "column": 23
        }
      },
      "136": {
        "start": {
          "line": 142,
          "column": 16
        },
        "end": {
          "line": 142,
          "column": 61
        }
      },
      "137": {
        "start": {
          "line": 145,
          "column": 16
        },
        "end": {
          "line": 154,
          "column": 17
        }
      },
      "138": {
        "start": {
          "line": 146,
          "column": 32
        },
        "end": {
          "line": 146,
          "column": 44
        }
      },
      "139": {
        "start": {
          "line": 149,
          "column": 20
        },
        "end": {
          "line": 149,
          "column": 90
        }
      },
      "140": {
        "start": {
          "line": 152,
          "column": 20
        },
        "end": {
          "line": 152,
          "column": 37
        }
      },
      "141": {
        "start": {
          "line": 153,
          "column": 20
        },
        "end": {
          "line": 153,
          "column": 33
        }
      },
      "142": {
        "start": {
          "line": 158,
          "column": 25
        },
        "end": {
          "line": 162,
          "column": 9
        }
      },
      "143": {
        "start": {
          "line": 159,
          "column": 12
        },
        "end": {
          "line": 159,
          "column": 101
        }
      },
      "144": {
        "start": {
          "line": 161,
          "column": 12
        },
        "end": {
          "line": 161,
          "column": 56
        }
      },
      "145": {
        "start": {
          "line": 163,
          "column": 8
        },
        "end": {
          "line": 163,
          "column": 21
        }
      },
      "146": {
        "start": {
          "line": 164,
          "column": 8
        },
        "end": {
          "line": 164,
          "column": 42
        }
      },
      "147": {
        "start": {
          "line": 166,
          "column": 4
        },
        "end": {
          "line": 178,
          "column": 6
        }
      },
      "148": {
        "start": {
          "line": 167,
          "column": 20
        },
        "end": {
          "line": 167,
          "column": 24
        }
      },
      "149": {
        "start": {
          "line": 168,
          "column": 8
        },
        "end": {
          "line": 170,
          "column": 9
        }
      },
      "150": {
        "start": {
          "line": 169,
          "column": 12
        },
        "end": {
          "line": 169,
          "column": 60
        }
      },
      "151": {
        "start": {
          "line": 171,
          "column": 8
        },
        "end": {
          "line": 171,
          "column": 39
        }
      },
      "152": {
        "start": {
          "line": 172,
          "column": 8
        },
        "end": {
          "line": 177,
          "column": 10
        }
      },
      "153": {
        "start": {
          "line": 173,
          "column": 20
        },
        "end": {
          "line": 173,
          "column": 54
        }
      },
      "154": {
        "start": {
          "line": 174,
          "column": 12
        },
        "end": {
          "line": 176,
          "column": 13
        }
      },
      "155": {
        "start": {
          "line": 175,
          "column": 16
        },
        "end": {
          "line": 175,
          "column": 46
        }
      },
      "156": {
        "start": {
          "line": 179,
          "column": 4
        },
        "end": {
          "line": 181,
          "column": 6
        }
      },
      "157": {
        "start": {
          "line": 180,
          "column": 8
        },
        "end": {
          "line": 180,
          "column": 55
        }
      },
      "158": {
        "start": {
          "line": 182,
          "column": 4
        },
        "end": {
          "line": 185,
          "column": 6
        }
      },
      "159": {
        "start": {
          "line": 183,
          "column": 20
        },
        "end": {
          "line": 183,
          "column": 24
        }
      },
      "160": {
        "start": {
          "line": 184,
          "column": 8
        },
        "end": {
          "line": 184,
          "column": 89
        }
      },
      "161": {
        "start": {
          "line": 184,
          "column": 44
        },
        "end": {
          "line": 184,
          "column": 85
        }
      },
      "162": {
        "start": {
          "line": 186,
          "column": 4
        },
        "end": {
          "line": 189,
          "column": 6
        }
      },
      "163": {
        "start": {
          "line": 187,
          "column": 20
        },
        "end": {
          "line": 187,
          "column": 24
        }
      },
      "164": {
        "start": {
          "line": 188,
          "column": 8
        },
        "end": {
          "line": 188,
          "column": 103
        }
      },
      "165": {
        "start": {
          "line": 188,
          "column": 44
        },
        "end": {
          "line": 188,
          "column": 99
        }
      },
      "166": {
        "start": {
          "line": 190,
          "column": 4
        },
        "end": {
          "line": 196,
          "column": 6
        }
      },
      "167": {
        "start": {
          "line": 191,
          "column": 20
        },
        "end": {
          "line": 191,
          "column": 24
        }
      },
      "168": {
        "start": {
          "line": 192,
          "column": 8
        },
        "end": {
          "line": 195,
          "column": 11
        }
      },
      "169": {
        "start": {
          "line": 193,
          "column": 22
        },
        "end": {
          "line": 193,
          "column": 88
        }
      },
      "170": {
        "start": {
          "line": 194,
          "column": 12
        },
        "end": {
          "line": 194,
          "column": 23
        }
      },
      "171": {
        "start": {
          "line": 197,
          "column": 4
        },
        "end": {
          "line": 199,
          "column": 6
        }
      },
      "172": {
        "start": {
          "line": 198,
          "column": 8
        },
        "end": {
          "line": 198,
          "column": 35
        }
      },
      "173": {
        "start": {
          "line": 200,
          "column": 4
        },
        "end": {
          "line": 205,
          "column": 6
        }
      },
      "174": {
        "start": {
          "line": 201,
          "column": 8
        },
        "end": {
          "line": 203,
          "column": 9
        }
      },
      "175": {
        "start": {
          "line": 202,
          "column": 12
        },
        "end": {
          "line": 202,
          "column": 56
        }
      },
      "176": {
        "start": {
          "line": 204,
          "column": 8
        },
        "end": {
          "line": 204,
          "column": 45
        }
      },
      "177": {
        "start": {
          "line": 206,
          "column": 4
        },
        "end": {
          "line": 216,
          "column": 6
        }
      },
      "178": {
        "start": {
          "line": 207,
          "column": 20
        },
        "end": {
          "line": 207,
          "column": 24
        }
      },
      "179": {
        "start": {
          "line": 208,
          "column": 8
        },
        "end": {
          "line": 215,
          "column": 11
        }
      },
      "180": {
        "start": {
          "line": 209,
          "column": 26
        },
        "end": {
          "line": 214,
          "column": 14
        }
      },
      "181": {
        "start": {
          "line": 210,
          "column": 16
        },
        "end": {
          "line": 213,
          "column": 17
        }
      },
      "182": {
        "start": {
          "line": 211,
          "column": 20
        },
        "end": {
          "line": 211,
          "column": 30
        }
      },
      "183": {
        "start": {
          "line": 212,
          "column": 20
        },
        "end": {
          "line": 212,
          "column": 40
        }
      },
      "184": {
        "start": {
          "line": 217,
          "column": 4
        },
        "end": {
          "line": 232,
          "column": 6
        }
      },
      "185": {
        "start": {
          "line": 219,
          "column": 30
        },
        "end": {
          "line": 219,
          "column": 53
        }
      },
      "186": {
        "start": {
          "line": 220,
          "column": 19
        },
        "end": {
          "line": 220,
          "column": 21
        }
      },
      "187": {
        "start": {
          "line": 221,
          "column": 8
        },
        "end": {
          "line": 230,
          "column": 9
        }
      },
      "188": {
        "start": {
          "line": 221,
          "column": 22
        },
        "end": {
          "line": 221,
          "column": 23
        }
      },
      "189": {
        "start": {
          "line": 221,
          "column": 45
        },
        "end": {
          "line": 221,
          "column": 60
        }
      },
      "190": {
        "start": {
          "line": 222,
          "column": 25
        },
        "end": {
          "line": 222,
          "column": 46
        }
      },
      "191": {
        "start": {
          "line": 223,
          "column": 23
        },
        "end": {
          "line": 223,
          "column": 45
        }
      },
      "192": {
        "start": {
          "line": 224,
          "column": 12
        },
        "end": {
          "line": 229,
          "column": 13
        }
      },
      "193": {
        "start": {
          "line": 225,
          "column": 16
        },
        "end": {
          "line": 225,
          "column": 86
        }
      },
      "194": {
        "start": {
          "line": 228,
          "column": 16
        },
        "end": {
          "line": 228,
          "column": 62
        }
      },
      "195": {
        "start": {
          "line": 231,
          "column": 8
        },
        "end": {
          "line": 231,
          "column": 20
        }
      },
      "196": {
        "start": {
          "line": 233,
          "column": 4
        },
        "end": {
          "line": 245,
          "column": 6
        }
      },
      "197": {
        "start": {
          "line": 234,
          "column": 8
        },
        "end": {
          "line": 244,
          "column": 11
        }
      },
      "198": {
        "start": {
          "line": 236,
          "column": 24
        },
        "end": {
          "line": 236,
          "column": 28
        }
      },
      "199": {
        "start": {
          "line": 237,
          "column": 12
        },
        "end": {
          "line": 243,
          "column": 15
        }
      },
      "200": {
        "start": {
          "line": 238,
          "column": 16
        },
        "end": {
          "line": 238,
          "column": 99
        }
      },
      "201": {
        "start": {
          "line": 238,
          "column": 54
        },
        "end": {
          "line": 238,
          "column": 95
        }
      },
      "202": {
        "start": {
          "line": 239,
          "column": 16
        },
        "end": {
          "line": 241,
          "column": 17
        }
      },
      "203": {
        "start": {
          "line": 240,
          "column": 20
        },
        "end": {
          "line": 240,
          "column": 72
        }
      },
      "204": {
        "start": {
          "line": 242,
          "column": 16
        },
        "end": {
          "line": 242,
          "column": 68
        }
      },
      "205": {
        "start": {
          "line": 246,
          "column": 4
        },
        "end": {
          "line": 246,
          "column": 18
        }
      },
      "206": {
        "start": {
          "line": 248,
          "column": 0
        },
        "end": {
          "line": 248,
          "column": 24
        }
      },
      "207": {
        "start": {
          "line": 249,
          "column": 30
        },
        "end": {
          "line": 254,
          "column": 1
        }
      },
      "208": {
        "start": {
          "line": 250,
          "column": 19
        },
        "end": {
          "line": 250,
          "column": 41
        }
      },
      "209": {
        "start": {
          "line": 251,
          "column": 14
        },
        "end": {
          "line": 251,
          "column": 36
        }
      },
      "210": {
        "start": {
          "line": 252,
          "column": 19
        },
        "end": {
          "line": 252,
          "column": 42
        }
      },
      "211": {
        "start": {
          "line": 253,
          "column": 4
        },
        "end": {
          "line": 253,
          "column": 50
        }
      },
      "212": {
        "start": {
          "line": 255,
          "column": 0
        },
        "end": {
          "line": 261,
          "column": 2
        }
      },
      "213": {
        "start": {
          "line": 256,
          "column": 4
        },
        "end": {
          "line": 260,
          "column": 7
        }
      },
      "214": {
        "start": {
          "line": 257,
          "column": 8
        },
        "end": {
          "line": 259,
          "column": 9
        }
      },
      "215": {
        "start": {
          "line": 258,
          "column": 12
        },
        "end": {
          "line": 258,
          "column": 92
        }
      }
    },
    "fnMap": {
      "0": {
        "name": "(anonymous_0)",
        "decl": {
          "start": {
            "line": 3,
            "column": 42
          },
          "end": {
            "line": 3,
            "column": 43
          }
        },
        "loc": {
          "start": {
            "line": 3,
            "column": 54
          },
          "end": {
            "line": 13,
            "column": 1
          }
        },
        "line": 3
      },
      "1": {
        "name": "(anonymous_1)",
        "decl": {
          "start": {
            "line": 4,
            "column": 32
          },
          "end": {
            "line": 4,
            "column": 33
          }
        },
        "loc": {
          "start": {
            "line": 4,
            "column": 44
          },
          "end": {
            "line": 11,
            "column": 5
          }
        },
        "line": 4
      },
      "2": {
        "name": "(anonymous_2)",
        "decl": {
          "start": {
            "line": 14,
            "column": 44
          },
          "end": {
            "line": 14,
            "column": 45
          }
        },
        "loc": {
          "start": {
            "line": 14,
            "column": 89
          },
          "end": {
            "line": 22,
            "column": 1
          }
        },
        "line": 14
      },
      "3": {
        "name": "adopt",
        "decl": {
          "start": {
            "line": 15,
            "column": 13
          },
          "end": {
            "line": 15,
            "column": 18
          }
        },
        "loc": {
          "start": {
            "line": 15,
            "column": 26
          },
          "end": {
            "line": 15,
            "column": 112
          }
        },
        "line": 15
      },
      "4": {
        "name": "(anonymous_4)",
        "decl": {
          "start": {
            "line": 15,
            "column": 70
          },
          "end": {
            "line": 15,
            "column": 71
          }
        },
        "loc": {
          "start": {
            "line": 15,
            "column": 89
          },
          "end": {
            "line": 15,
            "column": 108
          }
        },
        "line": 15
      },
      "5": {
        "name": "(anonymous_5)",
        "decl": {
          "start": {
            "line": 16,
            "column": 36
          },
          "end": {
            "line": 16,
            "column": 37
          }
        },
        "loc": {
          "start": {
            "line": 16,
            "column": 63
          },
          "end": {
            "line": 21,
            "column": 5
          }
        },
        "line": 16
      },
      "6": {
        "name": "fulfilled",
        "decl": {
          "start": {
            "line": 17,
            "column": 17
          },
          "end": {
            "line": 17,
            "column": 26
          }
        },
        "loc": {
          "start": {
            "line": 17,
            "column": 34
          },
          "end": {
            "line": 17,
            "column": 99
          }
        },
        "line": 17
      },
      "7": {
        "name": "rejected",
        "decl": {
          "start": {
            "line": 18,
            "column": 17
          },
          "end": {
            "line": 18,
            "column": 25
          }
        },
        "loc": {
          "start": {
            "line": 18,
            "column": 33
          },
          "end": {
            "line": 18,
            "column": 102
          }
        },
        "line": 18
      },
      "8": {
        "name": "step",
        "decl": {
          "start": {
            "line": 19,
            "column": 17
          },
          "end": {
            "line": 19,
            "column": 21
          }
        },
        "loc": {
          "start": {
            "line": 19,
            "column": 30
          },
          "end": {
            "line": 19,
            "column": 118
          }
        },
        "line": 19
      },
      "9": {
        "name": "(anonymous_9)",
        "decl": {
          "start": {
            "line": 23,
            "column": 48
          },
          "end": {
            "line": 23,
            "column": 49
          }
        },
        "loc": {
          "start": {
            "line": 23,
            "column": 73
          },
          "end": {
            "line": 49,
            "column": 1
          }
        },
        "line": 23
      },
      "10": {
        "name": "(anonymous_10)",
        "decl": {
          "start": {
            "line": 24,
            "column": 30
          },
          "end": {
            "line": 24,
            "column": 31
          }
        },
        "loc": {
          "start": {
            "line": 24,
            "column": 41
          },
          "end": {
            "line": 24,
            "column": 83
          }
        },
        "line": 24
      },
      "11": {
        "name": "(anonymous_11)",
        "decl": {
          "start": {
            "line": 25,
            "column": 125
          },
          "end": {
            "line": 25,
            "column": 126
          }
        },
        "loc": {
          "start": {
            "line": 25,
            "column": 136
          },
          "end": {
            "line": 25,
            "column": 152
          }
        },
        "line": 25
      },
      "12": {
        "name": "verb",
        "decl": {
          "start": {
            "line": 26,
            "column": 13
          },
          "end": {
            "line": 26,
            "column": 17
          }
        },
        "loc": {
          "start": {
            "line": 26,
            "column": 21
          },
          "end": {
            "line": 26,
            "column": 70
          }
        },
        "line": 26
      },
      "13": {
        "name": "(anonymous_13)",
        "decl": {
          "start": {
            "line": 26,
            "column": 30
          },
          "end": {
            "line": 26,
            "column": 31
          }
        },
        "loc": {
          "start": {
            "line": 26,
            "column": 43
          },
          "end": {
            "line": 26,
            "column": 67
          }
        },
        "line": 26
      },
      "14": {
        "name": "step",
        "decl": {
          "start": {
            "line": 27,
            "column": 13
          },
          "end": {
            "line": 27,
            "column": 17
          }
        },
        "loc": {
          "start": {
            "line": 27,
            "column": 22
          },
          "end": {
            "line": 48,
            "column": 5
          }
        },
        "line": 27
      },
      "15": {
        "name": "(anonymous_15)",
        "decl": {
          "start": {
            "line": 58,
            "column": 16
          },
          "end": {
            "line": 58,
            "column": 17
          }
        },
        "loc": {
          "start": {
            "line": 58,
            "column": 34
          },
          "end": {
            "line": 68,
            "column": 1
          }
        },
        "line": 58
      },
      "16": {
        "name": "(anonymous_16)",
        "decl": {
          "start": {
            "line": 69,
            "column": 28
          },
          "end": {
            "line": 69,
            "column": 29
          }
        },
        "loc": {
          "start": {
            "line": 69,
            "column": 40
          },
          "end": {
            "line": 247,
            "column": 1
          }
        },
        "line": 69
      },
      "17": {
        "name": "Engine",
        "decl": {
          "start": {
            "line": 70,
            "column": 13
          },
          "end": {
            "line": 70,
            "column": 19
          }
        },
        "loc": {
          "start": {
            "line": 70,
            "column": 40
          },
          "end": {
            "line": 165,
            "column": 5
          }
        },
        "line": 70
      },
      "18": {
        "name": "(anonymous_18)",
        "decl": {
          "start": {
            "line": 78,
            "column": 30
          },
          "end": {
            "line": 78,
            "column": 31
          }
        },
        "loc": {
          "start": {
            "line": 78,
            "column": 47
          },
          "end": {
            "line": 123,
            "column": 9
          }
        },
        "line": 78
      },
      "19": {
        "name": "(anonymous_19)",
        "decl": {
          "start": {
            "line": 124,
            "column": 25
          },
          "end": {
            "line": 124,
            "column": 26
          }
        },
        "loc": {
          "start": {
            "line": 124,
            "column": 39
          },
          "end": {
            "line": 132,
            "column": 9
          }
        },
        "line": 124
      },
      "20": {
        "name": "(anonymous_20)",
        "decl": {
          "start": {
            "line": 133,
            "column": 25
          },
          "end": {
            "line": 133,
            "column": 26
          }
        },
        "loc": {
          "start": {
            "line": 133,
            "column": 42
          },
          "end": {
            "line": 139,
            "column": 9
          }
        },
        "line": 133
      },
      "21": {
        "name": "(anonymous_21)",
        "decl": {
          "start": {
            "line": 141,
            "column": 22
          },
          "end": {
            "line": 141,
            "column": 23
          }
        },
        "loc": {
          "start": {
            "line": 141,
            "column": 37
          },
          "end": {
            "line": 143,
            "column": 13
          }
        },
        "line": 141
      },
      "22": {
        "name": "(anonymous_22)",
        "decl": {
          "start": {
            "line": 144,
            "column": 24
          },
          "end": {
            "line": 144,
            "column": 25
          }
        },
        "loc": {
          "start": {
            "line": 144,
            "column": 39
          },
          "end": {
            "line": 155,
            "column": 13
          }
        },
        "line": 144
      },
      "23": {
        "name": "(anonymous_23)",
        "decl": {
          "start": {
            "line": 158,
            "column": 25
          },
          "end": {
            "line": 158,
            "column": 26
          }
        },
        "loc": {
          "start": {
            "line": 158,
            "column": 37
          },
          "end": {
            "line": 162,
            "column": 9
          }
        },
        "line": 158
      },
      "24": {
        "name": "(anonymous_24)",
        "decl": {
          "start": {
            "line": 166,
            "column": 31
          },
          "end": {
            "line": 166,
            "column": 32
          }
        },
        "loc": {
          "start": {
            "line": 166,
            "column": 51
          },
          "end": {
            "line": 178,
            "column": 5
          }
        },
        "line": 166
      },
      "25": {
        "name": "(anonymous_25)",
        "decl": {
          "start": {
            "line": 172,
            "column": 15
          },
          "end": {
            "line": 172,
            "column": 16
          }
        },
        "loc": {
          "start": {
            "line": 172,
            "column": 27
          },
          "end": {
            "line": 177,
            "column": 9
          }
        },
        "line": 172
      },
      "26": {
        "name": "(anonymous_26)",
        "decl": {
          "start": {
            "line": 179,
            "column": 33
          },
          "end": {
            "line": 179,
            "column": 34
          }
        },
        "loc": {
          "start": {
            "line": 179,
            "column": 48
          },
          "end": {
            "line": 181,
            "column": 5
          }
        },
        "line": 179
      },
      "27": {
        "name": "(anonymous_27)",
        "decl": {
          "start": {
            "line": 182,
            "column": 36
          },
          "end": {
            "line": 182,
            "column": 37
          }
        },
        "loc": {
          "start": {
            "line": 182,
            "column": 51
          },
          "end": {
            "line": 185,
            "column": 5
          }
        },
        "line": 182
      },
      "28": {
        "name": "(anonymous_28)",
        "decl": {
          "start": {
            "line": 184,
            "column": 30
          },
          "end": {
            "line": 184,
            "column": 31
          }
        },
        "loc": {
          "start": {
            "line": 184,
            "column": 42
          },
          "end": {
            "line": 184,
            "column": 87
          }
        },
        "line": 184
      },
      "29": {
        "name": "(anonymous_29)",
        "decl": {
          "start": {
            "line": 186,
            "column": 36
          },
          "end": {
            "line": 186,
            "column": 37
          }
        },
        "loc": {
          "start": {
            "line": 186,
            "column": 55
          },
          "end": {
            "line": 189,
            "column": 5
          }
        },
        "line": 186
      },
      "30": {
        "name": "(anonymous_30)",
        "decl": {
          "start": {
            "line": 188,
            "column": 30
          },
          "end": {
            "line": 188,
            "column": 31
          }
        },
        "loc": {
          "start": {
            "line": 188,
            "column": 42
          },
          "end": {
            "line": 188,
            "column": 101
          }
        },
        "line": 188
      },
      "31": {
        "name": "(anonymous_31)",
        "decl": {
          "start": {
            "line": 190,
            "column": 48
          },
          "end": {
            "line": 190,
            "column": 49
          }
        },
        "loc": {
          "start": {
            "line": 190,
            "column": 72
          },
          "end": {
            "line": 196,
            "column": 5
          }
        },
        "line": 190
      },
      "32": {
        "name": "(anonymous_32)",
        "decl": {
          "start": {
            "line": 192,
            "column": 30
          },
          "end": {
            "line": 192,
            "column": 31
          }
        },
        "loc": {
          "start": {
            "line": 192,
            "column": 42
          },
          "end": {
            "line": 195,
            "column": 9
          }
        },
        "line": 192
      },
      "33": {
        "name": "(anonymous_33)",
        "decl": {
          "start": {
            "line": 197,
            "column": 37
          },
          "end": {
            "line": 197,
            "column": 38
          }
        },
        "loc": {
          "start": {
            "line": 197,
            "column": 52
          },
          "end": {
            "line": 199,
            "column": 5
          }
        },
        "line": 197
      },
      "34": {
        "name": "(anonymous_34)",
        "decl": {
          "start": {
            "line": 200,
            "column": 42
          },
          "end": {
            "line": 200,
            "column": 43
          }
        },
        "loc": {
          "start": {
            "line": 200,
            "column": 57
          },
          "end": {
            "line": 205,
            "column": 5
          }
        },
        "line": 200
      },
      "35": {
        "name": "(anonymous_35)",
        "decl": {
          "start": {
            "line": 206,
            "column": 43
          },
          "end": {
            "line": 206,
            "column": 44
          }
        },
        "loc": {
          "start": {
            "line": 206,
            "column": 58
          },
          "end": {
            "line": 216,
            "column": 5
          }
        },
        "line": 206
      },
      "36": {
        "name": "(anonymous_36)",
        "decl": {
          "start": {
            "line": 208,
            "column": 27
          },
          "end": {
            "line": 208,
            "column": 28
          }
        },
        "loc": {
          "start": {
            "line": 208,
            "column": 46
          },
          "end": {
            "line": 215,
            "column": 9
          }
        },
        "line": 208
      },
      "37": {
        "name": "(anonymous_37)",
        "decl": {
          "start": {
            "line": 209,
            "column": 40
          },
          "end": {
            "line": 209,
            "column": 41
          }
        },
        "loc": {
          "start": {
            "line": 209,
            "column": 57
          },
          "end": {
            "line": 214,
            "column": 13
          }
        },
        "line": 209
      },
      "38": {
        "name": "(anonymous_38)",
        "decl": {
          "start": {
            "line": 217,
            "column": 41
          },
          "end": {
            "line": 217,
            "column": 42
          }
        },
        "loc": {
          "start": {
            "line": 217,
            "column": 55
          },
          "end": {
            "line": 232,
            "column": 5
          }
        },
        "line": 217
      },
      "39": {
        "name": "(anonymous_39)",
        "decl": {
          "start": {
            "line": 233,
            "column": 27
          },
          "end": {
            "line": 233,
            "column": 28
          }
        },
        "loc": {
          "start": {
            "line": 233,
            "column": 42
          },
          "end": {
            "line": 245,
            "column": 5
          }
        },
        "line": 233
      },
      "40": {
        "name": "(anonymous_40)",
        "decl": {
          "start": {
            "line": 234,
            "column": 47
          },
          "end": {
            "line": 234,
            "column": 48
          }
        },
        "loc": {
          "start": {
            "line": 234,
            "column": 59
          },
          "end": {
            "line": 244,
            "column": 9
          }
        },
        "line": 234
      },
      "41": {
        "name": "(anonymous_41)",
        "decl": {
          "start": {
            "line": 237,
            "column": 37
          },
          "end": {
            "line": 237,
            "column": 38
          }
        },
        "loc": {
          "start": {
            "line": 237,
            "column": 51
          },
          "end": {
            "line": 243,
            "column": 13
          }
        },
        "line": 237
      },
      "42": {
        "name": "(anonymous_42)",
        "decl": {
          "start": {
            "line": 238,
            "column": 40
          },
          "end": {
            "line": 238,
            "column": 41
          }
        },
        "loc": {
          "start": {
            "line": 238,
            "column": 52
          },
          "end": {
            "line": 238,
            "column": 97
          }
        },
        "line": 238
      },
      "43": {
        "name": "(anonymous_43)",
        "decl": {
          "start": {
            "line": 249,
            "column": 30
          },
          "end": {
            "line": 249,
            "column": 31
          }
        },
        "loc": {
          "start": {
            "line": 249,
            "column": 45
          },
          "end": {
            "line": 254,
            "column": 1
          }
        },
        "line": 249
      },
      "44": {
        "name": "(anonymous_44)",
        "decl": {
          "start": {
            "line": 255,
            "column": 41
          },
          "end": {
            "line": 255,
            "column": 42
          }
        },
        "loc": {
          "start": {
            "line": 255,
            "column": 68
          },
          "end": {
            "line": 261,
            "column": 1
          }
        },
        "line": 255
      },
      "45": {
        "name": "(anonymous_45)",
        "decl": {
          "start": {
            "line": 256,
            "column": 28
          },
          "end": {
            "line": 256,
            "column": 29
          }
        },
        "loc": {
          "start": {
            "line": 256,
            "column": 49
          },
          "end": {
            "line": 260,
            "column": 5
          }
        },
        "line": 256
      }
    },
    "branchMap": {
      "0": {
        "loc": {
          "start": {
            "line": 3,
            "column": 15
          },
          "end": {
            "line": 13,
            "column": 1
          }
        },
        "type": "binary-expr",
        "locations": [
          {
            "start": {
              "line": 3,
              "column": 16
            },
            "end": {
              "line": 3,
              "column": 20
            }
          },
          {
            "start": {
              "line": 3,
              "column": 24
            },
            "end": {
              "line": 3,
              "column": 37
            }
          },
          {
            "start": {
              "line": 3,
              "column": 42
            },
            "end": {
              "line": 13,
              "column": 1
            }
          }
        ],
        "line": 3
      },
      "1": {
        "loc": {
          "start": {
            "line": 4,
            "column": 15
          },
          "end": {
            "line": 11,
            "column": 5
          }
        },
        "type": "binary-expr",
        "locations": [
          {
            "start": {
              "line": 4,
              "column": 15
            },
            "end": {
              "line": 4,
              "column": 28
            }
          },
          {
            "start": {
              "line": 4,
              "column": 32
            },
            "end": {
              "line": 11,
              "column": 5
            }
          }
        ],
        "line": 4
      },
      "2": {
        "loc": {
          "start": {
            "line": 7,
            "column": 29
          },
          "end": {
            "line": 8,
            "column": 28
          }
        },
        "type": "if",
        "locations": [
          {
            "start": {
              "line": 7,
              "column": 29
            },
            "end": {
              "line": 8,
              "column": 28
            }
          },
          {
            "start": {
              "line": 7,
              "column": 29
            },
            "end": {
              "line": 8,
              "column": 28
            }
          }
        ],
        "line": 7
      },
      "3": {
        "loc": {
          "start": {
            "line": 14,
            "column": 16
          },
          "end": {
            "line": 22,
            "column": 1
          }
        },
        "type": "binary-expr",
        "locations": [
          {
            "start": {
              "line": 14,
              "column": 17
            },
            "end": {
              "line": 14,
              "column": 21
            }
          },
          {
            "start": {
              "line": 14,
              "column": 25
            },
            "end": {
              "line": 14,
              "column": 39
            }
          },
          {
            "start": {
              "line": 14,
              "column": 44
            },
            "end": {
              "line": 22,
              "column": 1
            }
          }
        ],
        "line": 14
      },
      "4": {
        "loc": {
          "start": {
            "line": 15,
            "column": 35
          },
          "end": {
            "line": 15,
            "column": 109
          }
        },
        "type": "cond-expr",
        "locations": [
          {
            "start": {
              "line": 15,
              "column": 56
            },
            "end": {
              "line": 15,
              "column": 61
            }
          },
          {
            "start": {
              "line": 15,
              "column": 64
            },
            "end": {
              "line": 15,
              "column": 109
            }
          }
        ],
        "line": 15
      },
      "5": {
        "loc": {
          "start": {
            "line": 16,
            "column": 16
          },
          "end": {
            "line": 16,
            "column": 34
          }
        },
        "type": "binary-expr",
        "locations": [
          {
            "start": {
              "line": 16,
              "column": 16
            },
            "end": {
              "line": 16,
              "column": 17
            }
          },
          {
            "start": {
              "line": 16,
              "column": 22
            },
            "end": {
              "line": 16,
              "column": 33
            }
          }
        ],
        "line": 16
      },
      "6": {
        "loc": {
          "start": {
            "line": 19,
            "column": 32
          },
          "end": {
            "line": 19,
            "column": 115
          }
        },
        "type": "cond-expr",
        "locations": [
          {
            "start": {
              "line": 19,
              "column": 46
            },
            "end": {
              "line": 19,
              "column": 67
            }
          },
          {
            "start": {
              "line": 19,
              "column": 70
            },
            "end": {
              "line": 19,
              "column": 115
            }
          }
        ],
        "line": 19
      },
      "7": {
        "loc": {
          "start": {
            "line": 20,
            "column": 51
          },
          "end": {
            "line": 20,
            "column": 67
          }
        },
        "type": "binary-expr",
        "locations": [
          {
            "start": {
              "line": 20,
              "column": 51
            },
            "end": {
              "line": 20,
              "column": 61
            }
          },
          {
            "start": {
              "line": 20,
              "column": 65
            },
            "end": {
              "line": 20,
              "column": 67
            }
          }
        ],
        "line": 20
      },
      "8": {
        "loc": {
          "start": {
            "line": 23,
            "column": 18
          },
          "end": {
            "line": 49,
            "column": 1
          }
        },
        "type": "binary-expr",
        "locations": [
          {
            "start": {
              "line": 23,
              "column": 19
            },
            "end": {
              "line": 23,
              "column": 23
            }
          },
          {
            "start": {
              "line": 23,
              "column": 27
            },
            "end": {
              "line": 23,
              "column": 43
            }
          },
          {
            "start": {
              "line": 23,
              "column": 48
            },
            "end": {
              "line": 49,
              "column": 1
            }
          }
        ],
        "line": 23
      },
      "9": {
        "loc": {
          "start": {
            "line": 24,
            "column": 43
          },
          "end": {
            "line": 24,
            "column": 68
          }
        },
        "type": "if",
        "locations": [
          {
            "start": {
              "line": 24,
              "column": 43
            },
            "end": {
              "line": 24,
              "column": 68
            }
          },
          {
            "start": {
              "line": 24,
              "column": 43
            },
            "end": {
              "line": 24,
              "column": 68
            }
          }
        ],
        "line": 24
      },
      "10": {
        "loc": {
          "start": {
            "line": 25,
            "column": 71
          },
          "end": {
            "line": 25,
            "column": 153
          }
        },
        "type": "binary-expr",
        "locations": [
          {
            "start": {
              "line": 25,
              "column": 71
            },
            "end": {
              "line": 25,
              "column": 99
            }
          },
          {
            "start": {
              "line": 25,
              "column": 104
            },
            "end": {
              "line": 25,
              "column": 152
            }
          }
        ],
        "line": 25
      },
      "11": {
        "loc": {
          "start": {
            "line": 28,
            "column": 8
          },
          "end": {
            "line": 28,
            "column": 70
          }
        },
        "type": "if",
        "locations": [
          {
            "start": {
              "line": 28,
              "column": 8
            },
            "end": {
              "line": 28,
              "column": 70
            }
          },
          {
            "start": {
              "line": 28,
              "column": 8
            },
            "end": {
              "line": 28,
              "column": 70
            }
          }
        ],
        "line": 28
      },
      "12": {
        "loc": {
          "start": {
            "line": 30,
            "column": 12
          },
          "end": {
            "line": 30,
            "column": 169
          }
        },
        "type": "if",
        "locations": [
          {
            "start": {
              "line": 30,
              "column": 12
            },
            "end": {
              "line": 30,
              "column": 169
            }
          },
          {
            "start": {
              "line": 30,
              "column": 12
            },
            "end": {
              "line": 30,
              "column": 169
            }
          }
        ],
        "line": 30
      },
      "13": {
        "loc": {
          "start": {
            "line": 30,
            "column": 23
          },
          "end": {
            "line": 30,
            "column": 158
          }
        },
        "type": "binary-expr",
        "locations": [
          {
            "start": {
              "line": 30,
              "column": 23
            },
            "end": {
              "line": 30,
              "column": 24
            }
          },
          {
            "start": {
              "line": 30,
              "column": 29
            },
            "end": {
              "line": 30,
              "column": 125
            }
          },
          {
            "start": {
              "line": 30,
              "column": 130
            },
            "end": {
              "line": 30,
              "column": 158
            }
          }
        ],
        "line": 30
      },
      "14": {
        "loc": {
          "start": {
            "line": 30,
            "column": 33
          },
          "end": {
            "line": 30,
            "column": 125
          }
        },
        "type": "cond-expr",
        "locations": [
          {
            "start": {
              "line": 30,
              "column": 45
            },
            "end": {
              "line": 30,
              "column": 56
            }
          },
          {
            "start": {
              "line": 30,
              "column": 59
            },
            "end": {
              "line": 30,
              "column": 125
            }
          }
        ],
        "line": 30
      },
      "15": {
        "loc": {
          "start": {
            "line": 30,
            "column": 59
          },
          "end": {
            "line": 30,
            "column": 125
          }
        },
        "type": "cond-expr",
        "locations": [
          {
            "start": {
              "line": 30,
              "column": 67
            },
            "end": {
              "line": 30,
              "column": 116
            }
          },
          {
            "start": {
              "line": 30,
              "column": 119
            },
            "end": {
              "line": 30,
              "column": 125
            }
          }
        ],
        "line": 30
      },
      "16": {
        "loc": {
          "start": {
            "line": 30,
            "column": 67
          },
          "end": {
            "line": 30,
            "column": 116
          }
        },
        "type": "binary-expr",
        "locations": [
          {
            "start": {
              "line": 30,
              "column": 67
            },
            "end": {
              "line": 30,
              "column": 77
            }
          },
          {
            "start": {
              "line": 30,
              "column": 82
            },
            "end": {
              "line": 30,
              "column": 115
            }
          }
        ],
        "line": 30
      },
      "17": {
        "loc": {
          "start": {
            "line": 30,
            "column": 82
          },
          "end": {
            "line": 30,
            "column": 112
          }
        },
        "type": "binary-expr",
        "locations": [
          {
            "start": {
              "line": 30,
              "column": 83
            },
            "end": {
              "line": 30,
              "column": 98
            }
          },
          {
            "start": {
              "line": 30,
              "column": 103
            },
            "end": {
              "line": 30,
              "column": 112
            }
          }
        ],
        "line": 30
      },
      "18": {
        "loc": {
          "start": {
            "line": 31,
            "column": 12
          },
          "end": {
            "line": 31,
            "column": 52
          }
        },
        "type": "if",
        "locations": [
          {
            "start": {
              "line": 31,
              "column": 12
            },
            "end": {
              "line": 31,
              "column": 52
            }
          },
          {
            "start": {
              "line": 31,
              "column": 12
            },
            "end": {
              "line": 31,
              "column": 52
            }
          }
        ],
        "line": 31
      },
      "19": {
        "loc": {
          "start": {
            "line": 32,
            "column": 12
          },
          "end": {
            "line": 44,
            "column": 13
          }
        },
        "type": "switch",
        "locations": [
          {
            "start": {
              "line": 33,
              "column": 16
            },
            "end": {
              "line": 33,
              "column": 23
            }
          },
          {
            "start": {
              "line": 33,
              "column": 24
            },
            "end": {
              "line": 33,
              "column": 46
            }
          },
          {
            "start": {
              "line": 34,
              "column": 16
            },
            "end": {
              "line": 34,
              "column": 72
            }
          },
          {
            "start": {
              "line": 35,
              "column": 16
            },
            "end": {
              "line": 35,
              "column": 65
            }
          },
          {
            "start": {
              "line": 36,
              "column": 16
            },
            "end": {
              "line": 36,
              "column": 65
            }
          },
          {
            "start": {
              "line": 37,
              "column": 16
            },
            "end": {
              "line": 43,
              "column": 43
            }
          }
        ],
        "line": 32
      },
      "20": {
        "loc": {
          "start": {
            "line": 38,
            "column": 20
          },
          "end": {
            "line": 38,
            "column": 128
          }
        },
        "type": "if",
        "locations": [
          {
            "start": {
              "line": 38,
              "column": 20
            },
            "end": {
              "line": 38,
              "column": 128
            }
          },
          {
            "start": {
              "line": 38,
              "column": 20
            },
            "end": {
              "line": 38,
              "column": 128
            }
          }
        ],
        "line": 38
      },
      "21": {
        "loc": {
          "start": {
            "line": 38,
            "column": 24
          },
          "end": {
            "line": 38,
            "column": 106
          }
        },
        "type": "binary-expr",
        "locations": [
          {
            "start": {
              "line": 38,
              "column": 24
            },
            "end": {
              "line": 38,
              "column": 74
            }
          },
          {
            "start": {
              "line": 38,
              "column": 79
            },
            "end": {
              "line": 38,
              "column": 90
            }
          },
          {
            "start": {
              "line": 38,
              "column": 94
            },
            "end": {
              "line": 38,
              "column": 105
            }
          }
        ],
        "line": 38
      },
      "22": {
        "loc": {
          "start": {
            "line": 38,
            "column": 42
          },
          "end": {
            "line": 38,
            "column": 73
          }
        },
        "type": "binary-expr",
        "locations": [
          {
            "start": {
              "line": 38,
              "column": 42
            },
            "end": {
              "line": 38,
              "column": 54
            }
          },
          {
            "start": {
              "line": 38,
              "column": 58
            },
            "end": {
              "line": 38,
              "column": 73
            }
          }
        ],
        "line": 38
      },
      "23": {
        "loc": {
          "start": {
            "line": 39,
            "column": 20
          },
          "end": {
            "line": 39,
            "column": 106
          }
        },
        "type": "if",
        "locations": [
          {
            "start": {
              "line": 39,
              "column": 20
            },
            "end": {
              "line": 39,
              "column": 106
            }
          },
          {
            "start": {
              "line": 39,
              "column": 20
            },
            "end": {
              "line": 39,
              "column": 106
            }
          }
        ],
        "line": 39
      },
      "24": {
        "loc": {
          "start": {
            "line": 39,
            "column": 24
          },
          "end": {
            "line": 39,
            "column": 77
          }
        },
        "type": "binary-expr",
        "locations": [
          {
            "start": {
              "line": 39,
              "column": 24
            },
            "end": {
              "line": 39,
              "column": 35
            }
          },
          {
            "start": {
              "line": 39,
              "column": 40
            },
            "end": {
              "line": 39,
              "column": 42
            }
          },
          {
            "start": {
              "line": 39,
              "column": 47
            },
            "end": {
              "line": 39,
              "column": 59
            }
          },
          {
            "start": {
              "line": 39,
              "column": 63
            },
            "end": {
              "line": 39,
              "column": 75
            }
          }
        ],
        "line": 39
      },
      "25": {
        "loc": {
          "start": {
            "line": 40,
            "column": 20
          },
          "end": {
            "line": 40,
            "column": 89
          }
        },
        "type": "if",
        "locations": [
          {
            "start": {
              "line": 40,
              "column": 20
            },
            "end": {
              "line": 40,
              "column": 89
            }
          },
          {
            "start": {
              "line": 40,
              "column": 20
            },
            "end": {
              "line": 40,
              "column": 89
            }
          }
        ],
        "line": 40
      },
      "26": {
        "loc": {
          "start": {
            "line": 40,
            "column": 24
          },
          "end": {
            "line": 40,
            "column": 53
          }
        },
        "type": "binary-expr",
        "locations": [
          {
            "start": {
              "line": 40,
              "column": 24
            },
            "end": {
              "line": 40,
              "column": 35
            }
          },
          {
            "start": {
              "line": 40,
              "column": 39
            },
            "end": {
              "line": 40,
              "column": 53
            }
          }
        ],
        "line": 40
      },
      "27": {
        "loc": {
          "start": {
            "line": 41,
            "column": 20
          },
          "end": {
            "line": 41,
            "column": 87
          }
        },
        "type": "if",
        "locations": [
          {
            "start": {
              "line": 41,
              "column": 20
            },
            "end": {
              "line": 41,
              "column": 87
            }
          },
          {
[...]
        "locations": [
          {
            "start": {
              "line": 68,
              "column": 4
            },
            "end": {
              "line": 81,
              "column": 5
            }
          },
          {
            "start": {
              "line": 68,
              "column": 4
            },
            "end": {
              "line": 81,
              "column": 5
            }
          }
        ],
        "line": 68
      },
      "18": {
        "loc": {
          "start": {
            "line": 69,
            "column": 8
          },
          "end": {
            "line": 80,
            "column": 9
          }
        },
        "type": "if",
        "locations": [
          {
            "start": {
              "line": 69,
              "column": 8
            },
            "end": {
              "line": 80,
              "column": 9
            }
          },
          {
            "start": {
              "line": 69,
              "column": 8
            },
            "end": {
              "line": 80,
              "column": 9
            }
          }
        ],
        "line": 69
      },
      "19": {
        "loc": {
          "start": {
            "line": 70,
            "column": 29
          },
          "end": {
            "line": 70,
            "column": 137
          }
        },
        "type": "binary-expr",
        "locations": [
          {
            "start": {
              "line": 70,
              "column": 30
            },
            "end": {
              "line": 70,
              "column": 110
            }
          },
          {
            "start": {
              "line": 70,
              "column": 115
            },
            "end": {
              "line": 70,
              "column": 137
            }
          }
        ],
        "line": 70
      },
      "20": {
        "loc": {
          "start": {
            "line": 70,
            "column": 30
          },
          "end": {
            "line": 70,
            "column": 110
          }
        },
        "type": "cond-expr",
        "locations": [
          {
            "start": {
              "line": 70,
              "column": 93
            },
            "end": {
              "line": 70,
              "column": 99
            }
          },
          {
            "start": {
              "line": 70,
              "column": 102
            },
            "end": {
              "line": 70,
              "column": 110
            }
          }
        ],
        "line": 70
      },
      "21": {
        "loc": {
          "start": {
            "line": 70,
            "column": 30
          },
          "end": {
            "line": 70,
            "column": 90
          }
        },
        "type": "binary-expr",
        "locations": [
          {
            "start": {
              "line": 70,
              "column": 30
            },
            "end": {
              "line": 70,
              "column": 73
            }
          },
          {
            "start": {
              "line": 70,
              "column": 77
            },
            "end": {
              "line": 70,
              "column": 90
            }
          }
        ],
        "line": 70
      },
      "22": {
        "loc": {
          "start": {
            "line": 75,
            "column": 36
          },
          "end": {
            "line": 75,
            "column": 135
          }
        },
        "type": "binary-expr",
        "locations": [
          {
            "start": {
              "line": 75,
              "column": 37
            },
            "end": {
              "line": 75,
              "column": 117
            }
          },
          {
            "start": {
              "line": 75,
              "column": 122
            },
            "end": {
              "line": 75,
              "column": 135
            }
          }
        ],
        "line": 75
      },
      "23": {
        "loc": {
          "start": {
            "line": 75,
            "column": 37
          },
          "end": {
            "line": 75,
            "column": 117
          }
        },
        "type": "cond-expr",
        "locations": [
          {
            "start": {
              "line": 75,
              "column": 100
            },
            "end": {
              "line": 75,
              "column": 106
            }
          },
          {
            "start": {
              "line": 75,
              "column": 109
            },
            "end": {
              "line": 75,
              "column": 117
            }
          }
        ],
        "line": 75
      },
      "24": {
        "loc": {
          "start": {
            "line": 75,
            "column": 37
          },
          "end": {
            "line": 75,
            "column": 97
          }
        },
        "type": "binary-expr",
        "locations": [
          {
            "start": {
              "line": 75,
              "column": 37
            },
            "end": {
              "line": 75,
              "column": 80
            }
          },
          {
            "start": {
              "line": 75,
              "column": 84
            },
            "end": {
              "line": 75,
              "column": 97
            }
          }
        ],
        "line": 75
      },
      "25": {
        "loc": {
          "start": {
            "line": 76,
            "column": 12
          },
          "end": {
            "line": 78,
            "column": 13
          }
        },
        "type": "if",
        "locations": [
          {
            "start": {
              "line": 76,
              "column": 12
            },
            "end": {
              "line": 78,
              "column": 13
            }
          },
          {
            "start": {
              "line": 76,
              "column": 12
            },
            "end": {
              "line": 78,
              "column": 13
            }
          }
        ],
        "line": 76
      },
      "26": {
        "loc": {
          "start": {
            "line": 82,
            "column": 4
          },
          "end": {
            "line": 84,
            "column": 5
          }
        },
        "type": "if",
        "locations": [
          {
            "start": {
              "line": 82,
              "column": 4
            },
            "end": {
              "line": 84,
              "column": 5
            }
          },
          {
            "start": {
              "line": 82,
              "column": 4
            },
            "end": {
              "line": 84,
              "column": 5
            }
          }
        ],
        "line": 82
      },
      "27": {
        "loc": {
          "start": {
            "line": 89,
            "column": 4
          },
          "end": {
            "line": 91,
            "column": 5
          }
        },
        "type": "if",
        "locations": [
          {
            "start": {
              "line": 89,
              "column": 4
            },
            "end": {
              "line": 91,
              "column": 5
            }
          },
          {
            "start": {
              "line": 89,
              "column": 4
            },
            "end": {
              "line": 91,
              "column": 5
            }
          }
        ],
        "line": 89
      },
      "28": {
        "loc": {
          "start": {
            "line": 97,
            "column": 8
          },
          "end": {
            "line": 104,
            "column": 9
          }
        },
        "type": "if",
        "locations": [
          {
            "start": {
              "line": 97,
              "column": 8
            },
            "end": {
              "line": 104,
              "column": 9
            }
          },
          {
            "start": {
              "line": 97,
              "column": 8
            },
            "end": {
              "line": 104,
              "column": 9
            }
          }
        ],
        "line": 97
      },
      "29": {
        "loc": {
          "start": {
            "line": 98,
            "column": 12
          },
          "end": {
            "line": 100,
            "column": 13
          }
        },
        "type": "if",
        "locations": [
          {
            "start": {
              "line": 98,
              "column": 12
            },
            "end": {
              "line": 100,
              "column": 13
            }
          },
          {
            "start": {
              "line": 98,
              "column": 12
            },
            "end": {
              "line": 100,
              "column": 13
            }
          }
        ],
        "line": 98
      },
      "30": {
        "loc": {
          "start": {
            "line": 118,
            "column": 4
          },
          "end": {
            "line": 125,
            "column": 5
          }
        },
        "type": "switch",
        "locations": [
          {
            "start": {
              "line": 119,
              "column": 8
            },
            "end": {
              "line": 120,
              "column": 54
            }
          },
          {
            "start": {
              "line": 121,
              "column": 8
            },
            "end": {
              "line": 122,
              "column": 43
            }
          },
          {
            "start": {
              "line": 123,
              "column": 8
            },
            "end": {
              "line": 124,
              "column": 47
            }
          }
        ],
        "line": 118
      },
      "31": {
        "loc": {
          "start": {
            "line": 137,
            "column": 4
          },
          "end": {
            "line": 166,
            "column": 5
          }
        },
        "type": "switch",
        "locations": [
          {
            "start": {
              "line": 138,
              "column": 8
            },
            "end": {
              "line": 153,
              "column": 9
            }
          },
          {
            "start": {
              "line": 154,
              "column": 8
            },
            "end": {
              "line": 157,
              "column": 9
            }
          },
          {
            "start": {
              "line": 158,
              "column": 8
            },
            "end": {
              "line": 161,
              "column": 9
            }
          },
          {
            "start": {
              "line": 162,
              "column": 8
            },
            "end": {
              "line": 165,
              "column": 9
            }
          }
        ],
        "line": 137
      },
      "32": {
        "loc": {
          "start": {
            "line": 139,
            "column": 12
          },
          "end": {
            "line": 142,
            "column": 13
          }
        },
        "type": "if",
        "locations": [
          {
            "start": {
              "line": 139,
              "column": 12
            },
            "end": {
              "line": 142,
              "column": 13
            }
          },
          {
            "start": {
              "line": 139,
              "column": 12
            },
            "end": {
              "line": 142,
              "column": 13
            }
          }
        ],
        "line": 139
      },
      "33": {
        "loc": {
          "start": {
            "line": 139,
            "column": 16
          },
          "end": {
            "line": 140,
            "column": 91
          }
        },
        "type": "binary-expr",
        "locations": [
          {
            "start": {
              "line": 139,
              "column": 16
            },
            "end": {
              "line": 139,
              "column": 31
            }
          },
          {
            "start": {
              "line": 140,
              "column": 16
            },
            "end": {
              "line": 140,
              "column": 91
            }
          }
        ],
        "line": 139
      },
      "34": {
        "loc": {
          "start": {
            "line": 143,
            "column": 12
          },
          "end": {
            "line": 151,
            "column": 13
          }
        },
        "type": "if",
        "locations": [
          {
            "start": {
              "line": 143,
              "column": 12
            },
            "end": {
              "line": 151,
              "column": 13
            }
          },
          {
            "start": {
              "line": 143,
              "column": 12
            },
            "end": {
              "line": 151,
              "column": 13
            }
          }
        ],
        "line": 143
      },
      "35": {
        "loc": {
          "start": {
            "line": 143,
            "column": 16
          },
          "end": {
            "line": 144,
            "column": 100
          }
        },
        "type": "binary-expr",
        "locations": [
          {
            "start": {
              "line": 143,
              "column": 16
            },
            "end": {
              "line": 143,
              "column": 31
            }
          },
          {
            "start": {
              "line": 144,
              "column": 16
            },
            "end": {
              "line": 144,
              "column": 100
            }
          }
        ],
        "line": 143
      },
      "36": {
        "loc": {
          "start": {
            "line": 147,
            "column": 20
          },
          "end": {
            "line": 149,
            "column": 21
          }
        },
        "type": "if",
        "locations": [
          {
            "start": {
              "line": 147,
              "column": 20
            },
            "end": {
              "line": 149,
              "column": 21
            }
          },
          {
            "start": {
              "line": 147,
              "column": 20
            },
            "end": {
              "line": 149,
              "column": 21
            }
          }
        ],
        "line": 147
      },
      "37": {
        "loc": {
          "start": {
            "line": 179,
            "column": 4
          },
          "end": {
            "line": 179,
            "column": 74
          }
        },
        "type": "if",
        "locations": [
          {
            "start": {
              "line": 179,
              "column": 4
            },
            "end": {
              "line": 179,
              "column": 74
            }
          },
          {
            "start": {
              "line": 179,
              "column": 4
            },
            "end": {
              "line": 179,
              "column": 74
            }
          }
        ],
        "line": 179
      },
      "38": {
        "loc": {
          "start": {
            "line": 180,
            "column": 4
          },
          "end": {
            "line": 203,
            "column": 5
          }
        },
        "type": "switch",
        "locations": [
          {
            "start": {
              "line": 181,
              "column": 8
            },
            "end": {
              "line": 184,
              "column": 9
            }
          },
          {
            "start": {
              "line": 185,
              "column": 8
            },
            "end": {
              "line": 188,
              "column": 9
            }
          },
          {
            "start": {
              "line": 189,
              "column": 8
            },
            "end": {
              "line": 195,
              "column": 9
            }
          },
          {
            "start": {
              "line": 196,
              "column": 8
            },
            "end": {
              "line": 202,
              "column": 9
            }
          }
        ],
        "line": 180
      }
    },
    "s": {
      "0": 1,
      "1": 2,
      "2": 0,
      "3": 0,
      "4": 0,
      "5": 0,
      "6": 0,
      "7": 0,
      "8": 0,
      "9": 0,
      "10": 2,
      "11": 1,
      "12": 0,
      "13": 0,
      "14": 0,
      "15": 0,
      "16": 0,
      "17": 0,
      "18": 0,
      "19": 0,
      "20": 0,
      "21": 0,
      "22": 0,
      "23": 0,
      "24": 0,
      "25": 0,
      "26": 0,
      "27": 1,
      "28": 1,
      "29": 1,
      "30": 1,
      "31": 1,
      "32": 1,
      "33": 1,
      "34": 1,
      "35": 15,
      "36": 14,
      "37": 15,
      "38": 14,
      "39": 15,
      "40": 1,
      "41": 1,
      "42": 1,
      "43": 1,
      "44": 1,
      "45": 22,
      "46": 1,
      "47": 0,
      "48": 0,
      "49": 0,
      "50": 0,
      "51": 0,
      "52": 0,
      "53": 1,
      "54": 22,
      "55": 18,
      "56": 22,
      "57": 0,
      "58": 22,
      "59": 1,
      "60": 22,
      "61": 22,
      "62": 22,
      "63": 4,
      "64": 4,
      "65": 4,
      "66": 18,
      "67": 18,
      "68": 0,
      "69": 18,
      "70": 22,
      "71": 0,
      "72": 22,
      "73": 1,
      "74": 18,
      "75": 18,
      "76": 18,
      "77": 0,
      "78": 0,
      "79": 0,
      "80": 0,
      "81": 0,
      "82": 0,
      "83": 0,
      "84": 0,
      "85": 0,
      "86": 0,
      "87": 0,
      "88": 1,
      "89": 18,
      "90": 1,
      "91": 11,
      "92": 1,
      "93": 28,
      "94": 8,
      "95": 9,
      "96": 11,
      "97": 0,
      "98": 1,
      "99": 8,
      "100": 8,
      "101": 8,
      "102": 12,
      "103": 12,
      "104": 8,
      "105": 8,
      "106": 1,
      "107": 12,
      "108": 8,
      "109": 2,
      "110": 8,
      "111": 0,
      "112": 0,
      "113": 0,
      "114": 0,
      "115": 0,
      "116": 0,
      "117": 8,
      "118": 2,
      "119": 2,
      "120": 1,
      "121": 1,
      "122": 1,
      "123": 1,
      "124": 12,
      "125": 1,
      "126": 9,
      "127": 1,
      "128": 11,
      "129": 1,
      "130": 19,
      "131": 16,
      "132": 1,
      "133": 20,
      "134": 12,
      "135": 20,
      "136": 16,
      "137": 16,
      "138": 1,
      "139": 1,
      "140": 2,
      "141": 2,
      "142": 2,
      "143": 5,
      "144": 5,
      "145": 2,
      "146": 1,
      "147": 1,
      "148": 1,
      "149": 2,
      "150": 2,
      "151": 1,
      "152": 20
    },
    "f": {
      "0": 2,
      "1": 0,
      "2": 0,
      "3": 1,
      "4": 15,
      "5": 1,
      "6": 22,
      "7": 0,
      "8": 22,
      "9": 18,
      "10": 18,
      "11": 11,
      "12": 28,
      "13": 8,
      "14": 12,
      "15": 9,
      "16": 11,
      "17": 19,
      "18": 16,
      "19": 20
    },
    "b": {
      "0": [1, 1, 1],
      "1": [2, 0],
      "2": [0, 0],
      "3": [1, 1, 1],
      "4": [1, 1],
      "5": [14, 1],
      "6": [14, 1],
      "7": [2, 20],
      "8": [19, 3],
      "9": [22, 22],
      "10": [0, 2],
      "11": [2, 2],
      "12": [0, 0],
      "13": [0, 0],
      "14": [18, 4],
      "15": [0, 22],
      "16": [1, 21],
      "17": [22, 0],
      "18": [4, 18],
      "19": [4, 2],
      "20": [2, 2],
      "21": [4, 4],
      "22": [18, 17],
      "23": [17, 1],
      "24": [18, 18],
      "25": [0, 18],
      "26": [0, 22],
      "27": [18, 0],
      "28": [0, 0],
      "29": [0, 0],
      "30": [8, 9, 11],
      "31": [8, 2, 1, 1],
      "32": [2, 6],
      "33": [8, 5],
      "34": [0, 8],
      "35": [8, 5],
      "36": [0, 0],
      "37": [12, 8],
      "38": [16, 1, 2, 1]
    },
    "_coverageSchema": "1a1c01bbd47fc00a2c39e90264f33305004495a9",
    "hash": "c522c4f8925dc04f90bfc8ca0776952bdbdf35a0",
    "contentHash": "877a08ce957613f97924b5167e65d5ec0634b382c96110c16685fb282d06d5e1"
  }
}
