{
  "/Users/craigcondon/Developer/public/paperclip/packages/paperclip-web-renderer/lib/test/random/index.js": {
    "path": "/Users/craigcondon/Developer/public/paperclip/packages/paperclip-web-renderer/lib/test/random/index.js",
    "statementMap": {
      "0": {
        "start": { "line": 2, "column": 22 },
        "end": { "line": 8, "column": 3 }
      },
      "1": {
        "start": { "line": 3, "column": 4 },
        "end": { "line": 3, "column": 33 }
      },
      "2": {
        "start": { "line": 3, "column": 26 },
        "end": { "line": 3, "column": 33 }
      },
      "3": {
        "start": { "line": 4, "column": 4 },
        "end": { "line": 4, "column": 89 }
      },
      "4": {
        "start": { "line": 4, "column": 71 },
        "end": { "line": 4, "column": 83 }
      },
      "5": {
        "start": { "line": 6, "column": 4 },
        "end": { "line": 6, "column": 33 }
      },
      "6": {
        "start": { "line": 6, "column": 26 },
        "end": { "line": 6, "column": 33 }
      },
      "7": {
        "start": { "line": 7, "column": 4 },
        "end": { "line": 7, "column": 17 }
      },
      "8": {
        "start": { "line": 9, "column": 19 },
        "end": { "line": 11, "column": 1 }
      },
      "9": {
        "start": { "line": 10, "column": 4 },
        "end": { "line": 10, "column": 103 }
      },
      "10": {
        "start": { "line": 10, "column": 21 },
        "end": { "line": 10, "column": 103 }
      },
      "11": {
        "start": { "line": 10, "column": 72 },
        "end": { "line": 10, "column": 103 }
      },
      "12": {
        "start": { "line": 12, "column": 0 },
        "end": { "line": 12, "column": 62 }
      },
      "13": {
        "start": { "line": 13, "column": 0 },
        "end": { "line": 13, "column": 45 }
      }
    },
    "fnMap": {
      "0": {
        "name": "(anonymous_0)",
        "decl": {
          "start": { "line": 2, "column": 74 },
          "end": { "line": 2, "column": 75 }
        },
        "loc": {
          "start": { "line": 2, "column": 96 },
          "end": { "line": 5, "column": 1 }
        },
        "line": 2
      },
      "1": {
        "name": "(anonymous_1)",
        "decl": {
          "start": { "line": 4, "column": 58 },
          "end": { "line": 4, "column": 59 }
        },
        "loc": {
          "start": { "line": 4, "column": 69 },
          "end": { "line": 4, "column": 85 }
        },
        "line": 4
      },
      "2": {
        "name": "(anonymous_2)",
        "decl": {
          "start": { "line": 5, "column": 6 },
          "end": { "line": 5, "column": 7 }
        },
        "loc": {
          "start": { "line": 5, "column": 28 },
          "end": { "line": 8, "column": 1 }
        },
        "line": 5
      },
      "3": {
        "name": "(anonymous_3)",
        "decl": {
          "start": { "line": 9, "column": 50 },
          "end": { "line": 9, "column": 51 }
        },
        "loc": {
          "start": { "line": 9, "column": 71 },
          "end": { "line": 11, "column": 1 }
        },
        "line": 9
      }
    },
    "branchMap": {
      "0": {
        "loc": {
          "start": { "line": 2, "column": 22 },
          "end": { "line": 8, "column": 3 }
        },
        "type": "binary-expr",
        "locations": [
          {
            "start": { "line": 2, "column": 23 },
            "end": { "line": 2, "column": 27 }
          },
          {
            "start": { "line": 2, "column": 31 },
            "end": { "line": 2, "column": 51 }
          },
          {
            "start": { "line": 2, "column": 57 },
            "end": { "line": 8, "column": 2 }
          }
        ],
        "line": 2
      },
      "1": {
        "loc": {
          "start": { "line": 2, "column": 57 },
          "end": { "line": 8, "column": 2 }
        },
        "type": "cond-expr",
        "locations": [
          {
            "start": { "line": 2, "column": 74 },
            "end": { "line": 5, "column": 1 }
          },
          {
            "start": { "line": 5, "column": 6 },
            "end": { "line": 8, "column": 1 }
          }
        ],
        "line": 2
      },
      "2": {
        "loc": {
          "start": { "line": 3, "column": 4 },
          "end": { "line": 3, "column": 33 }
        },
        "type": "if",
        "locations": [
          {
            "start": { "line": 3, "column": 4 },
            "end": { "line": 3, "column": 33 }
          },
          {
            "start": { "line": 3, "column": 4 },
            "end": { "line": 3, "column": 33 }
          }
        ],
        "line": 3
      },
      "3": {
        "loc": {
          "start": { "line": 6, "column": 4 },
          "end": { "line": 6, "column": 33 }
        },
        "type": "if",
        "locations": [
          {
            "start": { "line": 6, "column": 4 },
            "end": { "line": 6, "column": 33 }
          },
          {
            "start": { "line": 6, "column": 4 },
            "end": { "line": 6, "column": 33 }
          }
        ],
        "line": 6
      },
      "4": {
        "loc": {
          "start": { "line": 9, "column": 19 },
          "end": { "line": 11, "column": 1 }
        },
        "type": "binary-expr",
        "locations": [
          {
            "start": { "line": 9, "column": 20 },
            "end": { "line": 9, "column": 24 }
          },
          {
            "start": { "line": 9, "column": 28 },
            "end": { "line": 9, "column": 45 }
          },
          {
            "start": { "line": 9, "column": 50 },
            "end": { "line": 11, "column": 1 }
          }
        ],
        "line": 9
      },
      "5": {
        "loc": {
          "start": { "line": 10, "column": 21 },
          "end": { "line": 10, "column": 103 }
        },
        "type": "if",
        "locations": [
          {
            "start": { "line": 10, "column": 21 },
            "end": { "line": 10, "column": 103 }
          },
          {
            "start": { "line": 10, "column": 21 },
            "end": { "line": 10, "column": 103 }
          }
        ],
        "line": 10
      },
      "6": {
        "loc": {
          "start": { "line": 10, "column": 25 },
          "end": { "line": 10, "column": 70 }
        },
        "type": "binary-expr",
        "locations": [
          {
            "start": { "line": 10, "column": 25 },
            "end": { "line": 10, "column": 40 }
          },
          {
            "start": { "line": 10, "column": 44 },
            "end": { "line": 10, "column": 70 }
          }
        ],
        "line": 10
      }
    },
    "s": {
      "0": 1,
      "1": 1,
      "2": 1,
      "3": 1,
      "4": 31,
      "5": 0,
      "6": 0,
      "7": 0,
      "8": 1,
      "9": 1,
      "10": 1,
      "11": 1,
      "12": 1,
      "13": 1
    },
    "f": { "0": 1, "1": 31, "2": 0, "3": 1 },
    "b": {
      "0": [1, 1, 1],
      "1": [1, 0],
      "2": [1, 0],
      "3": [0, 0],
      "4": [1, 1, 1],
      "5": [1, 0],
      "6": [1, 1]
    },
    "_coverageSchema": "1a1c01bbd47fc00a2c39e90264f33305004495a9",
    "hash": "28ebb20884257956f0d8c482a788c603d8127a9d",
    "contentHash": "4542dea791b8a52f8a85062594a35be83853c722f0987d48be7399e44de69546"
  },
  "/Users/craigcondon/Developer/public/paperclip/packages/paperclip-web-renderer/lib/test/random/document.js": {
    "path": "/Users/craigcondon/Developer/public/paperclip/packages/paperclip-web-renderer/lib/test/random/document.js",
    "statementMap": {
      "0": {
        "start": { "line": 2, "column": 0 },
        "end": { "line": 2, "column": 62 }
      },
      "1": {
        "start": { "line": 3, "column": 0 },
        "end": { "line": 3, "column": 49 }
      },
      "2": {
        "start": { "line": 4, "column": 13 },
        "end": { "line": 4, "column": 30 }
      },
      "3": {
        "start": { "line": 5, "column": 14 },
        "end": { "line": 5, "column": 32 }
      },
      "4": {
        "start": { "line": 6, "column": 15 },
        "end": { "line": 6, "column": 34 }
      },
      "5": {
        "start": { "line": 8, "column": 0 },
        "end": { "line": 17, "column": 2 }
      },
      "6": {
        "start": { "line": 9, "column": 17 },
        "end": { "line": 9, "column": 19 }
      },
      "7": {
        "start": { "line": 10, "column": 18 },
        "end": { "line": 10, "column": 30 }
      },
      "8": {
        "start": { "line": 11, "column": 4 },
        "end": { "line": 15, "column": 20 }
      },
      "9": {
        "start": { "line": 13, "column": 8 },
        "end": { "line": 13, "column": 114 }
      },
      "10": {
        "start": { "line": 16, "column": 4 },
        "end": { "line": 16, "column": 18 }
      }
    },
    "fnMap": {
      "0": {
        "name": "(anonymous_0)",
        "decl": {
          "start": { "line": 8, "column": 42 },
          "end": { "line": 8, "column": 43 }
        },
        "loc": {
          "start": { "line": 8, "column": 61 },
          "end": { "line": 17, "column": 1 }
        },
        "line": 8
      },
      "1": {
        "name": "(anonymous_1)",
        "decl": {
          "start": { "line": 12, "column": 13 },
          "end": { "line": 12, "column": 14 }
        },
        "loc": {
          "start": { "line": 12, "column": 25 },
          "end": { "line": 14, "column": 5 }
        },
        "line": 12
      }
    },
    "branchMap": {},
    "s": {
      "0": 1,
      "1": 1,
      "2": 1,
      "3": 1,
      "4": 1,
      "5": 1,
      "6": 31,
      "7": 31,
      "8": 31,
      "9": 88,
      "10": 31
    },
    "f": { "0": 31, "1": 88 },
    "b": {},
    "_coverageSchema": "1a1c01bbd47fc00a2c39e90264f33305004495a9",
    "hash": "c8a7c81e8f880daa1a97c26d5be48633a46e1432",
    "contentHash": "5ba2695ba3fa7b0e6a73ab68ceb2cd99004064c2b51bfe3ae157231e6d79b3ba"
  },
  "/Users/craigcondon/Developer/public/paperclip/packages/paperclip-web-renderer/lib/test/random/html.js": {
    "path": "/Users/craigcondon/Developer/public/paperclip/packages/paperclip-web-renderer/lib/test/random/html.js",
    "statementMap": {
      "0": {
        "start": { "line": 3, "column": 15 },
        "end": { "line": 13, "column": 1 }
      },
      "1": {
        "start": { "line": 4, "column": 4 },
        "end": { "line": 11, "column": 6 }
      },
      "2": {
        "start": { "line": 5, "column": 8 },
        "end": { "line": 9, "column": 9 }
      },
      "3": {
        "start": { "line": 5, "column": 24 },
        "end": { "line": 5, "column": 25 }
      },
      "4": {
        "start": { "line": 5, "column": 31 },
        "end": { "line": 5, "column": 47 }
      },
      "5": {
        "start": { "line": 6, "column": 12 },
        "end": { "line": 6, "column": 29 }
      },
      "6": {
        "start": { "line": 7, "column": 12 },
        "end": { "line": 8, "column": 28 }
      },
      "7": {
        "start": { "line": 7, "column": 29 },
        "end": { "line": 8, "column": 28 }
      },
      "8": {
        "start": { "line": 8, "column": 16 },
        "end": { "line": 8, "column": 28 }
      },
      "9": {
        "start": { "line": 10, "column": 8 },
        "end": { "line": 10, "column": 17 }
      },
      "10": {
        "start": { "line": 12, "column": 4 },
        "end": { "line": 12, "column": 43 }
      },
      "11": {
        "start": { "line": 14, "column": 0 },
        "end": { "line": 14, "column": 62 }
      },
      "12": {
        "start": { "line": 15, "column": 0 },
        "end": { "line": 15, "column": 72 }
      },
      "13": {
        "start": { "line": 16, "column": 14 },
        "end": { "line": 16, "column": 32 }
      },
      "14": {
        "start": { "line": 17, "column": 0 },
        "end": { "line": 25, "column": 2 }
      },
      "15": {
        "start": { "line": 18, "column": 17 },
        "end": { "line": 18, "column": 19 }
      },
      "16": {
        "start": { "line": 19, "column": 18 },
        "end": { "line": 19, "column": 30 }
      },
      "17": {
        "start": { "line": 20, "column": 4 },
        "end": { "line": 24, "column": 20 }
      },
      "18": {
        "start": { "line": 22, "column": 8 },
        "end": { "line": 22, "column": 54 }
      },
      "19": {
        "start": { "line": 26, "column": 0 },
        "end": { "line": 28, "column": 2 }
      },
      "20": {
        "start": { "line": 27, "column": 4 },
        "end": { "line": 27, "column": 134 }
      },
      "21": {
        "start": { "line": 29, "column": 23 },
        "end": { "line": 31, "column": 1 }
      },
      "22": {
        "start": { "line": 30, "column": 4 },
        "end": { "line": 30, "column": 38 }
      },
      "23": {
        "start": { "line": 32, "column": 23 },
        "end": { "line": 34, "column": 1 }
      },
      "24": {
        "start": { "line": 33, "column": 4 },
        "end": { "line": 33, "column": 79 }
      },
      "25": {
        "start": { "line": 35, "column": 22 },
        "end": { "line": 59, "column": 1 }
      },
      "26": {
        "start": { "line": 37, "column": 4 },
        "end": { "line": 43, "column": 5 }
      },
      "27": {
        "start": { "line": 38, "column": 8 },
        "end": { "line": 38, "column": 47 }
      },
      "28": {
        "start": { "line": 40, "column": 8 },
        "end": { "line": 42, "column": 9 }
      },
      "29": {
        "start": { "line": 41, "column": 12 },
        "end": { "line": 41, "column": 18 }
      },
      "30": {
        "start": { "line": 44, "column": 17 },
        "end": { "line": 44, "column": 30 }
      },
      "31": {
        "start": { "line": 45, "column": 4 },
        "end": { "line": 49, "column": 18 }
      },
      "32": {
        "start": { "line": 47, "column": 8 },
        "end": { "line": 47, "column": 57 }
      },
      "33": {
        "start": { "line": 50, "column": 4 },
        "end": { "line": 58, "column": 5 }
      },
      "34": {
        "start": { "line": 51, "column": 8 },
        "end": { "line": 51, "column": 22 }
      },
      "35": {
        "start": { "line": 52, "column": 8 },
        "end": { "line": 52, "column": 55 }
      },
      "36": {
        "start": { "line": 53, "column": 8 },
        "end": { "line": 53, "column": 47 }
      },
      "37": {
        "start": { "line": 57, "column": 8 },
        "end": { "line": 57, "column": 64 }
      },
      "38": {
        "start": { "line": 60, "column": 25 },
        "end": { "line": 70, "column": 1 }
      },
      "39": {
        "start": { "line": 61, "column": 4 },
        "end": { "line": 63, "column": 5 }
      },
      "40": {
        "start": { "line": 62, "column": 8 },
        "end": { "line": 62, "column": 18 }
      },
      "41": {
        "start": { "line": 64, "column": 17 },
        "end": { "line": 64, "column": 19 }
      },
      "42": {
        "start": { "line": 65, "column": 4 },
        "end": { "line": 68, "column": 5 }
      },
      "43": {
        "start": { "line": 66, "column": 8 },
        "end": { "line": 67, "column": 112 }
      },
      "44": {
        "start": { "line": 69, "column": 4 },
        "end": { "line": 69, "column": 18 }
      },
      "45": {
        "start": { "line": 71, "column": 24 },
        "end": { "line": 73, "column": 1 }
      },
      "46": {
        "start": { "line": 72, "column": 4 },
        "end": { "line": 72, "column": 102 }
      },
      "47": {
        "start": { "line": 74, "column": 32 },
        "end": { "line": 82, "column": 1 }
      },
      "48": {
        "start": { "line": 75, "column": 17 },
        "end": { "line": 75, "column": 45 }
      },
      "49": {
        "start": { "line": 76, "column": 4 },
        "end": { "line": 81, "column": 5 }
      },
      "50": {
        "start": { "line": 77, "column": 8 },
        "end": { "line": 77, "column": 71 }
      },
      "51": {
        "start": { "line": 80, "column": 8 },
        "end": { "line": 80, "column": 22 }
      },
      "52": {
        "start": { "line": 83, "column": 29 },
        "end": { "line": 89, "column": 1 }
      },
      "53": {
        "start": { "line": 84, "column": 4 },
        "end": { "line": 88, "column": 25 }
      },
      "54": {
        "start": { "line": 90, "column": 35 },
        "end": { "line": 92, "column": 1 }
      },
      "55": {
        "start": { "line": 91, "column": 4 },
        "end": { "line": 91, "column": 54 }
      },
      "56": {
        "start": { "line": 93, "column": 42 },
        "end": { "line": 105, "column": 1 }
      },
      "57": {
        "start": { "line": 94, "column": 17 },
        "end": { "line": 94, "column": 21 }
      },
      "58": {
        "start": { "line": 95, "column": 4 },
        "end": { "line": 103, "column": 19 }
      },
      "59": {
        "start": { "line": 97, "column": 8 },
        "end": { "line": 101, "column": 11 }
      },
      "60": {
        "start": { "line": 104, "column": 4 },
        "end": { "line": 104, "column": 25 }
      },
      "61": {
        "start": { "line": 106, "column": 22 },
        "end": { "line": 111, "column": 1 }
      },
      "62": {
        "start": { "line": 107, "column": 4 },
        "end": { "line": 110, "column": 7 }
      }
    },
    "fnMap": {
      "0": {
        "name": "(anonymous_0)",
        "decl": {
          "start": { "line": 3, "column": 42 },
          "end": { "line": 3, "column": 43 }
        },
        "loc": {
          "start": { "line": 3, "column": 54 },
          "end": { "line": 13, "column": 1 }
        },
        "line": 3
      },
      "1": {
        "name": "(anonymous_1)",
        "decl": {
          "start": { "line": 4, "column": 32 },
          "end": { "line": 4, "column": 33 }
        },
        "loc": {
          "start": { "line": 4, "column": 44 },
          "end": { "line": 11, "column": 5 }
        },
        "line": 4
      },
      "2": {
        "name": "(anonymous_2)",
        "decl": {
          "start": { "line": 17, "column": 42 },
          "end": { "line": 17, "column": 43 }
        },
        "loc": {
          "start": { "line": 17, "column": 61 },
          "end": { "line": 25, "column": 1 }
        },
        "line": 17
      },
      "3": {
        "name": "(anonymous_3)",
        "decl": {
          "start": { "line": 21, "column": 13 },
          "end": { "line": 21, "column": 14 }
        },
        "loc": {
          "start": { "line": 21, "column": 25 },
          "end": { "line": 23, "column": 5 }
        },
        "line": 21
      },
      "4": {
        "name": "(anonymous_4)",
        "decl": {
          "start": { "line": 26, "column": 23 },
          "end": { "line": 26, "column": 24 }
        },
        "loc": {
          "start": { "line": 26, "column": 51 },
          "end": { "line": 28, "column": 1 }
        },
        "line": 26
      },
      "5": {
        "name": "(anonymous_5)",
        "decl": {
          "start": { "line": 29, "column": 23 },
          "end": { "line": 29, "column": 24 }
        },
        "loc": {
          "start": { "line": 29, "column": 51 },
          "end": { "line": 31, "column": 1 }
        },
        "line": 29
      },
      "6": {
        "name": "(anonymous_6)",
        "decl": {
          "start": { "line": 32, "column": 23 },
          "end": { "line": 32, "column": 24 }
        },
        "loc": {
          "start": { "line": 32, "column": 51 },
          "end": { "line": 34, "column": 1 }
        },
        "line": 32
      },
      "7": {
        "name": "(anonymous_7)",
        "decl": {
          "start": { "line": 35, "column": 22 },
          "end": { "line": 35, "column": 23 }
        },
        "loc": {
          "start": { "line": 35, "column": 50 },
          "end": { "line": 59, "column": 1 }
        },
        "line": 35
      },
      "8": {
        "name": "(anonymous_8)",
        "decl": {
          "start": { "line": 46, "column": 13 },
          "end": { "line": 46, "column": 14 }
        },
        "loc": {
          "start": { "line": 46, "column": 25 },
          "end": { "line": 48, "column": 5 }
        },
        "line": 46
      },
      "9": {
        "name": "(anonymous_9)",
        "decl": {
          "start": { "line": 60, "column": 25 },
          "end": { "line": 60, "column": 26 }
        },
        "loc": {
          "start": { "line": 60, "column": 53 },
          "end": { "line": 70, "column": 1 }
        },
        "line": 60
      },
      "10": {
        "name": "(anonymous_10)",
        "decl": {
          "start": { "line": 71, "column": 24 },
          "end": { "line": 71, "column": 25 }
        },
        "loc": {
          "start": { "line": 71, "column": 52 },
          "end": { "line": 73, "column": 1 }
        },
        "line": 71
      },
      "11": {
        "name": "(anonymous_11)",
        "decl": {
          "start": { "line": 74, "column": 32 },
          "end": { "line": 74, "column": 33 }
        },
        "loc": {
          "start": { "line": 74, "column": 60 },
          "end": { "line": 82, "column": 1 }
        },
        "line": 74
      },
      "12": {
        "name": "(anonymous_12)",
        "decl": {
          "start": { "line": 83, "column": 29 },
          "end": { "line": 83, "column": 30 }
        },
        "loc": {
          "start": { "line": 83, "column": 57 },
          "end": { "line": 89, "column": 1 }
        },
        "line": 83
      },
      "13": {
        "name": "(anonymous_13)",
        "decl": {
          "start": { "line": 90, "column": 35 },
          "end": { "line": 90, "column": 36 }
        },
        "loc": {
          "start": { "line": 90, "column": 63 },
          "end": { "line": 92, "column": 1 }
        },
        "line": 90
      },
      "14": {
        "name": "(anonymous_14)",
        "decl": {
          "start": { "line": 93, "column": 42 },
          "end": { "line": 93, "column": 43 }
        },
        "loc": {
          "start": { "line": 93, "column": 70 },
          "end": { "line": 105, "column": 1 }
        },
        "line": 93
      },
      "15": {
        "name": "(anonymous_15)",
        "decl": {
          "start": { "line": 96, "column": 13 },
          "end": { "line": 96, "column": 14 }
        },
        "loc": {
          "start": { "line": 96, "column": 25 },
          "end": { "line": 102, "column": 5 }
        },
        "line": 96
      },
      "16": {
        "name": "(anonymous_16)",
        "decl": {
          "start": { "line": 106, "column": 22 },
          "end": { "line": 106, "column": 23 }
        },
        "loc": {
          "start": { "line": 106, "column": 50 },
          "end": { "line": 111, "column": 1 }
        },
        "line": 106
      }
    },
    "branchMap": {
      "0": {
        "loc": {
          "start": { "line": 3, "column": 15 },
          "end": { "line": 13, "column": 1 }
        },
        "type": "binary-expr",
        "locations": [
          {
            "start": { "line": 3, "column": 16 },
            "end": { "line": 3, "column": 20 }
          },
          {
            "start": { "line": 3, "column": 24 },
            "end": { "line": 3, "column": 37 }
          },
          {
            "start": { "line": 3, "column": 42 },
            "end": { "line": 13, "column": 1 }
          }
        ],
        "line": 3
      },
      "1": {
        "loc": {
          "start": { "line": 4, "column": 15 },
          "end": { "line": 11, "column": 5 }
        },
        "type": "binary-expr",
        "locations": [
          {
            "start": { "line": 4, "column": 15 },
            "end": { "line": 4, "column": 28 }
          },
          {
            "start": { "line": 4, "column": 32 },
            "end": { "line": 11, "column": 5 }
          }
        ],
        "line": 4
      },
      "2": {
        "loc": {
          "start": { "line": 7, "column": 29 },
          "end": { "line": 8, "column": 28 }
        },
        "type": "if",
        "locations": [
          {
            "start": { "line": 7, "column": 29 },
            "end": { "line": 8, "column": 28 }
          },
          {
            "start": { "line": 7, "column": 29 },
            "end": { "line": 8, "column": 28 }
          }
        ],
        "line": 7
      },
      "3": {
        "loc": {
          "start": { "line": 40, "column": 8 },
          "end": { "line": 42, "column": 9 }
        },
        "type": "if",
        "locations": [
          {
            "start": { "line": 40, "column": 8 },
            "end": { "line": 42, "column": 9 }
          },
          {
            "start": { "line": 40, "column": 8 },
            "end": { "line": 42, "column": 9 }
          }
        ],
        "line": 40
      },
      "4": {
        "loc": {
          "start": { "line": 50, "column": 4 },
          "end": { "line": 58, "column": 5 }
        },
        "type": "if",
        "locations": [
          {
            "start": { "line": 50, "column": 4 },
            "end": { "line": 58, "column": 5 }
          },
          {
            "start": { "line": 50, "column": 4 },
            "end": { "line": 58, "column": 5 }
          }
        ],
        "line": 50
      },
      "5": {
        "loc": {
          "start": { "line": 61, "column": 4 },
          "end": { "line": 63, "column": 5 }
        },
        "type": "if",
        "locations": [
          {
            "start": { "line": 61, "column": 4 },
            "end": { "line": 63, "column": 5 }
          },
          {
            "start": { "line": 61, "column": 4 },
            "end": { "line": 63, "column": 5 }
          }
        ],
        "line": 61
      },
      "6": {
        "loc": {
          "start": { "line": 65, "column": 4 },
          "end": { "line": 68, "column": 5 }
        },
        "type": "if",
        "locations": [
          {
            "start": { "line": 65, "column": 4 },
            "end": { "line": 68, "column": 5 }
          },
          {
            "start": { "line": 65, "column": 4 },
            "end": { "line": 68, "column": 5 }
          }
        ],
        "line": 65
      },
      "7": {
        "loc": {
          "start": { "line": 76, "column": 4 },
          "end": { "line": 81, "column": 5 }
        },
        "type": "if",
        "locations": [
          {
            "start": { "line": 76, "column": 4 },
            "end": { "line": 81, "column": 5 }
          },
          {
            "start": { "line": 76, "column": 4 },
            "end": { "line": 81, "column": 5 }
          }
        ],
        "line": 76
      }
    },
    "s": {
      "0": 1,
      "1": 2,
      "2": 0,
      "3": 0,
      "4": 0,
      "5": 0,
      "6": 0,
      "7": 0,
      "8": 0,
      "9": 0,
      "10": 2,
      "11": 1,
      "12": 1,
      "13": 1,
      "14": 1,
      "15": 0,
      "16": 0,
      "17": 0,
      "18": 0,
      "19": 1,
      "20": 124,
      "21": 1,
      "22": 21,
      "23": 1,
      "24": 23,
      "25": 1,
      "26": 53,
      "27": 53,
      "28": 53,
      "29": 53,
      "30": 53,
      "31": 53,
      "32": 174,
      "33": 53,
      "34": 38,
      "35": 38,
      "36": 38,
      "37": 15,
      "38": 1,
      "39": 61,
      "40": 1,
      "41": 60,
      "42": 60,
      "43": 60,
      "44": 60,
      "45": 1,
      "46": 174,
      "47": 1,
      "48": 121,
      "49": 121,
      "50": 79,
      "51": 42,
      "52": 1,
      "53": 79,
      "54": 1,
      "55": 28,
      "56": 1,
      "57": 26,
      "58": 26,
      "59": 86,
      "60": 26,
      "61": 1,
      "62": 105
    },
    "f": {
      "0": 2,
      "1": 0,
      "2": 0,
      "3": 0,
      "4": 124,
      "5": 21,
      "6": 23,
      "7": 53,
      "8": 174,
      "9": 61,
      "10": 174,
      "11": 121,
      "12": 79,
      "13": 28,
      "14": 26,
      "15": 86,
      "16": 105
    },
    "b": {
      "0": [1, 1, 1],
      "1": [2, 0],
      "2": [0, 0],
      "3": [53, 0],
      "4": [38, 15],
      "5": [1, 60],
      "6": [60, 0],
      "7": [79, 42]
    },
    "_coverageSchema": "1a1c01bbd47fc00a2c39e90264f33305004495a9",
    "hash": "0889d650cf8ecd7268edd29c417456036bcf7314",
    "contentHash": "474b2a7f0f341393c016133d01c0c4eb605f2a65729258e7bc1dd19aeb83718e"
  },
  "/Users/craigcondon/Developer/public/paperclip/packages/paperclip-web-renderer/lib/test/random/utils.js": {
    "path": "/Users/craigcondon/Developer/public/paperclip/packages/paperclip-web-renderer/lib/test/random/utils.js",
    "statementMap": {
      "0": {
        "start": { "line": 2, "column": 21 },
        "end": { "line": 8, "column": 1 }
      },
      "1": {
        "start": { "line": 3, "column": 4 },
        "end": { "line": 3, "column": 88 }
      },
      "2": {
        "start": { "line": 3, "column": 17 },
        "end": { "line": 3, "column": 18 }
      },
      "3": {
        "start": { "line": 3, "column": 24 },
        "end": { "line": 3, "column": 25 }
      },
      "4": {
        "start": { "line": 3, "column": 32 },
        "end": { "line": 3, "column": 48 }
      },
      "5": {
        "start": { "line": 3, "column": 63 },
        "end": { "line": 3, "column": 88 }
      },
      "6": {
        "start": { "line": 4, "column": 4 },
        "end": { "line": 6, "column": 24 }
      },
      "7": {
        "start": { "line": 4, "column": 17 },
        "end": { "line": 4, "column": 25 }
      },
      "8": {
        "start": { "line": 4, "column": 31 },
        "end": { "line": 4, "column": 32 }
      },
      "9": {
        "start": { "line": 4, "column": 38 },
        "end": { "line": 4, "column": 39 }
      },
      "10": {
        "start": { "line": 5, "column": 8 },
        "end": { "line": 6, "column": 24 }
      },
      "11": {
        "start": { "line": 5, "column": 21 },
        "end": { "line": 5, "column": 33 }
      },
      "12": {
        "start": { "line": 5, "column": 39 },
        "end": { "line": 5, "column": 40 }
      },
      "13": {
        "start": { "line": 5, "column": 47 },
        "end": { "line": 5, "column": 55 }
      },
      "14": {
        "start": { "line": 6, "column": 12 },
        "end": { "line": 6, "column": 24 }
      },
      "15": {
        "start": { "line": 7, "column": 4 },
        "end": { "line": 7, "column": 13 }
      },
      "16": {
        "start": { "line": 9, "column": 0 },
        "end": { "line": 9, "column": 62 }
      },
      "17": {
        "start": { "line": 10, "column": 0 },
        "end": { "line": 10, "column": 72 }
      },
      "18": {
        "start": { "line": 11, "column": 15 },
        "end": { "line": 11, "column": 32 }
      },
      "19": {
        "start": { "line": 12, "column": 14 },
        "end": { "line": 12, "column": 22 }
      },
      "20": {
        "start": { "line": 13, "column": 10 },
        "end": { "line": 15, "column": 2 }
      },
      "21": {
        "start": { "line": 14, "column": 4 },
        "end": { "line": 14, "column": 39 }
      },
      "22": {
        "start": { "line": 16, "column": 0 },
        "end": { "line": 22, "column": 2 }
      },
      "23": {
        "start": { "line": 17, "column": 4 },
        "end": { "line": 17, "column": 46 }
      },
      "24": {
        "start": { "line": 17, "column": 28 },
        "end": { "line": 17, "column": 44 }
      },
      "25": {
        "start": { "line": 18, "column": 20 },
        "end": { "line": 18, "column": 39 }
      },
      "26": {
        "start": { "line": 19, "column": 4 },
        "end": { "line": 21, "column": 18 }
      },
      "27": {
        "start": { "line": 20, "column": 27 },
        "end": { "line": 20, "column": 64 }
      },
      "28": {
        "start": { "line": 23, "column": 0 },
        "end": { "line": 25, "column": 2 }
      },
      "29": {
        "start": { "line": 24, "column": 4 },
        "end": { "line": 24, "column": 93 }
      },
      "30": {
        "start": { "line": 26, "column": 0 },
        "end": { "line": 36, "column": 2 }
      },
      "31": {
        "start": { "line": 27, "column": 4 },
        "end": { "line": 29, "column": 5 }
      },
      "32": {
        "start": { "line": 28, "column": 8 },
        "end": { "line": 28, "column": 88 }
      },
      "33": {
        "start": { "line": 28, "column": 75 },
        "end": { "line": 28, "column": 84 }
      },
      "34": {
        "start": { "line": 30, "column": 26 },
        "end": { "line": 34, "column": 10 }
      },
      "35": {
        "start": { "line": 31, "column": 8 },
        "end": { "line": 33, "column": 12 }
      },
      "36": {
        "start": { "line": 32, "column": 12 },
        "end": { "line": 32, "column": 26 }
      },
      "37": {
        "start": { "line": 35, "column": 4 },
        "end": { "line": 35, "column": 79 }
      }
    },
    "fnMap": {
      "0": {
        "name": "(anonymous_0)",
        "decl": {
          "start": { "line": 2, "column": 54 },
          "end": { "line": 2, "column": 55 }
        },
        "loc": {
          "start": { "line": 2, "column": 66 },
          "end": { "line": 8, "column": 1 }
        },
        "line": 2
      },
      "1": {
        "name": "(anonymous_1)",
        "decl": {
          "start": { "line": 13, "column": 46 },
          "end": { "line": 13, "column": 47 }
        },
        "loc": {
          "start": { "line": 13, "column": 62 },
          "end": { "line": 15, "column": 1 }
        },
        "line": 13
      },
      "2": {
        "name": "(anonymous_2)",
        "decl": {
          "start": { "line": 16, "column": 22 },
          "end": { "line": 16, "column": 23 }
        },
        "loc": {
          "start": { "line": 16, "column": 49 },
          "end": { "line": 22, "column": 1 }
        },
        "line": 16
      },
      "3": {
        "name": "(anonymous_3)",
        "decl": {
          "start": { "line": 20, "column": 13 },
          "end": { "line": 20, "column": 14 }
        },
        "loc": {
          "start": { "line": 20, "column": 25 },
          "end": { "line": 20, "column": 66 }
        },
        "line": 20
      },
      "4": {
        "name": "(anonymous_4)",
        "decl": {
          "start": { "line": 23, "column": 22 },
          "end": { "line": 23, "column": 23 }
        },
        "loc": {
          "start": { "line": 23, "column": 42 },
          "end": { "line": 25, "column": 1 }
        },
        "line": 23
      },
      "5": {
        "name": "(anonymous_5)",
        "decl": {
          "start": { "line": 26, "column": 21 },
          "end": { "line": 26, "column": 22 }
        },
        "loc": {
          "start": { "line": 26, "column": 49 },
          "end": { "line": 36, "column": 1 }
        },
        "line": 26
      },
      "6": {
        "name": "(anonymous_6)",
        "decl": {
          "start": { "line": 28, "column": 61 },
          "end": { "line": 28, "column": 62 }
        },
        "loc": {
          "start": { "line": 28, "column": 73 },
          "end": { "line": 28, "column": 86 }
        },
        "line": 28
      },
      "7": {
        "name": "(anonymous_7)",
        "decl": {
          "start": { "line": 30, "column": 41 },
          "end": { "line": 30, "column": 42 }
        },
        "loc": {
          "start": { "line": 30, "column": 83 },
          "end": { "line": 34, "column": 5 }
        },
        "line": 30
      },
      "8": {
        "name": "(anonymous_8)",
        "decl": {
          "start": { "line": 31, "column": 90 },
          "end": { "line": 31, "column": 91 }
        },
        "loc": {
          "start": { "line": 31, "column": 102 },
          "end": { "line": 33, "column": 9 }
        },
        "line": 31
      }
    },
    "branchMap": {
      "0": {
        "loc": {
          "start": { "line": 2, "column": 21 },
          "end": { "line": 8, "column": 1 }
        },
        "type": "binary-expr",
        "locations": [
          {
            "start": { "line": 2, "column": 22 },
            "end": { "line": 2, "column": 26 }
          },
          {
            "start": { "line": 2, "column": 30 },
            "end": { "line": 2, "column": 49 }
          },
          {
            "start": { "line": 2, "column": 54 },
            "end": { "line": 8, "column": 1 }
          }
        ],
        "line": 2
      },
      "1": {
        "loc": {
          "start": { "line": 17, "column": 4 },
          "end": { "line": 17, "column": 46 }
        },
        "type": "if",
        "locations": [
          {
            "start": { "line": 17, "column": 4 },
            "end": { "line": 17, "column": 46 }
          },
          {
            "start": { "line": 17, "column": 4 },
            "end": { "line": 17, "column": 46 }
          }
        ],
        "line": 17
      },
      "2": {
        "loc": {
          "start": { "line": 27, "column": 4 },
          "end": { "line": 29, "column": 5 }
        },
        "type": "if",
        "locations": [
          {
            "start": { "line": 27, "column": 4 },
            "end": { "line": 29, "column": 5 }
          },
          {
            "start": { "line": 27, "column": 4 },
            "end": { "line": 29, "column": 5 }
          }
        ],
        "line": 27
      }
    },
    "s": {
      "0": 1,
      "1": 370403,
      "2": 370403,
      "3": 370403,
      "4": 370403,
      "5": 740806,
      "6": 370403,
      "7": 370403,
      "8": 370403,
      "9": 370403,
      "10": 740806,
      "11": 740806,
      "12": 740806,
      "13": 740806,
      "14": 4194087,
      "15": 370403,
      "16": 1,
      "17": 1,
      "18": 1,
      "19": 1,
      "20": 1,
      "21": 26,
      "22": 1,
      "23": 12624,
      "24": 5426,
      "25": 12624,
      "26": 12624,
      "27": 27673,
      "28": 1,
      "29": 14817,
      "30": 1,
      "31": 35378,
      "32": 34818,
      "33": 369035,
      "34": 35378,
      "35": 370403,
      "36": 371316,
      "37": 35378
    },
    "f": {
      "0": 370403,
      "1": 26,
      "2": 12624,
      "3": 27673,
      "4": 14817,
      "5": 35378,
      "6": 369035,
      "7": 370403,
      "8": 371316
    },
    "b": { "0": [1, 1, 1], "1": [5426, 7198], "2": [34818, 560] },
    "_coverageSchema": "1a1c01bbd47fc00a2c39e90264f33305004495a9",
    "hash": "0dcd5963ee0285dd3e9cc504fb07135cf2c6bd50",
    "contentHash": "b41e2f6b96d552cd7be2f17e46ed28c912fa231202bb326ab63b8b675d3cd2cd"
  },
  "/Users/craigcondon/Developer/public/paperclip/packages/paperclip-web-renderer/lib/test/random/styles.js": {
    "path": "/Users/craigcondon/Developer/public/paperclip/packages/paperclip-web-renderer/lib/test/random/styles.js",
    "statementMap": {
      "0": {
        "start": { "line": 2, "column": 15 },
        "end": { "line": 12, "column": 1 }
      },
      "1": {
        "start": { "line": 3, "column": 4 },
        "end": { "line": 10, "column": 6 }
      },
      "2": {
        "start": { "line": 4, "column": 8 },
        "end": { "line": 8, "column": 9 }
      },
      "3": {
        "start": { "line": 4, "column": 24 },
        "end": { "line": 4, "column": 25 }
      },
      "4": {
        "start": { "line": 4, "column": 31 },
        "end": { "line": 4, "column": 47 }
      },
      "5": {
        "start": { "line": 5, "column": 12 },
        "end": { "line": 5, "column": 29 }
      },
      "6": {
        "start": { "line": 6, "column": 12 },
        "end": { "line": 7, "column": 28 }
      },
      "7": {
        "start": { "line": 6, "column": 29 },
        "end": { "line": 7, "column": 28 }
      },
      "8": {
        "start": { "line": 7, "column": 16 },
        "end": { "line": 7, "column": 28 }
      },
      "9": {
        "start": { "line": 9, "column": 8 },
        "end": { "line": 9, "column": 17 }
      },
      "10": {
        "start": { "line": 11, "column": 4 },
        "end": { "line": 11, "column": 43 }
      },
      "11": {
        "start": { "line": 13, "column": 0 },
        "end": { "line": 13, "column": 62 }
      },
      "12": {
        "start": { "line": 14, "column": 0 },
        "end": { "line": 14, "column": 38 }
      },
      "13": {
        "start": { "line": 15, "column": 14 },
        "end": { "line": 15, "column": 32 }
      },
      "14": {
        "start": { "line": 16, "column": 0 },
        "end": { "line": 22, "column": 2 }
      },
      "15": {
        "start": { "line": 17, "column": 17 },
        "end": { "line": 17, "column": 26 }
      },
      "16": {
        "start": { "line": 18, "column": 4 },
        "end": { "line": 20, "column": 20 }
      },
      "17": {
        "start": { "line": 19, "column": 27 },
        "end": { "line": 19, "column": 68 }
      },
      "18": {
        "start": { "line": 21, "column": 4 },
        "end": { "line": 21, "column": 31 }
      },
      "19": {
        "start": { "line": 23, "column": 22 },
        "end": { "line": 25, "column": 1 }
      },
      "20": {
        "start": { "line": 24, "column": 4 },
        "end": { "line": 24, "column": 94 }
      },
      "21": {
        "start": { "line": 26, "column": 27 },
        "end": { "line": 34, "column": 1 }
      },
      "22": {
        "start": { "line": 27, "column": 4 },
        "end": { "line": 33, "column": 17 }
      },
      "23": {
        "start": { "line": 30, "column": 12 },
        "end": { "line": 30, "column": 112 }
      },
      "24": {
        "start": { "line": 35, "column": 27 },
        "end": { "line": 45, "column": 1 }
      },
      "25": {
        "start": { "line": 36, "column": 4 },
        "end": { "line": 44, "column": 17 }
      },
      "26": {
        "start": { "line": 39, "column": 12 },
        "end": { "line": 41, "column": 117 }
      },
      "27": {
        "start": { "line": 46, "column": 30 },
        "end": { "line": 49, "column": 1 }
      },
      "28": {
        "start": { "line": 48, "column": 4 },
        "end": { "line": 48, "column": 81 }
      },
      "29": {
        "start": { "line": 50, "column": 0 },
        "end": { "line": 50, "column": 20 }
      }
    },
    "fnMap": {
      "0": {
        "name": "(anonymous_0)",
        "decl": {
          "start": { "line": 2, "column": 42 },
          "end": { "line": 2, "column": 43 }
        },
        "loc": {
          "start": { "line": 2, "column": 54 },
          "end": { "line": 12, "column": 1 }
        },
        "line": 2
      },
      "1": {
        "name": "(anonymous_1)",
        "decl": {
          "start": { "line": 3, "column": 32 },
          "end": { "line": 3, "column": 33 }
        },
        "loc": {
          "start": { "line": 3, "column": 44 },
          "end": { "line": 10, "column": 5 }
        },
        "line": 3
      },
      "2": {
        "name": "(anonymous_2)",
        "decl": {
          "start": { "line": 16, "column": 31 },
          "end": { "line": 16, "column": 32 }
        },
        "loc": {
          "start": { "line": 16, "column": 59 },
          "end": { "line": 22, "column": 1 }
        },
        "line": 16
      },
      "3": {
        "name": "(anonymous_3)",
        "decl": {
          "start": { "line": 19, "column": 13 },
          "end": { "line": 19, "column": 14 }
        },
        "loc": {
          "start": { "line": 19, "column": 25 },
          "end": { "line": 19, "column": 70 }
        },
        "line": 19
      },
      "4": {
        "name": "(anonymous_4)",
        "decl": {
          "start": { "line": 23, "column": 22 },
          "end": { "line": 23, "column": 23 }
        },
        "loc": {
          "start": { "line": 23, "column": 50 },
          "end": { "line": 25, "column": 1 }
        },
        "line": 23
      },
      "5": {
        "name": "(anonymous_5)",
        "decl": {
          "start": { "line": 26, "column": 27 },
          "end": { "line": 26, "column": 28 }
        },
        "loc": {
          "start": { "line": 26, "column": 55 },
          "end": { "line": 34, "column": 1 }
        },
        "line": 26
      },
      "6": {
        "name": "(anonymous_6)",
        "decl": {
          "start": { "line": 29, "column": 17 },
          "end": { "line": 29, "column": 18 }
        },
        "loc": {
          "start": { "line": 29, "column": 29 },
          "end": { "line": 31, "column": 9 }
        },
        "line": 29
      },
      "7": {
        "name": "(anonymous_7)",
        "decl": {
          "start": { "line": 35, "column": 27 },
          "end": { "line": 35, "column": 28 }
        },
        "loc": {
          "start": { "line": 35, "column": 55 },
          "end": { "line": 45, "column": 1 }
        },
        "line": 35
      },
      "8": {
        "name": "(anonymous_8)",
        "decl": {
          "start": { "line": 38, "column": 17 },
          "end": { "line": 38, "column": 18 }
        },
        "loc": {
          "start": { "line": 38, "column": 29 },
          "end": { "line": 42, "column": 9 }
        },
        "line": 38
      },
      "9": {
        "name": "(anonymous_9)",
        "decl": {
          "start": { "line": 46, "column": 30 },
          "end": { "line": 46, "column": 31 }
        },
        "loc": {
          "start": { "line": 46, "column": 58 },
          "end": { "line": 49, "column": 1 }
        },
        "line": 46
      }
    },
    "branchMap": {
      "0": {
        "loc": {
          "start": { "line": 2, "column": 15 },
          "end": { "line": 12, "column": 1 }
        },
        "type": "binary-expr",
        "locations": [
          {
            "start": { "line": 2, "column": 16 },
            "end": { "line": 2, "column": 20 }
          },
          {
            "start": { "line": 2, "column": 24 },
            "end": { "line": 2, "column": 37 }
          },
          {
            "start": { "line": 2, "column": 42 },
            "end": { "line": 12, "column": 1 }
          }
        ],
        "line": 2
      },
      "1": {
        "loc": {
          "start": { "line": 3, "column": 15 },
          "end": { "line": 10, "column": 5 }
        },
        "type": "binary-expr",
        "locations": [
          {
            "start": { "line": 3, "column": 15 },
            "end": { "line": 3, "column": 28 }
          },
          {
            "start": { "line": 3, "column": 32 },
            "end": { "line": 10, "column": 5 }
          }
        ],
        "line": 3
      },
      "2": {
        "loc": {
          "start": { "line": 6, "column": 29 },
          "end": { "line": 7, "column": 28 }
        },
        "type": "if",
        "locations": [
          {
            "start": { "line": 6, "column": 29 },
            "end": { "line": 7, "column": 28 }
          },
          {
            "start": { "line": 6, "column": 29 },
            "end": { "line": 7, "column": 28 }
          }
        ],
        "line": 6
      },
      "3": {
        "loc": {
          "start": { "line": 39, "column": 38 },
          "end": { "line": 41, "column": 43 }
        },
        "type": "cond-expr",
        "locations": [
          {
            "start": { "line": 40, "column": 18 },
            "end": { "line": 40, "column": 65 }
          },
          {
            "start": { "line": 41, "column": 18 },
            "end": { "line": 41, "column": 43 }
          }
        ],
        "line": 39
      }
    },
    "s": {
      "0": 1,
      "1": 2,
      "2": 0,
      "3": 0,
      "4": 0,
      "5": 0,
      "6": 0,
      "7": 0,
      "8": 0,
      "9": 0,
      "10": 2,
      "11": 1,
      "12": 1,
      "13": 1,
      "14": 1,
      "15": 24,
      "16": 24,
      "17": 82,
      "18": 24,
      "19": 1,
      "20": 82,
      "21": 1,
      "22": 41,
      "23": 136,
      "24": 1,
      "25": 2018,
      "26": 6778,
      "27": 1,
      "28": 4937,
      "29": 1
    },
    "f": {
      "0": 2,
      "1": 0,
      "2": 24,
      "3": 82,
      "4": 82,
      "5": 41,
      "6": 136,
      "7": 2018,
      "8": 6778,
      "9": 4937
    },
    "b": { "0": [1, 1, 1], "1": [2, 0], "2": [0, 0], "3": [3653, 3125] },
    "_coverageSchema": "1a1c01bbd47fc00a2c39e90264f33305004495a9",
    "hash": "aaace20f76960129ec52dc1fbe5e7753a7f3cfa8",
    "contentHash": "dce5382568c18d87f4da82763a5dbe8424d5844a9ba3a2666897aa8b2ebc5d18"
  },
  "/Users/craigcondon/Developer/public/paperclip/packages/paperclip-web-renderer/lib/test/utils.js": {
    "path": "/Users/craigcondon/Developer/public/paperclip/packages/paperclip-web-renderer/lib/test/utils.js",
    "statementMap": {
      "0": {
        "start": { "line": 2, "column": 16 },
        "end": { "line": 14, "column": 4 }
      },
      "1": {
        "start": { "line": 3, "column": 24 },
        "end": { "line": 8, "column": 5 }
      },
      "2": {
        "start": { "line": 4, "column": 8 },
        "end": { "line": 6, "column": 87 }
      },
      "3": {
        "start": { "line": 5, "column": 69 },
        "end": { "line": 5, "column": 85 }
      },
      "4": {
        "start": { "line": 6, "column": 30 },
        "end": { "line": 6, "column": 84 }
      },
      "5": {
        "start": { "line": 6, "column": 47 },
        "end": { "line": 6, "column": 84 }
      },
      "6": {
        "start": { "line": 6, "column": 72 },
        "end": { "line": 6, "column": 84 }
      },
      "7": {
        "start": { "line": 7, "column": 8 },
        "end": { "line": 7, "column": 35 }
      },
      "8": {
        "start": { "line": 9, "column": 4 },
        "end": { "line": 13, "column": 6 }
      },
      "9": {
        "start": { "line": 10, "column": 8 },
        "end": { "line": 10, "column": 28 }
      },
      "10": {
        "start": { "line": 11, "column": 24 },
        "end": { "line": 11, "column": 45 }
      },
      "11": {
        "start": { "line": 12, "column": 8 },
        "end": { "line": 12, "column": 93 }
      },
      "12": {
        "start": { "line": 15, "column": 21 },
        "end": { "line": 21, "column": 1 }
      },
      "13": {
        "start": { "line": 16, "column": 4 },
        "end": { "line": 16, "column": 88 }
      },
      "14": {
        "start": { "line": 16, "column": 17 },
        "end": { "line": 16, "column": 18 }
      },
      "15": {
        "start": { "line": 16, "column": 24 },
        "end": { "line": 16, "column": 25 }
      },
      "16": {
        "start": { "line": 16, "column": 32 },
        "end": { "line": 16, "column": 48 }
      },
      "17": {
        "start": { "line": 16, "column": 63 },
        "end": { "line": 16, "column": 88 }
      },
      "18": {
        "start": { "line": 17, "column": 4 },
        "end": { "line": 19, "column": 24 }
      },
      "19": {
        "start": { "line": 17, "column": 17 },
        "end": { "line": 17, "column": 25 }
      },
      "20": {
        "start": { "line": 17, "column": 31 },
        "end": { "line": 17, "column": 32 }
      },
      "21": {
        "start": { "line": 17, "column": 38 },
        "end": { "line": 17, "column": 39 }
      },
      "22": {
        "start": { "line": 18, "column": 8 },
        "end": { "line": 19, "column": 24 }
      },
      "23": {
        "start": { "line": 18, "column": 21 },
        "end": { "line": 18, "column": 33 }
      },
      "24": {
        "start": { "line": 18, "column": 39 },
        "end": { "line": 18, "column": 40 }
      },
      "25": {
        "start": { "line": 18, "column": 47 },
        "end": { "line": 18, "column": 55 }
      },
      "26": {
        "start": { "line": 19, "column": 12 },
        "end": { "line": 19, "column": 24 }
      },
      "27": {
        "start": { "line": 20, "column": 4 },
        "end": { "line": 20, "column": 13 }
      },
      "28": {
        "start": { "line": 22, "column": 0 },
        "end": { "line": 22, "column": 62 }
      },
      "29": {
        "start": { "line": 23, "column": 0 },
        "end": { "line": 23, "column": 88 }
      },
      "30": {
        "start": { "line": 24, "column": 17 },
        "end": { "line": 24, "column": 39 }
      },
      "31": {
        "start": { "line": 25, "column": 18 },
        "end": { "line": 25, "column": 38 }
      },
      "32": {
        "start": { "line": 26, "column": 11 },
        "end": { "line": 26, "column": 26 }
      },
      "33": {
        "start": { "line": 27, "column": 0 },
        "end": { "line": 32, "column": 2 }
      },
      "34": {
        "start": { "line": 28, "column": 40 },
        "end": { "line": 28, "column": 72 }
      },
      "35": {
        "start": { "line": 29, "column": 42 },
        "end": { "line": 29, "column": 74 }
      },
      "36": {
        "start": { "line": 30, "column": 42 },
        "end": { "line": 30, "column": 68 }
      },
      "37": {
        "start": { "line": 31, "column": 43 },
        "end": { "line": 31, "column": 78 }
      },
      "38": {
        "start": { "line": 33, "column": 30 },
        "end": { "line": 54, "column": 3 }
      },
      "39": {
        "start": { "line": 36, "column": 4 },
        "end": { "line": 38, "column": 6 }
      },
      "40": {
        "start": { "line": 37, "column": 8 },
        "end": { "line": 37, "column": 40 }
      },
      "41": {
        "start": { "line": 39, "column": 4 },
        "end": { "line": 45, "column": 7 }
      },
      "42": {
        "start": { "line": 41, "column": 12 },
        "end": { "line": 41, "column": 33 }
      },
      "43": {
        "start": { "line": 46, "column": 4 },
        "end": { "line": 52, "column": 7 }
      },
      "44": {
        "start": { "line": 48, "column": 12 },
        "end": { "line": 48, "column": 39 }
      },
      "45": {
        "start": { "line": 53, "column": 4 },
        "end": { "line": 53, "column": 20 }
      },
      "46": {
        "start": { "line": 55, "column": 32 },
        "end": { "line": 102, "column": 11 }
      },
      "47": {
        "start": { "line": 56, "column": 4 },
        "end": { "line": 56, "column": 34 }
      },
      "48": {
        "start": { "line": 58, "column": 20 },
        "end": { "line": 58, "column": 76 }
      },
      "49": {
        "start": { "line": 59, "column": 8 },
        "end": { "line": 59, "column": 30 }
      },
      "50": {
        "start": { "line": 60, "column": 8 },
        "end": { "line": 60, "column": 21 }
      },
      "51": {
        "start": { "line": 62, "column": 4 },
        "end": { "line": 75, "column": 6 }
      },
      "52": {
        "start": { "line": 64, "column": 20 },
        "end": { "line": 64, "column": 24 }
      },
      "53": {
        "start": { "line": 65, "column": 8 },
        "end": { "line": 65, "column": 30 }
      },
      "54": {
        "start": { "line": 66, "column": 8 },
        "end": { "line": 74, "column": 9 }
      },
      "55": {
        "start": { "line": 67, "column": 12 },
        "end": { "line": 69, "column": 15 }
      },
      "56": {
        "start": { "line": 68, "column": 16 },
        "end": { "line": 68, "column": 39 }
      },
      "57": {
        "start": { "line": 70, "column": 12 },
        "end": { "line": 70, "column": 68 }
      },
      "58": {
        "start": { "line": 73, "column": 12 },
        "end": { "line": 73, "column": 40 }
      },
      "59": {
        "start": { "line": 76, "column": 4 },
        "end": { "line": 79, "column": 6 }
      },
      "60": {
        "start": { "line": 77, "column": 8 },
        "end": { "line": 77, "column": 30 }
      },
      "61": {
        "start": { "line": 78, "column": 8 },
        "end": { "line": 78, "column": 66 }
      },
      "62": {
        "start": { "line": 80, "column": 4 },
        "end": { "line": 92, "column": 6 }
      },
      "63": {
        "start": { "line": 82, "column": 20 },
        "end": { "line": 82, "column": 48 }
      },
      "64": {
        "start": { "line": 83, "column": 8 },
        "end": { "line": 85, "column": 9 }
      },
      "65": {
        "start": { "line": 84, "column": 12 },
        "end": { "line": 84, "column": 45 }
      },
      "66": {
        "start": { "line": 86, "column": 23 },
        "end": { "line": 86, "column": 81 }
      },
      "67": {
        "start": { "line": 87, "column": 8 },
        "end": { "line": 90, "column": 9 }
      },
      "68": {
        "start": { "line": 87, "column": 22 },
        "end": { "line": 87, "column": 23 }
      },
      "69": {
        "start": { "line": 87, "column": 38 },
        "end": { "line": 87, "column": 46 }
      },
      "70": {
        "start": { "line": 88, "column": 26 },
        "end": { "line": 88, "column": 40 }
      },
      "71": {
        "start": { "line": 89, "column": 12 },
        "end": { "line": 89, "column": 36 }
      },
      "72": {
        "start": { "line": 91, "column": 8 },
        "end": { "line": 91, "column": 86 }
      },
      "73": {
        "start": { "line": 93, "column": 4 },
        "end": { "line": 100, "column": 6 }
      },
      "74": {
        "start": { "line": 94, "column": 21 },
        "end": { "line": 94, "column": 23 }
      },
      "75": {
        "start": { "line": 95, "column": 8 },
        "end": { "line": 98, "column": 9 }
      },
      "76": {
        "start": { "line": 95, "column": 22 },
        "end": { "line": 95, "column": 23 }
      },
      "77": {
        "start": { "line": 95, "column": 30 },
        "end": { "line": 95, "column": 45 }
      },
      "78": {
        "start": { "line": 96, "column": 24 },
        "end": { "line": 96, "column": 30 }
      },
      "79": {
        "start": { "line": 97, "column": 12 },
        "end": { "line": 97, "column": 39 }
      },
      "80": {
        "start": { "line": 99, "column": 8 },
        "end": { "line": 99, "column": 22 }
      },
      "81": {
        "start": { "line": 101, "column": 4 },
        "end": { "line": 101, "column": 22 }
      },
      "82": {
        "start": { "line": 103, "column": 33 },
        "end": { "line": 141, "column": 13 }
      },
      "83": {
        "start": { "line": 104, "column": 4 },
        "end": { "line": 104, "column": 35 }
      },
      "84": {
        "start": { "line": 106, "column": 20 },
        "end": { "line": 106, "column": 45 }
      },
      "85": {
        "start": { "line": 107, "column": 8 },
        "end": { "line": 107, "column": 32 }
      },
      "86": {
        "start": { "line": 108, "column": 8 },
        "end": { "line": 108, "column": 30 }
      },
      "87": {
        "start": { "line": 109, "column": 8 },
        "end": { "line": 109, "column": 25 }
      },
      "88": {
        "start": { "line": 110, "column": 8 },
        "end": { "line": 110, "column": 31 }
      },
      "89": {
        "start": { "line": 111, "column": 8 },
        "end": { "line": 111, "column": 21 }
      },
      "90": {
        "start": { "line": 113, "column": 4 },
        "end": { "line": 115, "column": 6 }
      },
      "91": {
        "start": { "line": 114, "column": 8 },
        "end": { "line": 114, "column": 38 }
      },
      "92": {
        "start": { "line": 117, "column": 4 },
        "end": { "line": 117, "column": 61 }
      },
      "93": {
        "start": { "line": 118, "column": 4 },
        "end": { "line": 120, "column": 6 }
      },
      "94": {
        "start": { "line": 119, "column": 8 },
        "end": { "line": 119, "column": 37 }
      },
      "95": {
        "start": { "line": 121, "column": 4 },
        "end": { "line": 139, "column": 6 }
      },
      "96": {
        "start": { "line": 122, "column": 20 },
        "end": { "line": 122, "column": 24 }
      },
      "97": {
        "start": { "line": 123, "column": 21 },
        "end": { "line": 123, "column": 39 }
      },
      "98": {
        "start": { "line": 124, "column": 31 },
        "end": { "line": 126, "column": 93 }
      },
      "99": {
        "start": { "line": 126, "column": 35 },
        "end": { "line": 126, "column": 90 }
      },
      "100": {
        "start": { "line": 127, "column": 8 },
        "end": { "line": 133, "column": 9 }
      },
      "101": {
        "start": { "line": 127, "column": 22 },
        "end": { "line": 127, "column": 23 }
      },
      "102": {
        "start": { "line": 127, "column": 46 },
        "end": { "line": 127, "column": 62 }
      },
      "103": {
        "start": { "line": 128, "column": 21 },
        "end": { "line": 128, "column": 43 }
      },
      "104": {
        "start": { "line": 128, "column": 54 },
        "end": { "line": 128, "column": 61 }
      },
      "105": {
        "start": { "line": 128, "column": 71 },
        "end": { "line": 128, "column": 79 }
      },
      "106": {
        "start": { "line": 129, "column": 12 },
        "end": { "line": 131, "column": 13 }
      },
      "107": {
        "start": { "line": 130, "column": 16 },
        "end": { "line": 130, "column": 25 }
      },
      "108": {
        "start": { "line": 132, "column": 12 },
        "end": { "line": 132, "column": 65 }
      },
      "109": {
        "start": { "line": 134, "column": 8 },
        "end": { "line": 134, "column": 22 }
      },
      "110": {
        "start": { "line": 135, "column": 8 },
        "end": { "line": 136, "column": 81 }
      },
      "111": {
        "start": { "line": 137, "column": 8 },
        "end": { "line": 137, "column": 44 }
      },
      "112": {
        "start": { "line": 138, "column": 8 },
        "end": { "line": 138, "column": 22 }
      },
      "113": {
        "start": { "line": 140, "column": 4 },
        "end": { "line": 140, "column": 23 }
      },
      "114": {
        "start": { "line": 142, "column": 34 },
        "end": { "line": 151, "column": 13 }
      },
      "115": {
        "start": { "line": 143, "column": 4 },
        "end": { "line": 143, "column": 36 }
      },
      "116": {
        "start": { "line": 145, "column": 8 },
        "end": { "line": 145, "column": 72 }
      },
      "117": {
        "start": { "line": 147, "column": 4 },
        "end": { "line": 149, "column": 6 }
      },
      "118": {
        "start": { "line": 148, "column": 8 },
        "end": { "line": 148, "column": 18 }
      },
      "119": {
        "start": { "line": 150, "column": 4 },
        "end": { "line": 150, "column": 24 }
      },
      "120": {
        "start": { "line": 152, "column": 34 },
        "end": { "line": 166, "column": 11 }
      },
      "121": {
        "start": { "line": 153, "column": 4 },
        "end": { "line": 153, "column": 36 }
      },
      "122": {
        "start": { "line": 155, "column": 20 },
        "end": { "line": 155, "column": 45 }
      },
      "123": {
        "start": { "line": 156, "column": 8 },
        "end": { "line": 156, "column": 36 }
      },
      "124": {
        "start": { "line": 157, "column": 8 },
        "end": { "line": 157, "column": 21 }
      },
      "125": {
        "start": { "line": 159, "column": 4 },
        "end": { "line": 161, "column": 6 }
      },
      "126": {
        "start": { "line": 160, "column": 8 },
        "end": { "line": 160, "column": 31 }
      },
      "127": {
        "start": { "line": 162, "column": 4 },
        "end": { "line": 164, "column": 6 }
      },
      "128": {
        "start": { "line": 163, "column": 8 },
        "end": { "line": 163, "column": 30 }
      },
      "129": {
        "start": { "line": 165, "column": 4 },
        "end": { "line": 165, "column": 24 }
      },
      "130": {
        "start": { "line": 167, "column": 0 },
        "end": { "line": 185, "column": 2 }
      },
      "131": {
        "start": { "line": 168, "column": 4 },
        "end": { "line": 184, "column": 7 }
      },
      "132": {
        "start": { "line": 171, "column": 16 },
        "end": { "line": 171, "column": 92 }
      },
      "133": {
        "start": { "line": 174, "column": 16 },
        "end": { "line": 174, "column": 101 }
      },
      "134": {
        "start": { "line": 177, "column": 29 },
        "end": { "line": 177, "column": 73 }
      },
      "135": {
        "start": { "line": 178, "column": 16 },
        "end": { "line": 181, "column": 47 }
      },
      "136": {
        "start": { "line": 186, "column": 0 },
        "end": { "line": 189, "column": 2 }
      },
      "137": {
        "start": { "line": 187, "column": 4 },
        "end": { "line": 187, "column": 47 }
      },
      "138": {
        "start": { "line": 187, "column": 31 },
        "end": { "line": 187, "column": 45 }
      },
      "139": {
        "start": { "line": 188, "column": 4 },
        "end": { "line": 188, "column": 74 }
      }
    },
    "fnMap": {
      "0": {
        "name": "(anonymous_0)",
        "decl": {
          "start": { "line": 2, "column": 45 },
          "end": { "line": 2, "column": 46 }
        },
        "loc": {
          "start": { "line": 2, "column": 57 },
          "end": { "line": 14, "column": 1 }
        },
        "line": 2
      },
      "1": {
        "name": "(anonymous_1)",
        "decl": {
          "start": { "line": 3, "column": 24 },
          "end": { "line": 3, "column": 25 }
        },
        "loc": {
          "start": { "line": 3, "column": 40 },
          "end": { "line": 8, "column": 5 }
        },
        "line": 3
      },
      "2": {
        "name": "(anonymous_2)",
        "decl": {
          "start": { "line": 5, "column": 51 },
          "end": { "line": 5, "column": 52 }
        },
        "loc": {
          "start": { "line": 5, "column": 67 },
          "end": { "line": 5, "column": 87 }
        },
        "line": 5
      },
      "3": {
        "name": "(anonymous_3)",
        "decl": {
          "start": { "line": 6, "column": 12 },
          "end": { "line": 6, "column": 13 }
        },
        "loc": {
          "start": { "line": 6, "column": 28 },
          "end": { "line": 6, "column": 86 }
        },
        "line": 6
      },
      "4": {
        "name": "(anonymous_4)",
        "decl": {
          "start": { "line": 9, "column": 11 },
          "end": { "line": 9, "column": 12 }
        },
        "loc": {
          "start": { "line": 9, "column": 27 },
          "end": { "line": 13, "column": 5 }
        },
        "line": 9
      },
      "5": {
        "name": "__",
        "decl": {
          "start": { "line": 11, "column": 17 },
          "end": { "line": 11, "column": 19 }
        },
        "loc": {
          "start": { "line": 11, "column": 22 },
          "end": { "line": 11, "column": 47 }
        },
        "line": 11
      },
      "6": {
        "name": "(anonymous_6)",
        "decl": {
          "start": { "line": 15, "column": 54 },
          "end": { "line": 15, "column": 55 }
        },
        "loc": {
          "start": { "line": 15, "column": 66 },
          "end": { "line": 21, "column": 1 }
        },
        "line": 15
      },
      "7": {
        "name": "(anonymous_7)",
        "decl": {
          "start": { "line": 28, "column": 19 },
          "end": { "line": 28, "column": 20 }
        },
        "loc": {
          "start": { "line": 28, "column": 38 },
          "end": { "line": 28, "column": 74 }
        },
        "line": 28
      },
      "8": {
        "name": "(anonymous_8)",
        "decl": {
          "start": { "line": 29, "column": 21 },
          "end": { "line": 29, "column": 22 }
        },
        "loc": {
          "start": { "line": 29, "column": 40 },
          "end": { "line": 29, "column": 76 }
        },
        "line": 29
      },
      "9": {
        "name": "(anonymous_9)",
        "decl": {
          "start": { "line": 30, "column": 28 },
          "end": { "line": 30, "column": 29 }
        },
        "loc": {
          "start": { "line": 30, "column": 40 },
          "end": { "line": 30, "column": 70 }
        },
        "line": 30
      },
      "10": {
        "name": "(anonymous_10)",
        "decl": {
          "start": { "line": 31, "column": 20 },
          "end": { "line": 31, "column": 21 }
        },
        "loc": {
          "start": { "line": 31, "column": 41 },
          "end": { "line": 31, "column": 80 }
        },
        "line": 31
      },
      "11": {
        "name": "(anonymous_11)",
        "decl": {
          "start": { "line": 33, "column": 30 },
          "end": { "line": 33, "column": 31 }
        },
        "loc": {
          "start": { "line": 33, "column": 42 },
          "end": { "line": 54, "column": 1 }
        },
        "line": 33
      },
      "12": {
        "name": "BaseNode",
        "decl": {
          "start": { "line": 34, "column": 13 },
          "end": { "line": 34, "column": 21 }
        },
        "loc": {
          "start": { "line": 34, "column": 24 },
          "end": { "line": 35, "column": 5 }
        },
        "line": 34
      },
      "13": {
        "name": "(anonymous_13)",
        "decl": {
          "start": { "line": 36, "column": 32 },
          "end": { "line": 36, "column": 33 }
        },
        "loc": {
          "start": { "line": 36, "column": 44 },
          "end": { "line": 38, "column": 5 }
        },
        "line": 36
      },
      "14": {
        "name": "(anonymous_14)",
        "decl": {
          "start": { "line": 40, "column": 13 },
          "end": { "line": 40, "column": 14 }
        },
        "loc": {
          "start": { "line": 40, "column": 25 },
          "end": { "line": 42, "column": 9 }
        },
        "line": 40
      },
      "15": {
        "name": "(anonymous_15)",
        "decl": {
          "start": { "line": 47, "column": 13 },
          "end": { "line": 47, "column": 14 }
        },
        "loc": {
          "start": { "line": 47, "column": 25 },
          "end": { "line": 49, "column": 9 }
        },
        "line": 47
      },
      "16": {
        "name": "(anonymous_16)",
        "decl": {
          "start": { "line": 55, "column": 32 },
          "end": { "line": 55, "column": 33 }
        },
        "loc": {
          "start": { "line": 55, "column": 50 },
          "end": { "line": 102, "column": 1 }
        },
        "line": 55
      },
      "17": {
        "name": "ParentNode",
        "decl": {
          "start": { "line": 57, "column": 13 },
          "end": { "line": 57, "column": 23 }
        },
        "loc": {
          "start": { "line": 57, "column": 26 },
          "end": { "line": 61, "column": 5 }
        },
        "line": 57
      },
      "18": {
        "name": "(anonymous_18)",
        "decl": {
          "start": { "line": 62, "column": 39 },
          "end": { "line": 62, "column": 40 }
        },
        "loc": {
          "start": { "line": 62, "column": 56 },
          "end": { "line": 75, "column": 5 }
        },
        "line": 62
      },
      "19": {
        "name": "(anonymous_19)",
        "decl": {
          "start": { "line": 67, "column": 37 },
          "end": { "line": 67, "column": 38 }
        },
        "loc": {
          "start": { "line": 67, "column": 54 },
          "end": { "line": 69, "column": 13 }
        },
        "line": 67
      },
      "20": {
        "name": "(anonymous_20)",
        "decl": {
          "start": { "line": 76, "column": 39 },
          "end": { "line": 76, "column": 40 }
        },
        "loc": {
          "start": { "line": 76, "column": 56 },
          "end": { "line": 79, "column": 5 }
        },
        "line": 76
      },
      "21": {
        "name": "(anonymous_21)",
        "decl": {
          "start": { "line": 80, "column": 40 },
          "end": { "line": 80, "column": 41 }
        },
        "loc": {
          "start": { "line": 80, "column": 62 },
          "end": { "line": 92, "column": 5 }
        },
        "line": 80
      },
      "22": {
        "name": "(anonymous_22)",
        "decl": {
          "start": { "line": 93, "column": 40 },
          "end": { "line": 93, "column": 41 }
        },
        "loc": {
          "start": { "line": 93, "column": 52 },
          "end": { "line": 100, "column": 5 }
        },
        "line": 93
      },
      "23": {
        "name": "(anonymous_23)",
        "decl": {
          "start": { "line": 103, "column": 33 },
          "end": { "line": 103, "column": 34 }
        },
        "loc": {
          "start": { "line": 103, "column": 51 },
          "end": { "line": 141, "column": 1 }
        },
        "line": 103
      },
      "24": {
        "name": "MockElement",
        "decl": {
          "start": { "line": 105, "column": 13 },
          "end": { "line": 105, "column": 24 }
        },
        "loc": {
          "start": { "line": 105, "column": 34 },
          "end": { "line": 112, "column": 5 }
        },
        "line": 105
      },
      "25": {
        "name": "(anonymous_25)",
        "decl": {
          "start": { "line": 113, "column": 41 },
          "end": { "line": 113, "column": 42 }
        },
        "loc": {
          "start": { "line": 113, "column": 64 },
          "end": { "line": 115, "column": 5 }
        },
        "line": 113
      },
      "26": {
        "name": "(anonymous_26)",
        "decl": {
          "start": { "line": 117, "column": 45 },
          "end": { "line": 117, "column": 46 }
        },
        "loc": {
          "start": { "line": 117, "column": 57 },
          "end": { "line": 117, "column": 60 }
        },
        "line": 117
      },
      "27": {
        "name": "(anonymous_27)",
        "decl": {
          "start": { "line": 118, "column": 44 },
          "end": { "line": 118, "column": 45 }
        },
        "loc": {
          "start": { "line": 118, "column": 60 },
          "end": { "line": 120, "column": 5 }
        },
        "line": 118
      },
      "28": {
        "name": "(anonymous_28)",
        "decl": {
          "start": { "line": 121, "column": 37 },
          "end": { "line": 121, "column": 38 }
        },
        "loc": {
          "start": { "line": 121, "column": 49 },
          "end": { "line": 139, "column": 5 }
        },
        "line": 121
      },
      "29": {
        "name": "(anonymous_29)",
        "decl": {
          "start": { "line": 126, "column": 17 },
          "end": { "line": 126, "column": 18 }
        },
        "loc": {
          "start": { "line": 126, "column": 33 },
          "end": { "line": 126, "column": 92 }
        },
        "line": 126
      },
      "30": {
        "name": "(anonymous_30)",
        "decl": {
          "start": { "line": 142, "column": 34 },
          "end": { "line": 142, "column": 35 }
        },
        "loc": {
          "start": { "line": 142, "column": 52 },
          "end": { "line": 151, "column": 1 }
        },
        "line": 142
      },
      "31": {
        "name": "MockFragment",
        "decl": {
          "start": { "line": 144, "column": 13 },
          "end": { "line": 144, "column": 25 }
        },
        "loc": {
          "start": { "line": 144, "column": 28 },
          "end": { "line": 146, "column": 5 }
        },
        "line": 144
      },
      "32": {
        "name": "(anonymous_32)",
        "decl": {
          "start": { "line": 147, "column": 38 },
          "end": { "line": 147, "column": 39 }
        },
        "loc": {
          "start": { "line": 147, "column": 50 },
          "end": { "line": 149, "column": 5 }
        },
        "line": 147
      },
      "33": {
        "name": "(anonymous_33)",
        "decl": {
          "start": { "line": 152, "column": 34 },
          "end": { "line": 152, "column": 35 }
        },
        "loc": {
          "start": { "line": 152, "column": 52 },
          "end": { "line": 166, "column": 1 }
        },
        "line": 152
      },
      "34": {
        "name": "MockTextNode",
        "decl": {
          "start": { "line": 154, "column": 13 },
          "end": { "line": 154, "column": 25 }
        },
        "loc": {
          "start": { "line": 154, "column": 37 },
          "end": { "line": 158, "column": 5 }
        },
        "line": 154
      },
      "35": {
        "name": "(anonymous_35)",
        "decl": {
          "start": { "line": 159, "column": 42 },
          "end": { "line": 159, "column": 43 }
        },
        "loc": {
          "start": { "line": 159, "column": 54 },
          "end": { "line": 161, "column": 5 }
        },
        "line": 159
      },
      "36": {
        "name": "(anonymous_36)",
        "decl": {
          "start": { "line": 162, "column": 38 },
          "end": { "line": 162, "column": 39 }
        },
        "loc": {
          "start": { "line": 162, "column": 50 },
          "end": { "line": 164, "column": 5 }
        },
        "line": 162
      },
      "37": {
        "name": "(anonymous_37)",
        "decl": {
          "start": { "line": 167, "column": 27 },
          "end": { "line": 167, "column": 28 }
        },
        "loc": {
          "start": { "line": 167, "column": 44 },
          "end": { "line": 185, "column": 1 }
        },
        "line": 167
      },
      "38": {
        "name": "(anonymous_38)",
        "decl": {
          "start": { "line": 170, "column": 22 },
          "end": { "line": 170, "column": 23 }
        },
        "loc": {
          "start": { "line": 170, "column": 37 },
          "end": { "line": 172, "column": 13 }
        },
        "line": 170
      },
      "39": {
        "name": "(anonymous_39)",
        "decl": {
          "start": { "line": 173, "column": 24 },
          "end": { "line": 173, "column": 25 }
        },
        "loc": {
          "start": { "line": 173, "column": 39 },
          "end": { "line": 175, "column": 13 }
        },
        "line": 173
      },
      "40": {
        "name": "(anonymous_40)",
        "decl": {
          "start": { "line": 176, "column": 25 },
          "end": { "line": 176, "column": 26 }
        },
        "loc": {
          "start": { "line": 176, "column": 45 },
          "end": { "line": 182, "column": 13 }
        },
        "line": 176
      },
      "41": {
        "name": "(anonymous_41)",
        "decl": {
          "start": { "line": 186, "column": 29 },
          "end": { "line": 186, "column": 30 }
        },
        "loc": {
          "start": { "line": 186, "column": 54 },
          "end": { "line": 189, "column": 1 }
        },
        "line": 186
      }
    },
    "branchMap": {
      "0": {
        "loc": {
          "start": { "line": 2, "column": 16 },
          "end": { "line": 14, "column": 4 }
        },
        "type": "binary-expr",
        "locations": [
          {
            "start": { "line": 2, "column": 17 },
            "end": { "line": 2, "column": 21 }
          },
          {
            "start": { "line": 2, "column": 25 },
            "end": { "line": 2, "column": 39 }
          },
          {
            "start": { "line": 2, "column": 44 },
            "end": { "line": 14, "column": 4 }
          }
        ],
        "line": 2
      },
      "1": {
        "loc": {
          "start": { "line": 4, "column": 24 },
          "end": { "line": 6, "column": 86 }
        },
        "type": "binary-expr",
        "locations": [
          {
            "start": { "line": 4, "column": 24 },
            "end": { "line": 4, "column": 45 }
          },
          {
            "start": { "line": 5, "column": 13 },
            "end": { "line": 5, "column": 47 }
          },
          {
            "start": { "line": 5, "column": 51 },
            "end": { "line": 5, "column": 87 }
          },
          {
            "start": { "line": 6, "column": 12 },
            "end": { "line": 6, "column": 86 }
          }
        ],
        "line": 4
      },
      "2": {
        "loc": {
          "start": { "line": 6, "column": 47 },
          "end": { "line": 6, "column": 84 }
        },
        "type": "if",
        "locations": [
          {
            "start": { "line": 6, "column": 47 },
            "end": { "line": 6, "column": 84 }
          },
          {
            "start": { "line": 6, "column": 47 },
            "end": { "line": 6, "column": 84 }
          }
        ],
        "line": 6
      },
      "3": {
        "loc": {
          "start": { "line": 12, "column": 22 },
          "end": { "line": 12, "column": 92 }
        },
        "type": "cond-expr",
        "locations": [
          {
            "start": { "line": 12, "column": 35 },
[...]
        "decl": {
          "start": { "line": 9, "column": 28 },
          "end": { "line": 9, "column": 29 }
        },
        "loc": {
          "start": { "line": 9, "column": 50 },
          "end": { "line": 17, "column": 1 }
        },
        "line": 9
      },
      "1": {
        "name": "(anonymous_1)",
        "decl": {
          "start": { "line": 18, "column": 27 },
          "end": { "line": 18, "column": 28 }
        },
        "loc": {
          "start": { "line": 18, "column": 76 },
          "end": { "line": 40, "column": 1 }
        },
        "line": 18
      },
      "2": {
        "name": "(anonymous_2)",
        "decl": {
          "start": { "line": 41, "column": 37 },
          "end": { "line": 41, "column": 38 }
        },
        "loc": {
          "start": { "line": 41, "column": 73 },
          "end": { "line": 47, "column": 1 }
        },
        "line": 41
      },
      "3": {
        "name": "(anonymous_3)",
        "decl": {
          "start": { "line": 48, "column": 27 },
          "end": { "line": 48, "column": 28 }
        },
        "loc": {
          "start": { "line": 48, "column": 52 },
          "end": { "line": 50, "column": 1 }
        },
        "line": 48
      },
      "4": {
        "name": "(anonymous_4)",
        "decl": {
          "start": { "line": 51, "column": 26 },
          "end": { "line": 51, "column": 27 }
        },
        "loc": {
          "start": { "line": 51, "column": 78 },
          "end": { "line": 79, "column": 1 }
        },
        "line": 51
      },
      "5": {
        "name": "(anonymous_5)",
        "decl": {
          "start": { "line": 80, "column": 27 },
          "end": { "line": 80, "column": 28 }
        },
        "loc": {
          "start": { "line": 80, "column": 66 },
          "end": { "line": 87, "column": 1 }
        },
        "line": 80
      }
    },
    "branchMap": {
      "0": {
        "loc": {
          "start": { "line": 20, "column": 4 },
          "end": { "line": 22, "column": 5 }
        },
        "type": "if",
        "locations": [
          {
            "start": { "line": 20, "column": 4 },
            "end": { "line": 22, "column": 5 }
          },
          {
            "start": { "line": 20, "column": 4 },
            "end": { "line": 22, "column": 5 }
          }
        ],
        "line": 20
      },
      "1": {
        "loc": {
          "start": { "line": 24, "column": 8 },
          "end": { "line": 35, "column": 9 }
        },
        "type": "switch",
        "locations": [
          {
            "start": { "line": 25, "column": 12 },
            "end": { "line": 28, "column": 13 }
          },
          {
            "start": { "line": 29, "column": 12 },
            "end": { "line": 30, "column": 82 }
          },
          {
            "start": { "line": 31, "column": 12 },
            "end": { "line": 32, "column": 89 }
          },
          {
            "start": { "line": 33, "column": 12 },
            "end": { "line": 34, "column": 69 }
          }
        ],
        "line": 24
      },
      "2": {
        "loc": {
          "start": { "line": 53, "column": 24 },
          "end": { "line": 57, "column": 52 }
        },
        "type": "cond-expr",
        "locations": [
          {
            "start": { "line": 54, "column": 10 },
            "end": { "line": 54, "column": 58 }
          },
          {
            "start": { "line": 55, "column": 10 },
            "end": { "line": 57, "column": 52 }
          }
        ],
        "line": 53
      },
      "3": {
        "loc": {
          "start": { "line": 55, "column": 10 },
          "end": { "line": 57, "column": 52 }
        },
        "type": "cond-expr",
        "locations": [
          {
            "start": { "line": 56, "column": 14 },
            "end": { "line": 56, "column": 68 }
          },
          {
            "start": { "line": 57, "column": 14 },
            "end": { "line": 57, "column": 52 }
          }
        ],
        "line": 55
      },
      "4": {
        "loc": {
          "start": { "line": 58, "column": 28 },
          "end": { "line": 58, "column": 86 }
        },
        "type": "cond-expr",
        "locations": [
          {
            "start": { "line": 58, "column": 56 },
            "end": { "line": 58, "column": 71 }
          },
          {
            "start": { "line": 58, "column": 74 },
            "end": { "line": 58, "column": 86 }
          }
        ],
        "line": 58
      },
      "5": {
        "loc": {
          "start": { "line": 61, "column": 8 },
          "end": { "line": 63, "column": 9 }
        },
        "type": "if",
        "locations": [
          {
            "start": { "line": 61, "column": 8 },
            "end": { "line": 63, "column": 9 }
          },
          {
            "start": { "line": 61, "column": 8 },
            "end": { "line": 63, "column": 9 }
          }
        ],
        "line": 61
      },
      "6": {
        "loc": {
          "start": { "line": 61, "column": 12 },
          "end": { "line": 61, "column": 40 }
        },
        "type": "binary-expr",
        "locations": [
          {
            "start": { "line": 61, "column": 12 },
            "end": { "line": 61, "column": 28 }
          },
          {
            "start": { "line": 61, "column": 32 },
            "end": { "line": 61, "column": 40 }
          }
        ],
        "line": 61
      },
      "7": {
        "loc": {
          "start": { "line": 64, "column": 24 },
          "end": { "line": 64, "column": 62 }
        },
        "type": "binary-expr",
        "locations": [
          {
            "start": { "line": 64, "column": 24 },
            "end": { "line": 64, "column": 52 }
          },
          {
            "start": { "line": 64, "column": 56 },
            "end": { "line": 64, "column": 62 }
          }
        ],
        "line": 64
      },
      "8": {
        "loc": {
          "start": { "line": 72, "column": 4 },
          "end": { "line": 76, "column": 5 }
        },
        "type": "if",
        "locations": [
          {
            "start": { "line": 72, "column": 4 },
            "end": { "line": 76, "column": 5 }
          },
          {
            "start": { "line": 72, "column": 4 },
            "end": { "line": 76, "column": 5 }
          }
        ],
        "line": 72
      }
    },
    "s": {
      "0": 1,
      "1": 1,
      "2": 1,
      "3": 1,
      "4": 1,
      "5": 1,
      "6": 1,
      "7": 1,
      "8": 0,
      "9": 0,
      "10": 0,
      "11": 0,
      "12": 0,
      "13": 0,
      "14": 1,
      "15": 259,
      "16": 0,
      "17": 259,
      "18": 259,
      "19": 87,
      "20": 87,
      "21": 125,
      "22": 0,
      "23": 47,
      "24": 0,
      "25": 1,
      "26": 85,
      "27": 85,
      "28": 85,
      "29": 1,
      "30": 87,
      "31": 1,
      "32": 125,
      "33": 125,
      "34": 125,
      "35": 306,
      "36": 306,
      "37": 1,
      "38": 306,
      "39": 306,
      "40": 125,
      "41": 125,
      "42": 125,
      "43": 81,
      "44": 81,
      "45": 125,
      "46": 7,
      "47": 7,
      "48": 7,
      "49": 125,
      "50": 1,
      "51": 47,
      "52": 47,
      "53": 47,
      "54": 47,
      "55": 80,
      "56": 80,
      "57": 47
    },
    "f": { "0": 0, "1": 259, "2": 85, "3": 87, "4": 125, "5": 47 },
    "b": {
      "0": [0, 259],
      "1": [87, 125, 0, 47],
      "2": [0, 125],
      "3": [0, 125],
      "4": [0, 125],
      "5": [1, 305],
      "6": [306, 1],
      "7": [306, 302],
      "8": [7, 118]
    },
    "_coverageSchema": "1a1c01bbd47fc00a2c39e90264f33305004495a9",
    "hash": "49780b8c3da19672f7026c801d66799a62c1e0de",
    "contentHash": "6ec73d5ec1b04281c26e9beb25d6fdf5ca6b899687c1cb8d0c5b7396171ea13e"
  },
  "/Users/craigcondon/Developer/public/paperclip/packages/paperclip-web-renderer/lib/utils.js": {
    "path": "/Users/craigcondon/Developer/public/paperclip/packages/paperclip-web-renderer/lib/utils.js",
    "statementMap": {
      "0": {
        "start": { "line": 2, "column": 0 },
        "end": { "line": 2, "column": 62 }
      },
      "1": {
        "start": { "line": 3, "column": 0 },
        "end": { "line": 3, "column": 55 }
      },
      "2": {
        "start": { "line": 4, "column": 0 },
        "end": { "line": 8, "column": 2 }
      },
      "3": {
        "start": { "line": 5, "column": 4 },
        "end": { "line": 5, "column": 28 }
      },
      "4": {
        "start": { "line": 6, "column": 4 },
        "end": { "line": 6, "column": 27 }
      },
      "5": {
        "start": { "line": 7, "column": 4 },
        "end": { "line": 7, "column": 17 }
      },
      "6": {
        "start": { "line": 9, "column": 0 },
        "end": { "line": 11, "column": 2 }
      }
    },
    "fnMap": {
      "0": {
        "name": "(anonymous_0)",
        "decl": {
          "start": { "line": 4, "column": 25 },
          "end": { "line": 4, "column": 26 }
        },
        "loc": {
          "start": { "line": 4, "column": 42 },
          "end": { "line": 8, "column": 1 }
        },
        "line": 4
      }
    },
    "branchMap": {},
    "s": { "0": 1, "1": 1, "2": 1, "3": 0, "4": 0, "5": 0, "6": 1 },
    "f": { "0": 0 },
    "b": {},
    "_coverageSchema": "1a1c01bbd47fc00a2c39e90264f33305004495a9",
    "hash": "ea6a26a0624aa03a1488c52af0879ed7d4de4686",
    "contentHash": "4d7fbee0c75bbf3e563b2aee0500ac3cb95e0b83cdd5a7e431c6caf389cf1a0b"
  },
  "/Users/craigcondon/Developer/public/paperclip/packages/paperclip-web-renderer/lib/dom-patcher.js": {
    "path": "/Users/craigcondon/Developer/public/paperclip/packages/paperclip-web-renderer/lib/dom-patcher.js",
    "statementMap": {
      "0": {
        "start": { "line": 2, "column": 0 },
        "end": { "line": 2, "column": 62 }
      },
      "1": {
        "start": { "line": 3, "column": 0 },
        "end": { "line": 3, "column": 33 }
      },
      "2": {
        "start": { "line": 4, "column": 22 },
        "end": { "line": 4, "column": 46 }
      },
      "3": {
        "start": { "line": 5, "column": 24 },
        "end": { "line": 5, "column": 52 }
      },
      "4": {
        "start": { "line": 6, "column": 24 },
        "end": { "line": 6, "column": 50 }
      },
      "5": {
        "start": { "line": 7, "column": 14 },
        "end": { "line": 7, "column": 32 }
      },
      "6": {
        "start": { "line": 8, "column": 15 },
        "end": { "line": 8, "column": 50 }
      },
      "7": {
        "start": { "line": 9, "column": 0 },
        "end": { "line": 58, "column": 2 }
      },
      "8": {
        "start": { "line": 10, "column": 4 },
        "end": { "line": 57, "column": 5 }
      },
      "9": {
        "start": { "line": 10, "column": 18 },
        "end": { "line": 10, "column": 19 }
      },
      "10": {
        "start": { "line": 10, "column": 35 },
        "end": { "line": 10, "column": 44 }
      },
      "11": {
        "start": { "line": 11, "column": 23 },
        "end": { "line": 11, "column": 38 }
      },
      "12": {
        "start": { "line": 12, "column": 21 },
        "end": { "line": 12, "column": 47 }
      },
      "13": {
        "start": { "line": 13, "column": 21 },
        "end": { "line": 13, "column": 36 }
      },
      "14": {
        "start": { "line": 14, "column": 8 },
        "end": { "line": 56, "column": 9 }
      },
      "15": {
        "start": { "line": 16, "column": 28 },
        "end": { "line": 16, "column": 59 }
      },
      "16": {
        "start": { "line": 17, "column": 16 },
        "end": { "line": 17, "column": 42 }
      },
      "17": {
        "start": { "line": 18, "column": 16 },
        "end": { "line": 18, "column": 22 }
      },
      "18": {
        "start": { "line": 21, "column": 31 },
        "end": { "line": 21, "column": 119 }
      },
      "19": {
        "start": { "line": 22, "column": 16 },
        "end": { "line": 27, "column": 17 }
      },
      "20": {
        "start": { "line": 23, "column": 20 },
        "end": { "line": 23, "column": 49 }
      },
      "21": {
        "start": { "line": 26, "column": 20 },
        "end": { "line": 26, "column": 83 }
      },
      "22": {
        "start": { "line": 28, "column": 16 },
        "end": { "line": 28, "column": 22 }
      },
      "23": {
        "start": { "line": 31, "column": 31 },
        "end": { "line": 31, "column": 48 }
      },
      "24": {
        "start": { "line": 32, "column": 16 },
        "end": { "line": 32, "column": 144 }
      },
      "25": {
        "start": { "line": 33, "column": 16 },
        "end": { "line": 33, "column": 32 }
      },
      "26": {
        "start": { "line": 34, "column": 16 },
        "end": { "line": 34, "column": 22 }
      },
      "27": {
        "start": { "line": 37, "column": 30 },
        "end": { "line": 37, "column": 36 }
      },
      "28": {
        "start": { "line": 38, "column": 16 },
        "end": { "line": 38, "column": 90 }
      },
      "29": {
        "start": { "line": 39, "column": 16 },
        "end": { "line": 39, "column": 22 }
      },
      "30": {
        "start": { "line": 42, "column": 30 },
        "end": { "line": 42, "column": 36 }
      },
      "31": {
        "start": { "line": 43, "column": 32 },
        "end": { "line": 43, "column": 80 }
      },
      "32": {
        "start": { "line": 44, "column": 28 },
        "end": { "line": 44, "column": 46 }
      },
      "33": {
        "start": { "line": 45, "column": 16 },
        "end": { "line": 47, "column": 17 }
      },
      "34": {
        "start": { "line": 46, "column": 20 },
        "end": { "line": 46, "column": 61 }
      },
      "35": {
        "start": { "line": 48, "column": 16 },
        "end": { "line": 48, "column": 55 }
      },
      "36": {
        "start": { "line": 49, "column": 16 },
        "end": { "line": 49, "column": 22 }
      },
      "37": {
        "start": { "line": 52, "column": 27 },
        "end": { "line": 52, "column": 33 }
      },
      "38": {
        "start": { "line": 53, "column": 16 },
        "end": { "line": 53, "column": 63 }
      },
      "39": {
        "start": { "line": 54, "column": 16 },
        "end": { "line": 54, "column": 22 }
      },
      "40": {
        "start": { "line": 59, "column": 16 },
        "end": { "line": 61, "column": 1 }
      },
      "41": {
        "start": { "line": 60, "column": 4 },
        "end": { "line": 60, "column": 100 }
      },
      "42": {
        "start": { "line": 60, "column": 60 },
        "end": { "line": 60, "column": 89 }
      }
    },
    "fnMap": {
      "0": {
        "name": "(anonymous_0)",
        "decl": {
          "start": { "line": 9, "column": 26 },
          "end": { "line": 9, "column": 27 }
        },
        "loc": {
          "start": { "line": 9, "column": 73 },
          "end": { "line": 58, "column": 1 }
        },
        "line": 9
      },
      "1": {
        "name": "(anonymous_1)",
        "decl": {
          "start": { "line": 59, "column": 16 },
          "end": { "line": 59, "column": 17 }
        },
        "loc": {
          "start": { "line": 59, "column": 43 },
          "end": { "line": 61, "column": 1 }
        },
        "line": 59
      },
      "2": {
        "name": "(anonymous_2)",
        "decl": {
          "start": { "line": 60, "column": 36 },
          "end": { "line": 60, "column": 37 }
        },
        "loc": {
          "start": { "line": 60, "column": 58 },
          "end": { "line": 60, "column": 91 }
        },
        "line": 60
      }
    },
    "branchMap": {
      "0": {
        "loc": {
          "start": { "line": 14, "column": 8 },
          "end": { "line": 56, "column": 9 }
        },
        "type": "switch",
        "locations": [
          {
            "start": { "line": 15, "column": 12 },
            "end": { "line": 19, "column": 13 }
          },
          {
            "start": { "line": 20, "column": 12 },
            "end": { "line": 29, "column": 13 }
          },
          {
            "start": { "line": 30, "column": 12 },
            "end": { "line": 35, "column": 13 }
          },
          {
            "start": { "line": 36, "column": 12 },
            "end": { "line": 40, "column": 13 }
          },
          {
            "start": { "line": 41, "column": 12 },
            "end": { "line": 50, "column": 13 }
          },
          {
            "start": { "line": 51, "column": 12 },
            "end": { "line": 55, "column": 13 }
          }
        ],
        "line": 14
      },
      "1": {
        "loc": {
          "start": { "line": 22, "column": 16 },
          "end": { "line": 27, "column": 17 }
        },
        "type": "if",
        "locations": [
          {
            "start": { "line": 22, "column": 16 },
            "end": { "line": 27, "column": 17 }
          },
          {
            "start": { "line": 22, "column": 16 },
            "end": { "line": 27, "column": 17 }
          }
        ],
        "line": 22
      },
      "2": {
        "loc": {
          "start": { "line": 38, "column": 40 },
          "end": { "line": 38, "column": 88 }
        },
        "type": "binary-expr",
        "locations": [
          {
            "start": { "line": 38, "column": 40 },
            "end": { "line": 38, "column": 73 }
          },
          {
            "start": { "line": 38, "column": 77 },
            "end": { "line": 38, "column": 88 }
          }
        ],
        "line": 38
      },
      "3": {
        "loc": {
          "start": { "line": 43, "column": 32 },
          "end": { "line": 43, "column": 80 }
        },
        "type": "binary-expr",
        "locations": [
          {
            "start": { "line": 43, "column": 32 },
            "end": { "line": 43, "column": 65 }
          },
          {
            "start": { "line": 43, "column": 69 },
            "end": { "line": 43, "column": 80 }
          }
        ],
        "line": 43
      },
      "4": {
        "loc": {
          "start": { "line": 44, "column": 28 },
          "end": { "line": 44, "column": 46 }
        },
        "type": "binary-expr",
        "locations": [
          {
            "start": { "line": 44, "column": 28 },
            "end": { "line": 44, "column": 40 }
          },
          {
            "start": { "line": 44, "column": 44 },
            "end": { "line": 44, "column": 46 }
          }
        ],
        "line": 44
      },
      "5": {
        "loc": {
          "start": { "line": 45, "column": 16 },
          "end": { "line": 47, "column": 17 }
        },
        "type": "if",
        "locations": [
          {
            "start": { "line": 45, "column": 16 },
            "end": { "line": 47, "column": 17 }
          },
          {
            "start": { "line": 45, "column": 16 },
            "end": { "line": 47, "column": 17 }
          }
        ],
        "line": 45
      }
    },
    "s": {
      "0": 1,
      "1": 1,
      "2": 1,
      "3": 1,
      "4": 1,
      "5": 1,
      "6": 1,
      "7": 1,
      "8": 40,
      "9": 40,
      "10": 40,
      "11": 84,
      "12": 84,
      "13": 84,
      "14": 84,
      "15": 10,
      "16": 10,
      "17": 10,
      "18": 14,
      "19": 14,
      "20": 14,
      "21": 0,
      "22": 14,
      "23": 37,
      "24": 37,
      "25": 37,
      "26": 37,
      "27": 2,
      "28": 2,
      "29": 2,
      "30": 2,
      "31": 2,
      "32": 2,
      "33": 2,
      "34": 1,
      "35": 2,
      "36": 2,
      "37": 14,
      "38": 14,
      "39": 14,
      "40": 1,
      "41": 84,
      "42": 62
    },
    "f": { "0": 40, "1": 84, "2": 62 },
    "b": {
      "0": [10, 14, 37, 2, 2, 14],
      "1": [14, 0],
      "2": [2, 2],
      "3": [2, 2],
      "4": [2, 0],
      "5": [1, 1]
    },
    "_coverageSchema": "1a1c01bbd47fc00a2c39e90264f33305004495a9",
    "hash": "b58c334a77986ee8d050f0e8dc7998603be365ae",
    "contentHash": "06c319c8327aa415f25007e5a58e366178b920ddb05ddc95db14af9b203bfc5c"
  }
}
