{
  "/Users/craigcondon/Developer/public/paperclip/packages/paperclip-compiler-react/lib/test/utils.js": {
    "path": "/Users/craigcondon/Developer/public/paperclip/packages/paperclip-compiler-react/lib/test/utils.js",
    "statementMap": {
      "0": {
        "start": { "line": 2, "column": 16 },
        "end": { "line": 10, "column": 1 }
      },
      "1": {
        "start": { "line": 3, "column": 28 },
        "end": { "line": 3, "column": 110 }
      },
      "2": {
        "start": { "line": 3, "column": 91 },
        "end": { "line": 3, "column": 106 }
      },
      "3": {
        "start": { "line": 4, "column": 4 },
        "end": { "line": 9, "column": 7 }
      },
      "4": {
        "start": { "line": 5, "column": 36 },
        "end": { "line": 5, "column": 97 }
      },
      "5": {
        "start": { "line": 5, "column": 42 },
        "end": { "line": 5, "column": 70 }
      },
      "6": {
        "start": { "line": 5, "column": 85 },
        "end": { "line": 5, "column": 95 }
      },
      "7": {
        "start": { "line": 6, "column": 35 },
        "end": { "line": 6, "column": 100 }
      },
      "8": {
        "start": { "line": 6, "column": 41 },
        "end": { "line": 6, "column": 73 }
      },
      "9": {
        "start": { "line": 6, "column": 88 },
        "end": { "line": 6, "column": 98 }
      },
      "10": {
        "start": { "line": 7, "column": 32 },
        "end": { "line": 7, "column": 116 }
      },
      "11": {
        "start": { "line": 8, "column": 8 },
        "end": { "line": 8, "column": 78 }
      },
      "12": {
        "start": { "line": 11, "column": 18 },
        "end": { "line": 37, "column": 1 }
      },
      "13": {
        "start": { "line": 12, "column": 12 },
        "end": { "line": 12, "column": 104 }
      },
      "14": {
        "start": { "line": 12, "column": 43 },
        "end": { "line": 12, "column": 68 }
      },
      "15": {
        "start": { "line": 12, "column": 57 },
        "end": { "line": 12, "column": 68 }
      },
      "16": {
        "start": { "line": 12, "column": 69 },
        "end": { "line": 12, "column": 81 }
      },
      "17": {
        "start": { "line": 13, "column": 4 },
        "end": { "line": 13, "column": 157 }
      },
      "18": {
        "start": { "line": 13, "column": 138 },
        "end": { "line": 13, "column": 150 }
      },
      "19": {
        "start": { "line": 14, "column": 23 },
        "end": { "line": 14, "column": 68 }
      },
      "20": {
        "start": { "line": 14, "column": 45 },
        "end": { "line": 14, "column": 65 }
      },
      "21": {
        "start": { "line": 16, "column": 8 },
        "end": { "line": 16, "column": 70 }
      },
      "22": {
        "start": { "line": 16, "column": 15 },
        "end": { "line": 16, "column": 70 }
      },
      "23": {
        "start": { "line": 17, "column": 8 },
        "end": { "line": 34, "column": 66 }
      },
      "24": {
        "start": { "line": 17, "column": 18 },
        "end": { "line": 34, "column": 66 }
      },
      "25": {
        "start": { "line": 18, "column": 12 },
        "end": { "line": 18, "column": 169 }
      },
      "26": {
        "start": { "line": 18, "column": 160 },
        "end": { "line": 18, "column": 169 }
      },
      "27": {
        "start": { "line": 19, "column": 12 },
        "end": { "line": 19, "column": 52 }
      },
      "28": {
        "start": { "line": 19, "column": 26 },
        "end": { "line": 19, "column": 52 }
      },
      "29": {
        "start": { "line": 20, "column": 12 },
        "end": { "line": 32, "column": 13 }
      },
      "30": {
        "start": { "line": 21, "column": 32 },
        "end": { "line": 21, "column": 39 }
      },
      "31": {
        "start": { "line": 21, "column": 40 },
        "end": { "line": 21, "column": 46 }
      },
      "32": {
        "start": { "line": 22, "column": 24 },
        "end": { "line": 22, "column": 34 }
      },
      "33": {
        "start": { "line": 22, "column": 35 },
        "end": { "line": 22, "column": 72 }
      },
      "34": {
        "start": { "line": 23, "column": 24 },
        "end": { "line": 23, "column": 34 }
      },
      "35": {
        "start": { "line": 23, "column": 35 },
        "end": { "line": 23, "column": 45 }
      },
      "36": {
        "start": { "line": 23, "column": 46 },
        "end": { "line": 23, "column": 55 }
      },
      "37": {
        "start": { "line": 23, "column": 56 },
        "end": { "line": 23, "column": 65 }
      },
      "38": {
        "start": { "line": 24, "column": 24 },
        "end": { "line": 24, "column": 41 }
      },
      "39": {
        "start": { "line": 24, "column": 42 },
        "end": { "line": 24, "column": 55 }
      },
      "40": {
        "start": { "line": 24, "column": 56 },
        "end": { "line": 24, "column": 65 }
      },
      "41": {
        "start": { "line": 26, "column": 20 },
        "end": { "line": 26, "column": 128 }
      },
      "42": {
        "start": { "line": 26, "column": 110 },
        "end": { "line": 26, "column": 116 }
      },
      "43": {
        "start": { "line": 26, "column": 117 },
        "end": { "line": 26, "column": 126 }
      },
      "44": {
        "start": { "line": 27, "column": 20 },
        "end": { "line": 27, "column": 106 }
      },
      "45": {
        "start": { "line": 27, "column": 81 },
        "end": { "line": 27, "column": 97 }
      },
      "46": {
        "start": { "line": 27, "column": 98 },
        "end": { "line": 27, "column": 104 }
      },
      "47": {
        "start": { "line": 28, "column": 20 },
        "end": { "line": 28, "column": 89 }
      },
      "48": {
        "start": { "line": 28, "column": 57 },
        "end": { "line": 28, "column": 72 }
      },
      "49": {
        "start": { "line": 28, "column": 73 },
        "end": { "line": 28, "column": 80 }
      },
      "50": {
        "start": { "line": 28, "column": 81 },
        "end": { "line": 28, "column": 87 }
      },
      "51": {
        "start": { "line": 29, "column": 20 },
        "end": { "line": 29, "column": 87 }
      },
      "52": {
        "start": { "line": 29, "column": 47 },
        "end": { "line": 29, "column": 62 }
      },
      "53": {
        "start": { "line": 29, "column": 63 },
        "end": { "line": 29, "column": 78 }
      },
      "54": {
        "start": { "line": 29, "column": 79 },
        "end": { "line": 29, "column": 85 }
      },
      "55": {
        "start": { "line": 30, "column": 20 },
        "end": { "line": 30, "column": 42 }
      },
      "56": {
        "start": { "line": 30, "column": 30 },
        "end": { "line": 30, "column": 42 }
      },
      "57": {
        "start": { "line": 31, "column": 20 },
        "end": { "line": 31, "column": 33 }
      },
      "58": {
        "start": { "line": 31, "column": 34 },
        "end": { "line": 31, "column": 43 }
      },
      "59": {
        "start": { "line": 33, "column": 12 },
        "end": { "line": 33, "column": 39 }
      },
      "60": {
        "start": { "line": 34, "column": 22 },
        "end": { "line": 34, "column": 34 }
      },
      "61": {
        "start": { "line": 34, "column": 35 },
        "end": { "line": 34, "column": 41 }
      },
      "62": {
        "start": { "line": 34, "column": 54 },
        "end": { "line": 34, "column": 64 }
      },
      "63": {
        "start": { "line": 35, "column": 8 },
        "end": { "line": 35, "column": 35 }
      },
      "64": {
        "start": { "line": 35, "column": 23 },
        "end": { "line": 35, "column": 35 }
      },
      "65": {
        "start": { "line": 35, "column": 36 },
        "end": { "line": 35, "column": 89 }
      },
      "66": {
        "start": { "line": 38, "column": 0 },
        "end": { "line": 38, "column": 62 }
      },
      "67": {
        "start": { "line": 39, "column": 0 },
        "end": { "line": 39, "column": 32 }
      },
      "68": {
        "start": { "line": 40, "column": 22 },
        "end": { "line": 40, "column": 49 }
      },
      "69": {
        "start": { "line": 41, "column": 18 },
        "end": { "line": 41, "column": 38 }
      },
      "70": {
        "start": { "line": 42, "column": 12 },
        "end": { "line": 42, "column": 34 }
      },
      "71": {
        "start": { "line": 43, "column": 12 },
        "end": { "line": 43, "column": 28 }
      },
      "72": {
        "start": { "line": 44, "column": 14 },
        "end": { "line": 46, "column": 1 }
      },
      "73": {
        "start": { "line": 47, "column": 0 },
        "end": { "line": 97, "column": 6 }
      },
      "74": {
        "start": { "line": 47, "column": 44 },
        "end": { "line": 97, "column": 3 }
      },
      "75": {
        "start": { "line": 49, "column": 4 },
        "end": { "line": 96, "column": 7 }
      },
      "76": {
        "start": { "line": 50, "column": 8 },
        "end": { "line": 95, "column": 9 }
      },
      "77": {
        "start": { "line": 52, "column": 16 },
        "end": { "line": 60, "column": 19 }
      },
      "78": {
        "start": { "line": 54, "column": 51 },
        "end": { "line": 54, "column": 69 }
      },
      "79": {
        "start": { "line": 55, "column": 53 },
        "end": { "line": 55, "column": 80 }
      },
      "80": {
        "start": { "line": 57, "column": 28 },
        "end": { "line": 57, "column": 38 }
      },
      "81": {
        "start": { "line": 61, "column": 16 },
        "end": { "line": 61, "column": 29 }
      },
      "82": {
        "start": { "line": 62, "column": 16 },
        "end": { "line": 78, "column": 18 }
      },
      "83": {
        "start": { "line": 64, "column": 20 },
        "end": { "line": 77, "column": 23 }
      },
      "84": {
        "start": { "line": 65, "column": 24 },
        "end": { "line": 76, "column": 25 }
      },
      "85": {
        "start": { "line": 66, "column": 36 },
        "end": { "line": 66, "column": 75 }
      },
      "86": {
        "start": { "line": 68, "column": 32 },
        "end": { "line": 68, "column": 89 }
      },
      "87": {
        "start": { "line": 69, "column": 32 },
        "end": { "line": 69, "column": 64 }
      },
      "88": {
        "start": { "line": 70, "column": 32 },
        "end": { "line": 70, "column": 136 }
      },
      "89": {
        "start": { "line": 71, "column": 32 },
        "end": { "line": 71, "column": 99 }
      },
      "90": {
        "start": { "line": 72, "column": 32 },
        "end": { "line": 72, "column": 224 }
      },
      "91": {
        "start": { "line": 73, "column": 32 },
        "end": { "line": 73, "column": 135 }
      },
      "92": {
        "start": { "line": 73, "column": 56 },
        "end": { "line": 73, "column": 132 }
      },
      "93": {
        "start": { "line": 73, "column": 90 },
        "end": { "line": 73, "column": 128 }
      },
      "94": {
        "start": { "line": 74, "column": 32 },
        "end": { "line": 74, "column": 56 }
      },
      "95": {
        "start": { "line": 75, "column": 32 },
        "end": { "line": 75, "column": 54 }
      },
      "96": {
        "start": { "line": 79, "column": 16 },
        "end": { "line": 79, "column": 24 }
      },
      "97": {
        "start": { "line": 80, "column": 16 },
        "end": { "line": 81, "column": 32 }
      },
      "98": {
        "start": { "line": 81, "column": 20 },
        "end": { "line": 81, "column": 32 }
      },
      "99": {
        "start": { "line": 82, "column": 16 },
        "end": { "line": 82, "column": 23 }
      },
      "100": {
        "start": { "line": 83, "column": 16 },
        "end": { "line": 83, "column": 29 }
      },
      "101": {
        "start": { "line": 85, "column": 16 },
        "end": { "line": 85, "column": 63 }
      },
      "102": {
        "start": { "line": 85, "column": 39 },
        "end": { "line": 85, "column": 63 }
      },
      "103": {
        "start": { "line": 86, "column": 16 },
        "end": { "line": 86, "column": 30 }
      },
      "104": {
        "start": { "line": 87, "column": 16 },
        "end": { "line": 87, "column": 53 }
      },
      "105": {
        "start": { "line": 89, "column": 16 },
        "end": { "line": 89, "column": 26 }
      },
      "106": {
        "start": { "line": 90, "column": 16 },
        "end": { "line": 90, "column": 29 }
      },
      "107": {
        "start": { "line": 92, "column": 16 },
        "end": { "line": 92, "column": 21 }
      },
      "108": {
        "start": { "line": 93, "column": 16 },
        "end": { "line": 93, "column": 40 }
      },
      "109": {
        "start": { "line": 94, "column": 20 },
        "end": { "line": 94, "column": 51 }
      }
    },
    "fnMap": {
      "0": {
        "name": "(anonymous_0)",
        "decl": {
          "start": { "line": 2, "column": 44 },
          "end": { "line": 2, "column": 45 }
        },
        "loc": {
          "start": { "line": 2, "column": 89 },
          "end": { "line": 10, "column": 1 }
        },
        "line": 2
      },
      "1": {
        "name": "adopt",
        "decl": {
          "start": { "line": 3, "column": 13 },
          "end": { "line": 3, "column": 18 }
        },
        "loc": {
          "start": { "line": 3, "column": 26 },
          "end": { "line": 3, "column": 112 }
        },
        "line": 3
      },
      "2": {
        "name": "(anonymous_2)",
        "decl": {
          "start": { "line": 3, "column": 70 },
          "end": { "line": 3, "column": 71 }
        },
        "loc": {
          "start": { "line": 3, "column": 89 },
          "end": { "line": 3, "column": 108 }
        },
        "line": 3
      },
      "3": {
        "name": "(anonymous_3)",
        "decl": {
          "start": { "line": 4, "column": 36 },
          "end": { "line": 4, "column": 37 }
        },
        "loc": {
          "start": { "line": 4, "column": 63 },
          "end": { "line": 9, "column": 5 }
        },
        "line": 4
      },
      "4": {
        "name": "fulfilled",
        "decl": {
          "start": { "line": 5, "column": 17 },
          "end": { "line": 5, "column": 26 }
        },
        "loc": {
          "start": { "line": 5, "column": 34 },
          "end": { "line": 5, "column": 99 }
        },
        "line": 5
      },
      "5": {
        "name": "rejected",
        "decl": {
          "start": { "line": 6, "column": 17 },
          "end": { "line": 6, "column": 25 }
        },
        "loc": {
          "start": { "line": 6, "column": 33 },
          "end": { "line": 6, "column": 102 }
        },
        "line": 6
      },
      "6": {
        "name": "step",
        "decl": {
          "start": { "line": 7, "column": 17 },
          "end": { "line": 7, "column": 21 }
        },
        "loc": {
          "start": { "line": 7, "column": 30 },
          "end": { "line": 7, "column": 118 }
        },
        "line": 7
      },
      "7": {
        "name": "(anonymous_7)",
        "decl": {
          "start": { "line": 11, "column": 48 },
          "end": { "line": 11, "column": 49 }
        },
        "loc": {
          "start": { "line": 11, "column": 73 },
          "end": { "line": 37, "column": 1 }
        },
        "line": 11
      },
      "8": {
        "name": "(anonymous_8)",
        "decl": {
          "start": { "line": 12, "column": 30 },
          "end": { "line": 12, "column": 31 }
        },
        "loc": {
          "start": { "line": 12, "column": 41 },
          "end": { "line": 12, "column": 83 }
        },
        "line": 12
      },
      "9": {
        "name": "(anonymous_9)",
        "decl": {
          "start": { "line": 13, "column": 125 },
          "end": { "line": 13, "column": 126 }
        },
        "loc": {
          "start": { "line": 13, "column": 136 },
          "end": { "line": 13, "column": 152 }
        },
        "line": 13
      },
      "10": {
        "name": "verb",
        "decl": {
          "start": { "line": 14, "column": 13 },
          "end": { "line": 14, "column": 17 }
        },
        "loc": {
          "start": { "line": 14, "column": 21 },
          "end": { "line": 14, "column": 70 }
        },
        "line": 14
      },
      "11": {
        "name": "(anonymous_11)",
        "decl": {
          "start": { "line": 14, "column": 30 },
          "end": { "line": 14, "column": 31 }
        },
        "loc": {
          "start": { "line": 14, "column": 43 },
          "end": { "line": 14, "column": 67 }
        },
        "line": 14
      },
      "12": {
        "name": "step",
        "decl": {
          "start": { "line": 15, "column": 13 },
          "end": { "line": 15, "column": 17 }
        },
        "loc": {
          "start": { "line": 15, "column": 22 },
          "end": { "line": 36, "column": 5 }
        },
        "line": 15
      },
      "13": {
        "name": "(anonymous_13)",
        "decl": {
          "start": { "line": 47, "column": 25 },
          "end": { "line": 47, "column": 26 }
        },
        "loc": {
          "start": { "line": 47, "column": 42 },
          "end": { "line": 97, "column": 5 }
        },
        "line": 47
      },
      "14": {
        "name": "(anonymous_14)",
        "decl": {
          "start": { "line": 47, "column": 85 },
          "end": { "line": 47, "column": 86 }
        },
        "loc": {
          "start": { "line": 47, "column": 97 },
          "end": { "line": 97, "column": 1 }
        },
        "line": 47
      },
      "15": {
        "name": "(anonymous_15)",
        "decl": {
          "start": { "line": 49, "column": 29 },
          "end": { "line": 49, "column": 30 }
        },
        "loc": {
          "start": { "line": 49, "column": 43 },
          "end": { "line": 96, "column": 5 }
        },
        "line": 49
      },
      "16": {
        "name": "(anonymous_16)",
        "decl": {
          "start": { "line": 54, "column": 34 },
          "end": { "line": 54, "column": 35 }
        },
        "loc": {
          "start": { "line": 54, "column": 49 },
          "end": { "line": 54, "column": 71 }
        },
        "line": 54
      },
      "17": {
        "name": "(anonymous_17)",
        "decl": {
          "start": { "line": 55, "column": 36 },
          "end": { "line": 55, "column": 37 }
        },
        "loc": {
          "start": { "line": 55, "column": 51 },
          "end": { "line": 55, "column": 82 }
        },
        "line": 55
      },
      "18": {
        "name": "(anonymous_18)",
        "decl": {
          "start": { "line": 56, "column": 37 },
          "end": { "line": 56, "column": 38 }
        },
        "loc": {
          "start": { "line": 56, "column": 57 },
          "end": { "line": 58, "column": 25 }
        },
        "line": 56
      },
      "19": {
        "name": "(anonymous_19)",
        "decl": {
          "start": { "line": 62, "column": 26 },
          "end": { "line": 62, "column": 27 }
        },
        "loc": {
          "start": { "line": 62, "column": 42 },
          "end": { "line": 78, "column": 17 }
        },
        "line": 62
      },
      "20": {
        "name": "(anonymous_20)",
        "decl": {
          "start": { "line": 64, "column": 45 },
          "end": { "line": 64, "column": 46 }
        },
        "loc": {
          "start": { "line": 64, "column": 59 },
          "end": { "line": 77, "column": 21 }
        },
        "line": 64
      },
      "21": {
        "name": "(anonymous_21)",
        "decl": {
          "start": { "line": 73, "column": 42 },
          "end": { "line": 73, "column": 43 }
        },
        "loc": {
          "start": { "line": 73, "column": 54 },
          "end": { "line": 73, "column": 134 }
        },
        "line": 73
      },
      "22": {
        "name": "(anonymous_22)",
        "decl": {
          "start": { "line": 73, "column": 72 },
          "end": { "line": 73, "column": 73 }
        },
        "loc": {
          "start": { "line": 73, "column": 88 },
          "end": { "line": 73, "column": 130 }
        },
        "line": 73
      }
    },
    "branchMap": {
      "0": {
        "loc": {
          "start": { "line": 2, "column": 16 },
          "end": { "line": 10, "column": 1 }
        },
        "type": "binary-expr",
        "locations": [
          {
            "start": { "line": 2, "column": 17 },
            "end": { "line": 2, "column": 21 }
          },
          {
            "start": { "line": 2, "column": 25 },
            "end": { "line": 2, "column": 39 }
          },
          {
            "start": { "line": 2, "column": 44 },
            "end": { "line": 10, "column": 1 }
          }
        ],
        "line": 2
      },
      "1": {
        "loc": {
          "start": { "line": 3, "column": 35 },
          "end": { "line": 3, "column": 109 }
        },
        "type": "cond-expr",
        "locations": [
          {
            "start": { "line": 3, "column": 56 },
            "end": { "line": 3, "column": 61 }
          },
          {
            "start": { "line": 3, "column": 64 },
            "end": { "line": 3, "column": 109 }
          }
        ],
        "line": 3
      },
      "2": {
        "loc": {
          "start": { "line": 4, "column": 16 },
          "end": { "line": 4, "column": 34 }
        },
        "type": "binary-expr",
        "locations": [
          {
            "start": { "line": 4, "column": 16 },
            "end": { "line": 4, "column": 17 }
          },
          {
            "start": { "line": 4, "column": 22 },
            "end": { "line": 4, "column": 33 }
          }
        ],
        "line": 4
      },
      "3": {
        "loc": {
          "start": { "line": 7, "column": 32 },
          "end": { "line": 7, "column": 115 }
        },
        "type": "cond-expr",
        "locations": [
          {
            "start": { "line": 7, "column": 46 },
            "end": { "line": 7, "column": 67 }
          },
          {
            "start": { "line": 7, "column": 70 },
            "end": { "line": 7, "column": 115 }
          }
        ],
        "line": 7
      },
      "4": {
        "loc": {
          "start": { "line": 8, "column": 51 },
          "end": { "line": 8, "column": 67 }
        },
        "type": "binary-expr",
        "locations": [
          {
            "start": { "line": 8, "column": 51 },
            "end": { "line": 8, "column": 61 }
          },
          {
            "start": { "line": 8, "column": 65 },
            "end": { "line": 8, "column": 67 }
          }
        ],
        "line": 8
      },
      "5": {
        "loc": {
          "start": { "line": 11, "column": 18 },
          "end": { "line": 37, "column": 1 }
        },
        "type": "binary-expr",
        "locations": [
          {
            "start": { "line": 11, "column": 19 },
            "end": { "line": 11, "column": 23 }
          },
          {
            "start": { "line": 11, "column": 27 },
            "end": { "line": 11, "column": 43 }
          },
          {
            "start": { "line": 11, "column": 48 },
            "end": { "line": 37, "column": 1 }
          }
        ],
        "line": 11
      },
      "6": {
        "loc": {
          "start": { "line": 12, "column": 43 },
          "end": { "line": 12, "column": 68 }
        },
        "type": "if",
        "locations": [
          {
            "start": { "line": 12, "column": 43 },
            "end": { "line": 12, "column": 68 }
          },
          {
            "start": { "line": 12, "column": 43 },
            "end": { "line": 12, "column": 68 }
          }
        ],
        "line": 12
      },
      "7": {
        "loc": {
          "start": { "line": 13, "column": 71 },
          "end": { "line": 13, "column": 153 }
        },
        "type": "binary-expr",
        "locations": [
          {
            "start": { "line": 13, "column": 71 },
            "end": { "line": 13, "column": 99 }
          },
          {
            "start": { "line": 13, "column": 104 },
            "end": { "line": 13, "column": 152 }
          }
        ],
        "line": 13
      },
      "8": {
        "loc": {
          "start": { "line": 16, "column": 8 },
          "end": { "line": 16, "column": 70 }
        },
        "type": "if",
        "locations": [
          {
            "start": { "line": 16, "column": 8 },
            "end": { "line": 16, "column": 70 }
          },
          {
            "start": { "line": 16, "column": 8 },
            "end": { "line": 16, "column": 70 }
          }
        ],
        "line": 16
      },
      "9": {
        "loc": {
          "start": { "line": 18, "column": 12 },
          "end": { "line": 18, "column": 169 }
        },
        "type": "if",
        "locations": [
          {
            "start": { "line": 18, "column": 12 },
            "end": { "line": 18, "column": 169 }
          },
          {
            "start": { "line": 18, "column": 12 },
            "end": { "line": 18, "column": 169 }
          }
        ],
        "line": 18
      },
      "10": {
        "loc": {
          "start": { "line": 18, "column": 23 },
          "end": { "line": 18, "column": 158 }
        },
        "type": "binary-expr",
        "locations": [
          {
            "start": { "line": 18, "column": 23 },
            "end": { "line": 18, "column": 24 }
          },
          {
            "start": { "line": 18, "column": 29 },
            "end": { "line": 18, "column": 125 }
          },
          {
            "start": { "line": 18, "column": 130 },
            "end": { "line": 18, "column": 158 }
          }
        ],
        "line": 18
      },
      "11": {
        "loc": {
          "start": { "line": 18, "column": 33 },
          "end": { "line": 18, "column": 125 }
        },
        "type": "cond-expr",
        "locations": [
          {
            "start": { "line": 18, "column": 45 },
            "end": { "line": 18, "column": 56 }
          },
          {
            "start": { "line": 18, "column": 59 },
            "end": { "line": 18, "column": 125 }
          }
        ],
        "line": 18
      },
      "12": {
        "loc": {
          "start": { "line": 18, "column": 59 },
          "end": { "line": 18, "column": 125 }
        },
        "type": "cond-expr",
        "locations": [
          {
            "start": { "line": 18, "column": 67 },
            "end": { "line": 18, "column": 116 }
          },
          {
            "start": { "line": 18, "column": 119 },
            "end": { "line": 18, "column": 125 }
          }
        ],
        "line": 18
      },
      "13": {
        "loc": {
          "start": { "line": 18, "column": 67 },
          "end": { "line": 18, "column": 116 }
        },
        "type": "binary-expr",
        "locations": [
          {
            "start": { "line": 18, "column": 67 },
            "end": { "line": 18, "column": 77 }
          },
          {
            "start": { "line": 18, "column": 82 },
            "end": { "line": 18, "column": 115 }
          }
        ],
        "line": 18
      },
      "14": {
        "loc": {
          "start": { "line": 18, "column": 82 },
          "end": { "line": 18, "column": 112 }
        },
        "type": "binary-expr",
        "locations": [
          {
            "start": { "line": 18, "column": 83 },
            "end": { "line": 18, "column": 98 }
          },
          {
            "start": { "line": 18, "column": 103 },
            "end": { "line": 18, "column": 112 }
          }
        ],
        "line": 18
      },
      "15": {
        "loc": {
          "start": { "line": 19, "column": 12 },
          "end": { "line": 19, "column": 52 }
        },
        "type": "if",
        "locations": [
          {
            "start": { "line": 19, "column": 12 },
            "end": { "line": 19, "column": 52 }
          },
          {
            "start": { "line": 19, "column": 12 },
            "end": { "line": 19, "column": 52 }
          }
        ],
        "line": 19
      },
      "16": {
        "loc": {
          "start": { "line": 20, "column": 12 },
          "end": { "line": 32, "column": 13 }
        },
        "type": "switch",
        "locations": [
          {
            "start": { "line": 21, "column": 16 },
            "end": { "line": 21, "column": 23 }
          },
          {
            "start": { "line": 21, "column": 24 },
            "end": { "line": 21, "column": 46 }
          },
          {
            "start": { "line": 22, "column": 16 },
            "end": { "line": 22, "column": 72 }
          },
          {
            "start": { "line": 23, "column": 16 },
            "end": { "line": 23, "column": 65 }
          },
          {
            "start": { "line": 24, "column": 16 },
            "end": { "line": 24, "column": 65 }
          },
          {
            "start": { "line": 25, "column": 16 },
            "end": { "line": 31, "column": 43 }
          }
        ],
        "line": 20
      },
      "17": {
        "loc": {
          "start": { "line": 26, "column": 20 },
          "end": { "line": 26, "column": 128 }
        },
        "type": "if",
        "locations": [
          {
            "start": { "line": 26, "column": 20 },
            "end": { "line": 26, "column": 128 }
          },
          {
            "start": { "line": 26, "column": 20 },
            "end": { "line": 26, "column": 128 }
          }
        ],
        "line": 26
      },
      "18": {
        "loc": {
          "start": { "line": 26, "column": 24 },
          "end": { "line": 26, "column": 106 }
        },
        "type": "binary-expr",
        "locations": [
          {
            "start": { "line": 26, "column": 24 },
            "end": { "line": 26, "column": 74 }
          },
          {
            "start": { "line": 26, "column": 79 },
            "end": { "line": 26, "column": 90 }
          },
          {
            "start": { "line": 26, "column": 94 },
            "end": { "line": 26, "column": 105 }
          }
        ],
        "line": 26
      },
      "19": {
        "loc": {
          "start": { "line": 26, "column": 42 },
          "end": { "line": 26, "column": 73 }
        },
        "type": "binary-expr",
        "locations": [
          {
            "start": { "line": 26, "column": 42 },
            "end": { "line": 26, "column": 54 }
          },
          {
            "start": { "line": 26, "column": 58 },
            "end": { "line": 26, "column": 73 }
          }
        ],
        "line": 26
      },
      "20": {
        "loc": {
          "start": { "line": 27, "column": 20 },
          "end": { "line": 27, "column": 106 }
        },
        "type": "if",
        "locations": [
          {
            "start": { "line": 27, "column": 20 },
            "end": { "line": 27, "column": 106 }
          },
          {
            "start": { "line": 27, "column": 20 },
            "end": { "line": 27, "column": 106 }
          }
        ],
        "line": 27
      },
      "21": {
        "loc": {
          "start": { "line": 27, "column": 24 },
          "end": { "line": 27, "column": 77 }
        },
        "type": "binary-expr",
        "locations": [
          {
            "start": { "line": 27, "column": 24 },
            "end": { "line": 27, "column": 35 }
          },
          {
            "start": { "line": 27, "column": 40 },
            "end": { "line": 27, "column": 42 }
          },
          {
            "start": { "line": 27, "column": 47 },
            "end": { "line": 27, "column": 59 }
          },
          {
            "start": { "line": 27, "column": 63 },
            "end": { "line": 27, "column": 75 }
          }
        ],
        "line": 27
      },
      "22": {
        "loc": {
          "start": { "line": 28, "column": 20 },
          "end": { "line": 28, "column": 89 }
        },
        "type": "if",
        "locations": [
          {
            "start": { "line": 28, "column": 20 },
            "end": { "line": 28, "column": 89 }
          },
          {
            "start": { "line": 28, "column": 20 },
            "end": { "line": 28, "column": 89 }
          }
        ],
        "line": 28
      },
      "23": {
        "loc": {
          "start": { "line": 28, "column": 24 },
          "end": { "line": 28, "column": 53 }
        },
        "type": "binary-expr",
        "locations": [
          {
            "start": { "line": 28, "column": 24 },
            "end": { "line": 28, "column": 35 }
          },
          {
            "start": { "line": 28, "column": 39 },
            "end": { "line": 28, "column": 53 }
          }
        ],
        "line": 28
      },
      "24": {
        "loc": {
          "start": { "line": 29, "column": 20 },
          "end": { "line": 29, "column": 87 }
        },
        "type": "if",
        "locations": [
          {
            "start": { "line": 29, "column": 20 },
            "end": { "line": 29, "column": 87 }
          },
          {
            "start": { "line": 29, "column": 20 },
            "end": { "line": 29, "column": 87 }
          }
        ],
        "line": 29
      },
      "25": {
        "loc": {
          "start": { "line": 29, "column": 24 },
          "end": { "line": 29, "column": 43 }
        },
        "type": "binary-expr",
        "locations": [
          {
            "start": { "line": 29, "column": 24 },
            "end": { "line": 29, "column": 25 }
          },
          {
            "start": { "line": 29, "column": 29 },
            "end": { "line": 29, "column": 43 }
          }
        ],
        "line": 29
      },
      "26": {
        "loc": {
          "start": { "line": 30, "column": 20 },
          "end": { "line": 30, "column": 42 }
        },
        "type": "if",
        "locations": [
          {
            "start": { "line": 30, "column": 20 },
            "end": { "line": 30, "column": 42 }
          },
          {
            "start": { "line": 30, "column": 20 },
            "end": { "line": 30, "column": 42 }
          }
        ],
        "line": 30
      },
      "27": {
        "loc": {
          "start": { "line": 35, "column": 8 },
          "end": { "line": 35, "column": 35 }
        },
        "type": "if",
        "locations": [
          {
            "start": { "line": 35, "column": 8 },
            "end": { "line": 35, "column": 35 }
          },
          {
            "start": { "line": 35, "column": 8 },
            "end": { "line": 35, "column": 35 }
          }
        ],
        "line": 35
      },
      "28": {
        "loc": {
          "start": { "line": 35, "column": 52 },
          "end": { "line": 35, "column": 74 }
        },
        "type": "cond-expr",
        "locations": [
          {
            "start": { "line": 35, "column": 60 },
            "end": { "line": 35, "column": 65 }
          },
          {
            "start": { "line": 35, "column": 68 },
            "end": { "line": 35, "column": 74 }
          }
        ],
        "line": 35
      },
      "29": {
        "loc": {
          "start": { "line": 50, "column": 8 },
          "end": { "line": 95, "column": 9 }
        },
        "type": "switch",
        "locations": [
          {
            "start": { "line": 51, "column": 12 },
            "end": { "line": 83, "column": 29 }
          },
          {
            "start": { "line": 84, "column": 12 },
            "end": { "line": 87, "column": 53 }
          },
          {
            "start": { "line": 88, "column": 12 },
            "end": { "line": 90, "column": 29 }
          },
          {
            "start": { "line": 91, "column": 12 },
            "end": { "line": 93, "column": 40 }
          },
          {
            "start": { "line": 94, "column": 12 },
            "end": { "line": 94, "column": 51 }
          }
        ],
        "line": 50
      },
      "30": {
        "loc": {
          "start": { "line": 65, "column": 24 },
          "end": { "line": 76, "column": 25 }
        },
        "type": "switch",
        "locations": [
          {
            "start": { "line": 66, "column": 28 },
            "end": { "line": 66, "column": 75 }
          },
          {
            "start": { "line": 67, "column": 28 },
            "end": { "line": 75, "column": 54 }
          }
        ],
        "line": 65
      },
      "31": {
        "loc": {
          "start": { "line": 73, "column": 97 },
          "end": { "line": 73, "column": 127 }
        },
        "type": "binary-expr",
        "locations": [
          {
            "start": { "line": 73, "column": 97 },
            "end": { "line": 73, "column": 110 }
          },
          {
            "start": { "line": 73, "column": 114 },
            "end": { "line": 73, "column": 127 }
          }
        ],
        "line": 73
      },
      "32": {
        "loc": {
          "start": { "line": 85, "column": 16 },
          "end": { "line": 85, "column": 63 }
        },
        "type": "if",
        "locations": [
          {
            "start": { "line": 85, "column": 16 },
            "end": { "line": 85, "column": 63 }
          },
          {
            "start": { "line": 85, "column": 16 },
            "end": { "line": 85, "column": 63 }
          }
        ],
        "line": 85
      }
    },
    "s": {
      "0": 1,
      "1": 8,
      "2": 0,
      "3": 7,
      "4": 8,
      "5": 8,
      "6": 0,
      "7": 0,
      "8": 0,
      "9": 0,
      "10": 15,
      "11": 7,
      "12": 1,
      "13": 15,
      "14": 16,
      "15": 0,
      "16": 16,
      "17": 15,
      "18": 0,
      "19": 45,
      "20": 31,
      "21": 31,
      "22": 0,
      "23": 31,
      "24": 85,
      "25": 85,
      "26": 8,
      "27": 77,
      "28": 8,
      "29": 77,
      "30": 31,
      "31": 31,
      "32": 8,
      "33": 8,
      "34": 8,
      "35": 8,
      "36": 8,
      "37": 8,
      "38": 0,
      "39": 0,
      "40": 0,
      "41": 30,
      "42": 15,
      "43": 15,
      "44": 15,
      "45": 15,
      "46": 15,
      "47": 0,
      "48": 0,
      "49": 0,
      "50": 0,
      "51": 0,
      "52": 0,
      "53": 0,
      "54": 0,
      "55": 0,
      "56": 0,
      "57": 0,
      "58": 0,
      "59": 46,
      "60": 0,
      "61": 0,
      "62": 85,
      "63": 15,
      "64": 0,
      "65": 15,
      "66": 1,
      "67": 1,
      "68": 1,
      "69": 1,
      "70": 1,
      "71": 1,
      "72": 1,
      "73": 1,
      "74": 7,
      "75": 7,
      "76": 30,
      "77": 7,
      "78": 8,
      "79": 8,
      "80": 1,
      "81": 7,
      "82": 7,
      "83": 8,
      "84": 16,
      "85": 8,
      "86": 8,
      "87": 8,
      "88": 8,
      "89": 8,
      "90": 8,
      "91": 8,
      "92": 7,
      "93": 8,
      "94": 8,
      "95": 8,
      "96": 7,
      "97": 7,
      "98": 8,
      "99": 7,
      "100": 7,
      "101": 15,
      "102": 7,
      "103": 8,
      "104": 8,
      "105": 8,
      "106": 8,
      "107": 8,
      "108": 8,
      "109": 7
    },
    "f": {
      "0": 7,
      "1": 8,
      "2": 0,
      "3": 7,
      "4": 8,
      "5": 0,
      "6": 15,
      "7": 15,
      "8": 16,
      "9": 0,
      "10": 45,
      "11": 31,
      "12": 31,
      "13": 7,
      "14": 7,
      "15": 30,
      "16": 8,
      "17": 8,
      "18": 1,
      "19": 8,
      "20": 16,
      "21": 7,
      "22": 8
    },
    "b": {
      "0": [1, 1, 1],
      "1": [8, 0],
      "2": [7, 7],
      "3": [7, 8],
      "4": [7, 7],
      "5": [1, 1, 1],
      "6": [0, 16],
      "7": [15, 15],
      "8": [0, 31],
      "9": [8, 77],
      "10": [85, 16, 16],
      "11": [0, 16],
      "12": [0, 16],
      "13": [0, 0],
      "14": [0, 0],
      "15": [8, 69],
      "16": [31, 31, 8, 8, 0, 30],
      "17": [15, 15],
      "18": [30, 30, 30],
      "19": [30, 0],
      "20": [15, 0],
      "21": [15, 15, 0, 0],
      "22": [0, 0],
      "23": [0, 0],
      "24": [0, 0],
      "25": [0, 0],
      "26": [0, 0],
      "27": [0, 15],
      "28": [15, 0],
      "29": [7, 15, 8, 8, 7],
      "30": [8, 8],
      "31": [8, 1],
      "32": [7, 8]
    },
    "_coverageSchema": "1a1c01bbd47fc00a2c39e90264f33305004495a9",
    "hash": "71c66573c3f23df543c4c7647052f58785954061",
    "contentHash": "9ced9a5b3fadb8f93b6c6866c8991a6e52f9cfee2deeccbcf6aeb20676e59462"
  },
  "/Users/craigcondon/Developer/public/paperclip/packages/paperclip-compiler-react/lib/code-compiler.js": {
    "path": "/Users/craigcondon/Developer/public/paperclip/packages/paperclip-compiler-react/lib/code-compiler.js",
    "statementMap": {
      "0": {
        "start": { "line": 2, "column": 0 },
        "end": { "line": 2, "column": 62 }
      },
      "1": {
        "start": { "line": 3, "column": 0 },
        "end": { "line": 3, "column": 25 }
      },
      "2": {
        "start": { "line": 4, "column": 9 },
        "end": { "line": 4, "column": 22 }
      },
      "3": {
        "start": { "line": 5, "column": 18 },
        "end": { "line": 5, "column": 38 }
      },
      "4": {
        "start": { "line": 6, "column": 24 },
        "end": { "line": 6, "column": 52 }
      },
      "5": {
        "start": { "line": 7, "column": 14 },
        "end": { "line": 7, "column": 32 }
      },
      "6": {
        "start": { "line": 8, "column": 15 },
        "end": { "line": 8, "column": 32 }
      },
      "7": {
        "start": { "line": 9, "column": 11 },
        "end": { "line": 9, "column": 26 }
      },
      "8": {
        "start": { "line": 10, "column": 22 },
        "end": { "line": 10, "column": 46 }
      },
      "9": {
        "start": { "line": 11, "column": 15 },
        "end": { "line": 11, "column": 50 }
      },
      "10": {
        "start": { "line": 12, "column": 0 },
        "end": { "line": 26, "column": 2 }
      },
      "11": {
        "start": { "line": 13, "column": 14 },
        "end": { "line": 13, "column": 20 }
      },
      "12": {
        "start": { "line": 13, "column": 30 },
        "end": { "line": 13, "column": 38 }
      },
      "13": {
        "start": { "line": 13, "column": 53 },
        "end": { "line": 13, "column": 66 }
      },
      "14": {
        "start": { "line": 14, "column": 4 },
        "end": { "line": 14, "column": 45 }
      },
      "15": {
        "start": { "line": 14, "column": 30 },
        "end": { "line": 14, "column": 43 }
      },
      "16": {
        "start": { "line": 15, "column": 18 },
        "end": { "line": 22, "column": 10 }
      },
      "17": {
        "start": { "line": 16, "column": 18 },
        "end": { "line": 16, "column": 88 }
      },
      "18": {
        "start": { "line": 17, "column": 19 },
        "end": { "line": 17, "column": 70 }
      },
      "19": {
        "start": { "line": 18, "column": 8 },
        "end": { "line": 20, "column": 9 }
      },
      "20": {
        "start": { "line": 19, "column": 12 },
        "end": { "line": 19, "column": 83 }
      },
      "21": {
        "start": { "line": 21, "column": 8 },
        "end": { "line": 21, "column": 22 }
      },
      "22": {
        "start": { "line": 23, "column": 18 },
        "end": { "line": 23, "column": 200 }
      },
      "23": {
        "start": { "line": 24, "column": 4 },
        "end": { "line": 24, "column": 61 }
      },
      "24": {
        "start": { "line": 25, "column": 4 },
        "end": { "line": 25, "column": 26 }
      },
      "25": {
        "start": { "line": 27, "column": 20 },
        "end": { "line": 46, "column": 1 }
      },
      "26": {
        "start": { "line": 28, "column": 4 },
        "end": { "line": 28, "column": 45 }
      },
      "27": {
        "start": { "line": 29, "column": 4 },
        "end": { "line": 31, "column": 5 }
      },
      "28": {
        "start": { "line": 30, "column": 8 },
        "end": { "line": 30, "column": 54 }
      },
      "29": {
        "start": { "line": 32, "column": 4 },
        "end": { "line": 32, "column": 55 }
      },
      "30": {
        "start": { "line": 33, "column": 23 },
        "end": { "line": 33, "column": 55 }
      },
      "31": {
        "start": { "line": 34, "column": 4 },
        "end": { "line": 41, "column": 5 }
      },
      "32": {
        "start": { "line": 35, "column": 18 },
        "end": { "line": 35, "column": 74 }
      },
      "33": {
        "start": { "line": 36, "column": 8 },
        "end": { "line": 40, "column": 9 }
      },
      "34": {
        "start": { "line": 37, "column": 36 },
        "end": { "line": 37, "column": 93 }
      },
      "35": {
        "start": { "line": 38, "column": 12 },
        "end": { "line": 38, "column": 118 }
      },
      "36": {
        "start": { "line": 39, "column": 12 },
        "end": { "line": 39, "column": 110 }
      },
      "37": {
        "start": { "line": 42, "column": 4 },
        "end": { "line": 42, "column": 43 }
      },
      "38": {
        "start": { "line": 43, "column": 4 },
        "end": { "line": 43, "column": 43 }
      },
      "39": {
        "start": { "line": 44, "column": 4 },
        "end": { "line": 44, "column": 49 }
      },
      "40": {
        "start": { "line": 45, "column": 4 },
        "end": { "line": 45, "column": 19 }
      },
      "41": {
        "start": { "line": 47, "column": 26 },
        "end": { "line": 59, "column": 1 }
      },
      "42": {
        "start": { "line": 48, "column": 4 },
        "end": { "line": 50, "column": 5 }
      },
      "43": {
        "start": { "line": 49, "column": 8 },
        "end": { "line": 49, "column": 23 }
      },
      "44": {
        "start": { "line": 51, "column": 4 },
        "end": { "line": 51, "column": 97 }
      },
      "45": {
        "start": { "line": 52, "column": 4 },
        "end": { "line": 52, "column": 52 }
      },
      "46": {
        "start": { "line": 53, "column": 4 },
        "end": { "line": 53, "column": 105 }
      },
      "47": {
        "start": { "line": 54, "column": 4 },
        "end": { "line": 54, "column": 173 }
      },
      "48": {
        "start": { "line": 55, "column": 4 },
        "end": { "line": 55, "column": 90 }
      },
      "49": {
        "start": { "line": 56, "column": 4 },
        "end": { "line": 56, "column": 50 }
      },
      "50": {
        "start": { "line": 57, "column": 4 },
        "end": { "line": 57, "column": 60 }
      },
      "51": {
        "start": { "line": 58, "column": 4 },
        "end": { "line": 58, "column": 19 }
      },
      "52": {
        "start": { "line": 60, "column": 26 },
        "end": { "line": 73, "column": 1 }
      },
      "53": {
        "start": { "line": 61, "column": 4 },
        "end": { "line": 61, "column": 84 }
      },
      "54": {
        "start": { "line": 62, "column": 4 },
        "end": { "line": 62, "column": 52 }
      },
      "55": {
        "start": { "line": 63, "column": 4 },
        "end": { "line": 69, "column": 5 }
      },
      "56": {
        "start": { "line": 64, "column": 19 },
        "end": { "line": 64, "column": 41 }
      },
      "57": {
        "start": { "line": 65, "column": 8 },
        "end": { "line": 67, "column": 9 }
      },
      "58": {
        "start": { "line": 66, "column": 12 },
        "end": { "line": 66, "column": 21 }
      },
      "59": {
        "start": { "line": 68, "column": 8 },
        "end": { "line": 68, "column": 150 }
      },
      "60": {
        "start": { "line": 70, "column": 4 },
        "end": { "line": 70, "column": 50 }
      },
      "61": {
        "start": { "line": 71, "column": 4 },
        "end": { "line": 71, "column": 61 }
      },
      "62": {
        "start": { "line": 72, "column": 4 },
        "end": { "line": 72, "column": 19 }
      },
      "63": {
        "start": { "line": 74, "column": 21 },
        "end": { "line": 82, "column": 1 }
      },
      "64": {
        "start": { "line": 77, "column": 4 },
        "end": { "line": 77, "column": 47 }
      },
      "65": {
        "start": { "line": 78, "column": 4 },
        "end": { "line": 78, "column": 46 }
      },
      "66": {
        "start": { "line": 81, "column": 4 },
        "end": { "line": 81, "column": 19 }
      },
      "67": {
        "start": { "line": 83, "column": 36 },
        "end": { "line": 87, "column": 1 }
      },
      "68": {
        "start": { "line": 84, "column": 4 },
        "end": { "line": 84, "column": 45 }
      },
      "69": {
        "start": { "line": 84, "column": 30 },
        "end": { "line": 84, "column": 43 }
      },
      "70": {
        "start": { "line": 85, "column": 4 },
        "end": { "line": 85, "column": 136 }
      },
      "71": {
        "start": { "line": 86, "column": 4 },
        "end": { "line": 86, "column": 19 }
      },
      "72": {
        "start": { "line": 88, "column": 32 },
        "end": { "line": 95, "column": 1 }
      },
      "73": {
        "start": { "line": 89, "column": 4 },
        "end": { "line": 89, "column": 106 }
      },
      "74": {
        "start": { "line": 90, "column": 4 },
        "end": { "line": 90, "column": 52 }
      },
      "75": {
        "start": { "line": 91, "column": 4 },
        "end": { "line": 91, "column": 160 }
      },
      "76": {
        "start": { "line": 92, "column": 4 },
        "end": { "line": 92, "column": 50 }
      },
      "77": {
        "start": { "line": 93, "column": 4 },
        "end": { "line": 93, "column": 61 }
      },
      "78": {
        "start": { "line": 94, "column": 4 },
        "end": { "line": 94, "column": 19 }
      },
      "79": {
        "start": { "line": 96, "column": 30 },
        "end": { "line": 99, "column": 1 }
      },
      "80": {
        "start": { "line": 97, "column": 4 },
        "end": { "line": 97, "column": 115 }
      },
      "81": {
        "start": { "line": 98, "column": 4 },
        "end": { "line": 98, "column": 19 }
      },
      "82": {
        "start": { "line": 100, "column": 29 },
        "end": { "line": 115, "column": 1 }
      },
      "83": {
        "start": { "line": 101, "column": 4 },
        "end": { "line": 101, "column": 87 }
      },
      "84": {
        "start": { "line": 102, "column": 4 },
        "end": { "line": 102, "column": 52 }
      },
      "85": {
        "start": { "line": 103, "column": 4 },
        "end": { "line": 103, "column": 82 }
      },
      "86": {
        "start": { "line": 104, "column": 4 },
        "end": { "line": 104, "column": 116 }
      },
      "87": {
        "start": { "line": 105, "column": 4 },
        "end": { "line": 105, "column": 117 }
      },
      "88": {
        "start": { "line": 106, "column": 4 },
        "end": { "line": 106, "column": 52 }
      },
      "89": {
        "start": { "line": 107, "column": 4 },
        "end": { "line": 107, "column": 100 }
      },
      "90": {
        "start": { "line": 108, "column": 4 },
        "end": { "line": 108, "column": 88 }
      },
      "91": {
        "start": { "line": 109, "column": 4 },
        "end": { "line": 109, "column": 68 }
      },
      "92": {
        "start": { "line": 110, "column": 4 },
        "end": { "line": 110, "column": 50 }
      },
      "93": {
        "start": { "line": 111, "column": 4 },
        "end": { "line": 111, "column": 64 }
      },
      "94": {
        "start": { "line": 112, "column": 4 },
        "end": { "line": 112, "column": 50 }
      },
      "95": {
        "start": { "line": 113, "column": 4 },
        "end": { "line": 113, "column": 61 }
      },
      "96": {
        "start": { "line": 114, "column": 4 },
        "end": { "line": 114, "column": 19 }
      },
      "97": {
        "start": { "line": 131, "column": 23 },
        "end": { "line": 196, "column": 1 }
      },
      "98": {
        "start": { "line": 132, "column": 4 },
        "end": { "line": 132, "column": 90 }
      },
      "99": {
        "start": { "line": 133, "column": 18 },
        "end": { "line": 133, "column": 45 }
      },
      "100": {
        "start": { "line": 134, "column": 18 },
        "end": { "line": 189, "column": 5 }
      },
      "101": {
        "start": { "line": 135, "column": 17 },
        "end": { "line": 135, "column": 83 }
      },
      "102": {
        "start": { "line": 136, "column": 18 },
        "end": { "line": 136, "column": 65 }
      },
      "103": {
        "start": { "line": 137, "column": 8 },
        "end": { "line": 139, "column": 9 }
      },
      "104": {
        "start": { "line": 138, "column": 12 },
        "end": { "line": 138, "column": 30 }
      },
      "105": {
        "start": { "line": 140, "column": 27 },
        "end": { "line": 142, "column": 32 }
      },
      "106": {
        "start": { "line": 143, "column": 8 },
        "end": { "line": 145, "column": 9 }
      },
      "107": {
        "start": { "line": 144, "column": 12 },
        "end": { "line": 144, "column": 47 }
      },
      "108": {
        "start": { "line": 146, "column": 8 },
        "end": { "line": 188, "column": 9 }
      },
      "109": {
        "start": { "line": 147, "column": 24 },
        "end": { "line": 147, "column": 49 }
      },
      "110": {
        "start": { "line": 148, "column": 31 },
        "end": { "line": 148, "column": 36 }
      },
      "111": {
        "start": { "line": 149, "column": 30 },
        "end": { "line": 149, "column": 32 }
      },
      "112": {
        "start": { "line": 150, "column": 12 },
        "end": { "line": 161, "column": 13 }
      },
      "113": {
        "start": { "line": 150, "column": 26 },
        "end": { "line": 150, "column": 27 }
      },
      "114": {
        "start": { "line": 150, "column": 39 },
        "end": { "line": 150, "column": 44 }
      },
      "115": {
        "start": { "line": 151, "column": 27 },
        "end": { "line": 151, "column": 38 }
      },
      "116": {
        "start": { "line": 152, "column": 16 },
        "end": { "line": 160, "column": 17 }
      },
      "117": {
        "start": { "line": 152, "column": 30 },
        "end": { "line": 152, "column": 31 }
      },
      "118": {
        "start": { "line": 152, "column": 38 },
        "end": { "line": 152, "column": 75 }
      },
      "119": {
        "start": { "line": 153, "column": 38 },
        "end": { "line": 153, "column": 44 }
      },
      "120": {
        "start": { "line": 154, "column": 20 },
        "end": { "line": 159, "column": 21 }
      },
      "121": {
        "start": { "line": 155, "column": 24 },
        "end": { "line": 155, "column": 44 }
      },
      "122": {
        "start": { "line": 158, "column": 24 },
        "end": { "line": 158, "column": 76 }
      },
      "123": {
        "start": { "line": 162, "column": 12 },
        "end": { "line": 162, "column": 53 }
      },
      "124": {
        "start": { "line": 163, "column": 12 },
        "end": { "line": 184, "column": 13 }
      },
      "125": {
        "start": { "line": 164, "column": 16 },
        "end": { "line": 164, "column": 74 }
      },
      "126": {
        "start": { "line": 165, "column": 33 },
        "end": { "line": 165, "column": 55 }
      },
      "127": {
        "start": { "line": 166, "column": 16 },
        "end": { "line": 168, "column": 17 }
      },
      "128": {
        "start": { "line": 167, "column": 20 },
        "end": { "line": 167, "column": 84 }
      },
      "129": {
        "start": { "line": 169, "column": 16 },
        "end": { "line": 179, "column": 17 }
      },
      "130": {
        "start": { "line": 170, "column": 20 },
        "end": { "line": 172, "column": 21 }
      },
      "131": {
        "start": { "line": 171, "column": 24 },
        "end": { "line": 171, "column": 77 }
      },
      "132": {
        "start": { "line": 173, "column": 20 },
        "end": { "line": 178, "column": 53 }
      },
      "133": {
        "start": { "line": 175, "column": 40 },
        "end": { "line": 175, "column": 84 }
      },
      "134": {
        "start": { "line": 176, "column": 24 },
        "end": { "line": 176, "column": 95 }
      },
      "135": {
        "start": { "line": 180, "column": 16 },
        "end": { "line": 180, "column": 100 }
      },
      "136": {
        "start": { "line": 183, "column": 16 },
        "end": { "line": 183, "column": 101 }
      },
      "137": {
        "start": { "line": 187, "column": 12 },
        "end": { "line": 187, "column": 97 }
      },
      "138": {
        "start": { "line": 190, "column": 4 },
        "end": { "line": 193, "column": 5 }
      },
      "139": {
        "start": { "line": 190, "column": 18 },
        "end": { "line": 190, "column": 19 }
      },
      "140": {
        "start": { "line": 190, "column": 33 },
        "end": { "line": 190, "column": 40 }
      },
      "141": {
        "start": { "line": 191, "column": 18 },
        "end": { "line": 191, "column": 31 }
      },
      "142": {
        "start": { "line": 192, "column": 8 },
        "end": { "line": 192, "column": 21 }
      },
      "143": {
        "start": { "line": 194, "column": 4 },
        "end": { "line": 194, "column": 57 }
      },
      "144": {
        "start": { "line": 195, "column": 4 },
        "end": { "line": 195, "column": 19 }
      },
      "145": {
        "start": { "line": 197, "column": 21 },
        "end": { "line": 207, "column": 1 }
      },
      "146": {
        "start": { "line": 198, "column": 4 },
        "end": { "line": 205, "column": 5 }
      },
      "147": {
        "start": { "line": 198, "column": 18 },
        "end": { "line": 198, "column": 19 }
      },
      "148": {
        "start": { "line": 198, "column": 26 },
        "end": { "line": 198, "column": 52 }
      },
      "149": {
        "start": { "line": 199, "column": 19 },
        "end": { "line": 199, "column": 25 }
      },
      "150": {
        "start": { "line": 201, "column": 8 },
        "end": { "line": 203, "column": 9 }
      },
      "151": {
        "start": { "line": 202, "column": 12 },
        "end": { "line": 202, "column": 21 }
      },
      "152": {
        "start": { "line": 204, "column": 8 },
        "end": { "line": 204, "column": 47 }
      },
      "153": {
        "start": { "line": 206, "column": 4 },
        "end": { "line": 206, "column": 19 }
      },
      "154": {
        "start": { "line": 208, "column": 20 },
        "end": { "line": 212, "column": 1 }
      },
      "155": {
        "start": { "line": 209, "column": 24 },
        "end": { "line": 209, "column": 132 }
      },
      "156": {
        "start": { "line": 210, "column": 4 },
        "end": { "line": 210, "column": 124 }
      },
      "157": {
        "start": { "line": 211, "column": 4 },
        "end": { "line": 211, "column": 19 }
      },
      "158": {
        "start": { "line": 213, "column": 25 },
        "end": { "line": 221, "column": 1 }
      },
      "159": {
        "start": { "line": 214, "column": 4 },
        "end": { "line": 214, "column": 223 }
      },
      "160": {
        "start": { "line": 215, "column": 4 },
        "end": { "line": 215, "column": 62 }
      },
      "161": {
        "start": { "line": 216, "column": 4 },
        "end": { "line": 216, "column": 46 }
      },
      "162": {
        "start": { "line": 217, "column": 4 },
        "end": { "line": 217, "column": 50 }
      },
      "163": {
        "start": { "line": 218, "column": 4 },
        "end": { "line": 218, "column": 58 }
      },
      "164": {
        "start": { "line": 219, "column": 4 },
        "end": { "line": 219, "column": 63 }
      },
      "165": {
        "start": { "line": 220, "column": 4 },
        "end": { "line": 220, "column": 19 }
      },
      "166": {
        "start": { "line": 222, "column": 27 },
        "end": { "line": 238, "column": 1 }
      },
      "167": {
        "start": { "line": 223, "column": 17 },
        "end": { "line": 223, "column": 49 }
      },
      "168": {
        "start": { "line": 224, "column": 4 },
        "end": { "line": 226, "column": 5 }
      },
      "169": {
        "start": { "line": 225, "column": 8 },
        "end": { "line": 225, "column": 23 }
      },
      "170": {
        "start": { "line": 227, "column": 24 },
        "end": { "line": 227, "column": 65 }
      },
      "171": {
        "start": { "line": 228, "column": 4 },
        "end": { "line": 228, "column": 72 }
      },
      "172": {
        "start": { "line": 236, "column": 4 },
        "end": { "line": 236, "column": 94 }
      },
      "173": {
        "start": { "line": 237, "column": 4 },
        "end": { "line": 237, "column": 19 }
      },
      "174": {
        "start": { "line": 239, "column": 23 },
        "end": { "line": 256, "column": 1 }
      },
      "175": {
        "start": { "line": 240, "column": 4 },
        "end": { "line": 247, "column": 5 }
      },
      "176": {
        "start": { "line": 241, "column": 8 },
        "end": { "line": 246, "column": 9 }
      },
      "177": {
        "start": { "line": 242, "column": 12 },
        "end": { "line": 242, "column": 92 }
      },
      "178": {
        "start": { "line": 245, "column": 12 },
        "end": { "line": 245, "column": 57 }
      },
      "179": {
        "start": { "line": 248, "column": 23 },
        "end": { "line": 248, "column": 61 }
      },
      "180": {
        "start": { "line": 249, "column": 4 },
        "end": { "line": 254, "column": 5 }
      },
      "181": {
        "start": { "line": 250, "column": 8 },
        "end": { "line": 250, "column": 64 }
      },
      "182": {
        "start": { "line": 253, "column": 8 },
        "end": { "line": 253, "column": 65 }
      },
      "183": {
        "start": { "line": 255, "column": 4 },
        "end": { "line": 255, "column": 19 }
      },
      "184": {
        "start": { "line": 257, "column": 23 },
        "end": { "line": 260, "column": 1 }
      },
      "185": {
        "start": { "line": 258, "column": 16 },
        "end": { "line": 258, "column": 58 }
      },
      "186": {
        "start": { "line": 259, "column": 4 },
        "end": { "line": 259, "column": 61 }
      },
      "187": {
        "start": { "line": 261, "column": 23 },
        "end": { "line": 280, "column": 1 }
      },
      "188": {
        "start": { "line": 262, "column": 4 },
        "end": { "line": 278, "column": 5 }
      },
      "189": {
        "start": { "line": 264, "column": 8 },
        "end": { "line": 264, "column": 68 }
      },
      "190": {
        "start": { "line": 266, "column": 9 },
        "end": { "line": 278, "column": 5 }
      },
      "191": {
        "start": { "line": 267, "column": 8 },
        "end": { "line": 267, "column": 58 }
      },
      "192": {
        "start": { "line": 269, "column": 9 },
        "end": { "line": 278, "column": 5 }
      },
      "193": {
        "start": { "line": 270, "column": 21 },
        "end": { "line": 270, "column": 69 }
      },
      "194": {
        "start": { "line": 271, "column": 8 },
        "end": { "line": 273, "column": 9 }
      },
      "195": {
        "start": { "line": 272, "column": 12 },
        "end": { "line": 272, "column": 75 }
      },
      "196": {
        "start": { "line": 274, "column": 8 },
        "end": { "line": 274, "column": 63 }
      },
      "197": {
        "start": { "line": 276, "column": 9 },
        "end": { "line": 278, "column": 5 }
      },
      "198": {
        "start": { "line": 277, "column": 8 },
        "end": { "line": 277, "column": 47 }
      },
      "199": {
        "start": { "line": 279, "column": 4 },
        "end": { "line": 279, "column": 19 }
      },
      "200": {
        "start": { "line": 281, "column": 23 },
        "end": { "line": 339, "column": 1 }
      },
      "201": {
        "start": { "line": 282, "column": 20 },
        "end": { "line": 282, "column": 49 }
      },
      "202": {
        "start": { "line": 283, "column": 36 },
        "end": { "line": 283, "column": 79 }
      },
      "203": {
        "start": { "line": 284, "column": 34 },
        "end": { "line": 284, "column": 75 }
      },
      "204": {
        "start": { "line": 285, "column": 30 },
        "end": { "line": 285, "column": 82 }
      },
      "205": {
        "start": { "line": 286, "column": 20 },
        "end": { "line": 286, "column": 24 }
      },
      "206": {
        "start": { "line": 293, "column": 14 },
        "end": { "line": 297, "column": 45 }
      },
      "207": {
        "start": { "line": 298, "column": 4 },
        "end": { "line": 298, "column": 88 }
      },
      "208": {
        "start": { "line": 299, "column": 4 },
        "end": { "line": 301, "column": 5 }
      },
      "209": {
        "start": { "line": 300, "column": 8 },
        "end": { "line": 300, "column": 71 }
      },
      "210": {
        "start": { "line": 302, "column": 4 },
        "end": { "line": 302, "column": 58 }
      },
      "211": {
        "start": { "line": 303, "column": 4 },
        "end": { "line": 303, "column": 52 }
      },
      "212": {
        "start": { "line": 304, "column": 4 },
        "end": { "line": 304, "column": 52 }
      },
      "213": {
        "start": { "line": 305, "column": 4 },
        "end": { "line": 305, "column": 59 }
      },
      "214": {
        "start": { "line": 306, "column": 4 },
        "end": { "line": 308, "column": 5 }
      },
      "215": {
        "start": { "line": 307, "column": 8 },
        "end": { "line": 307, "column": 74 }
      },
      "216": {
        "start": { "line": 309, "column": 4 },
        "end": { "line": 309, "column": 184 }
      },
      "217": {
        "start": { "line": 310, "column": 34 },
        "end": { "line": 310, "column": 73 }
      },
      "218": {
        "start": { "line": 311, "column": 21 },
        "end": { "line": 311, "column": 23 }
      },
      "219": {
        "start": { "line": 312, "column": 4 },
        "end": { "line": 315, "column": 5 }
      },
      "220": {
        "start": { "line": 312, "column": 18 },
        "end": { "line": 312, "column": 19 }
      },
      "221": {
        "start": { "line": 312, "column": 26 },
        "end": { "line": 312, "column": 44 }
      },
      "222": {
        "start": { "line": 313, "column": 19 },
        "end": { "line": 313, "column": 25 }
      },
      "223": {
        "start": { "line": 314, "column": 8 },
        "end": { "line": 314, "column": 119 }
      },
      "224": {
        "start": { "line": 316, "column": 4 },
        "end": { "line": 323, "column": 5 }
      },
      "225": {
        "start": { "line": 317, "column": 8 },
        "end": { "line": 322, "column": 9 }
      },
      "226": {
        "start": { "line": 318, "column": 25 },
        "end": { "line": 318, "column": 67 }
      },
      "227": {
        "start": { "line": 319, "column": 12 },
        "end": { "line": 319, "column": 87 }
      },
      "228": {
        "start": { "line": 320, "column": 12 },
        "end": { "line": 320, "column": 120 }
      },
      "229": {
        "start": { "line": 321, "column": 12 },
        "end": { "line": 321, "column": 66 }
      },
      "230": {
        "start": { "line": 324, "column": 4 },
        "end": { "line": 324, "column": 50 }
      },
      "231": {
        "start": { "line": 325, "column": 4 },
        "end": { "line": 325, "column": 56 }
      },
      "232": {
        "start": { "line": 326, "column": 4 },
        "end": { "line": 328, "column": 5 }
      },
      "233": {
        "start": { "line": 327, "column": 8 },
        "end": { "line": 327, "column": 79 }
      },
      "234": {
        "start": { "line": 329, "column": 4 },
        "end": { "line": 329, "column": 50 }
      },
      "235": {
        "start": { "line": 330, "column": 4 },
        "end": { "line": 336, "column": 5 }
      },
      "236": {
        "start": { "line": 331, "column": 8 },
        "end": { "line": 331, "column": 62 }
      },
      "237": {
        "start": { "line": 332, "column": 8 },
        "end": { "line": 332, "column": 70 }
      },
      "238": {
        "start": { "line": 335, "column": 8 },
        "end": { "line": 335, "column": 61 }
      },
      "239": {
        "start": { "line": 337, "column": 4 },
        "end": { "line": 337, "column": 56 }
      },
      "240": {
        "start": { "line": 338, "column": 4 },
        "end": { "line": 338, "column": 19 }
      },
      "241": {
        "start": { "line": 340, "column": 24 },
        "end": { "line": 355, "column": 1 }
      },
      "242": {
        "start": { "line": 341, "column": 4 },
        "end": { "line": 343, "column": 5 }
      },
      "243": {
        "start": { "line": 342, "column": 8 },
        "end": { "line": 342, "column": 62 }
      },
      "244": {
        "start": { "line": 344, "column": 4 },
        "end": { "line": 344, "column": 94 }
      },
      "245": {
        "start": { "line": 345, "column": 4 },
        "end": { "line": 345, "column": 52 }
      },
      "246": {
        "start": { "line": 346, "column": 4 },
        "end": { "line": 348, "column": 5 }
      },
      "247": {
        "start": { "line": 347, "column": 8 },
        "end": { "line": 347, "column": 74 }
      },
      "248": {
        "start": { "line": 349, "column": 4 },
        "end": { "line": 349, "column": 68 }
      },
      "249": {
        "start": { "line": 350, "column": 4 },
        "end": { "line": 350, "column": 58 }
      },
      "250": {
        "start": { "line": 351, "column": 4 },
        "end": { "line": 351, "column": 58 }
      },
      "251": {
        "start": { "line": 352, "column": 4 },
        "end": { "line": 352, "column": 50 }
      },
      "252": {
        "start": { "line": 353, "column": 4 },
        "end": { "line": 353, "column": 57 }
      },
      "253": {
        "start": { "line": 354, "column": 4 },
        "end": { "line": 354, "column": 19 }
      },
      "254": {
        "start": { "line": 356, "column": 24 },
        "end": { "line": 372, "column": 1 }
      },
      "255": {
        "start": { "line": 357, "column": 4 },
        "end": { "line": 357, "column": 52 }
      },
      "256": {
        "start": { "line": 358, "column": 4 },
        "end": { "line": 366, "column": 16 }
      },
      "257": {
        "start": { "line": 361, "column": 8 },
        "end": { "line": 361, "column": 65 }
      },
      "258": {
        "start": { "line": 362, "column": 8 },
        "end": { "line": 364, "column": 9 }
      },
      "259": {
        "start": { "line": 363, "column": 12 },
        "end": { "line": 363, "column": 72 }
      },
      "260": {
        "start": { "line": 365, "column": 8 },
        "end": { "line": 365, "column": 26 }
      },
      "261": {
        "start": { "line": 367, "column": 4 },
        "end": { "line": 367, "column": 50 }
      },
      "262": {
        "start": { "line": 368, "column": 4 },
        "end": { "line": 370, "column": 5 }
      },
      "263": {
        "start": { "line": 369, "column": 8 },
        "end": { "line": 369, "column": 61 }
      },
      "264": {
        "start": { "line": 371, "column": 4 },
        "end": { "line": 371, "column": 19 }
      },
      "265": {
        "start": { "line": 373, "column": 24 },
        "end": { "line": 375, "column": 1 }
      },
      "266": {
        "start": { "line": 374, "column": 4 },
        "end": { "line": 374, "column": 70 }
      },
      "267": {
        "start": { "line": 376, "column": 37 },
        "end": { "line": 386, "column": 1 }
      },
      "268": {
        "start": { "line": 377, "column": 4 },
        "end": { "line": 385, "column": 11 }
      },
      "269": {
        "start": { "line": 378, "column": 8 },
        "end": { "line": 383, "column": 9 }
      },
      "270": {
        "start": { "line": 379, "column": 12 },
        "end": { "line": 381, "column": 13 }
      },
      "271": {
        "start": { "line": 380, "column": 16 },
        "end": { "line": 380, "column": 39 }
      },
      "272": {
        "start": { "line": 382, "column": 12 },
        "end": { "line": 382, "column": 41 }
      },
      "273": {
        "start": { "line": 384, "column": 8 },
        "end": { "line": 384, "column": 22 }
      },
      "274": {
        "start": { "line": 387, "column": 33 },
        "end": { "line": 394, "column": 1 }
      },
      "275": {
        "start": { "line": 388, "column": 26 },
        "end": { "line": 388, "column": 106 }
      },
      "276": {
        "start": { "line": 389, "column": 4 },
        "end": { "line": 392, "column": 5 }
      },
      "277": {
        "start": { "line": 391, "column": 8 },
        "end": { "line": 391, "column": 64 }
      },
      "278": {
        "start": { "line": 393, "column": 4 },
        "end": { "line": 393, "column": 19 }
      },
      "279": {
        "start": { "line": 395, "column": 32 },
        "end": { "line": 413, "column": 1 }
      },
      "280": {
        "start": { "line": 396, "column": 26 },
        "end": { "line": 396, "column": 106 }
      },
      "281": {
        "start": { "line": 397, "column": 4 },
        "end": { "line": 411, "column": 5 }
      },
      "282": {
        "start": { "line": 398, "column": 8 },
        "end": { "line": 410, "column": 9 }
      },
      "283": {
        "start": { "line": 398, "column": 22 },
        "end": { "line": 398, "column": 23 }
      },
      "284": {
        "start": { "line": 398, "column": 45 },
        "end": { "line": 398, "column": 60 }
      },
      "285": {
        "start": { "line": 399, "column": 22 },
        "end": { "line": 399, "column": 43 }
      },
      "286": {
        "start": { "line": 400, "column": 12 },
        "end": { "line": 400, "column": 67 }
      },
      "287": {
        "start": { "line": 401, "column": 12 },
        "end": { "line": 401, "column": 123 }
      },
      "288": {
        "start": { "line": 402, "column": 12 },
        "end": { "line": 407, "column": 13 }
      },
      "289": {
        "start": { "line": 403, "column": 16 },
        "end": { "line": 403, "column": 107 }
      },
      "290": {
        "start": { "line": 406, "column": 16 },
        "end": { "line": 406, "column": 96 }
      },
      "291": {
        "start": { "line": 408, "column": 12 },
        "end": { "line": 408, "column": 70 }
      },
      "292": {
        "start": { "line": 409, "column": 12 },
        "end": { "line": 409, "column": 64 }
      },
      "293": {
        "start": { "line": 412, "column": 4 },
        "end": { "line": 412, "column": 19 }
      },
      "294": {
        "start": { "line": 414, "column": 25 },
        "end": { "line": 465, "column": 1 }
      },
      "295": {
        "start": { "line": 415, "column": 4 },
        "end": { "line": 463, "column": 5 }
      },
      "296": {
        "start": { "line": 417, "column": 21 },
        "end": { "line": 419, "column": 58 }
      },
      "297": {
        "start": { "line": 420, "column": 20 },
        "end": { "line": 420, "column": 30 }
      },
      "298": {
        "start": { "line": 421, "column": 8 },
        "end": { "line": 423, "column": 9 }
      },
      "299": {
        "start": { "line": 422, "column": 12 },
        "end": { "line": 422, "column": 59 }
      },
      "300": {
        "start": { "line": 424, "column": 8 },
        "end": { "line": 426, "column": 9 }
      },
      "301": {
        "start": { "line": 425, "column": 12 },
        "end": { "line": 425, "column": 27 }
      },
      "302": {
        "start": { "line": 428, "column": 8 },
        "end": { "line": 430, "column": 9 }
      },
      "303": {
        "start": { "line": 429, "column": 12 },
        "end": { "line": 429, "column": 48 }
      },
      "304": {
        "start": { "line": 431, "column": 8 },
        "end": { "line": 431, "column": 86 }
      },
      "305": {
        "start": { "line": 432, "column": 8 },
        "end": { "line": 434, "column": 9 }
      },
      "306": {
        "start": { "line": 433, "column": 12 },
        "end": { "line": 433, "column": 73 }
      },
      "307": {
        "start": { "line": 435, "column": 8 },
        "end": { "line": 435, "column": 29 }
      },
      "308": {
        "start": { "line": 436, "column": 8 },
        "end": { "line": 436, "column": 87 }
      },
      "309": {
        "start": { "line": 437, "column": 8 },
        "end": { "line": 437, "column": 97 }
      },
      "310": {
        "start": { "line": 438, "column": 8 },
        "end": { "line": 438, "column": 116 }
      },
      "311": {
        "start": { "line": 439, "column": 8 },
        "end": { "line": 441, "column": 9 }
      },
      "312": {
        "start": { "line": 440, "column": 12 },
        "end": { "line": 440, "column": 64 }
      },
      "313": {
        "start": { "line": 442, "column": 8 },
        "end": { "line": 442, "column": 62 }
      },
      "314": {
        "start": { "line": 444, "column": 9 },
        "end": { "line": 463, "column": 5 }
      },
      "315": {
        "start": { "line": 445, "column": 23 },
        "end": { "line": 445, "column": 45 }
      },
      "316": {
        "start": { "line": 446, "column": 8 },
        "end": { "line": 446, "column": 36 }
      },
      "317": {
        "start": { "line": 447, "column": 20 },
        "end": { "line": 447, "column": 108 }
      },
      "318": {
        "start": { "line": 448, "column": 8 },
        "end": { "line": 451, "column": 9 }
      },
      "319": {
        "start": { "line": 450, "column": 12 },
        "end": { "line": 450, "column": 69 }
      },
      "320": {
        "start": { "line": 452, "column": 8 },
        "end": { "line": 452, "column": 92 }
      },
      "321": {
        "start": { "line": 453, "column": 8 },
        "end": { "line": 453, "column": 94 }
      },
      "322": {
        "start": { "line": 454, "column": 8 },
        "end": { "line": 454, "column": 67 }
      },
      "323": {
        "start": { "line": 455, "column": 8 },
        "end": { "line": 455, "column": 123 }
      },
      "324": {
        "start": { "line": 456, "column": 8 },
        "end": { "line": 456, "column": 62 }
      },
      "325": {
        "start": { "line": 458, "column": 9 },
        "end": { "line": 463, "column": 5 }
      },
      "326": {
        "start": { "line": 459, "column": 8 },
        "end": { "line": 459, "column": 63 }
      },
      "327": {
        "start": { "line": 460, "column": 8 },
        "end": { "line": 460, "column": 72 }
      },
      "328": {
        "start": { "line": 461, "column": 8 },
        "end": { "line": 461, "column": 60 }
      },
      "329": {
        "start": { "line": 462, "column": 8 },
        "end": { "line": 462, "column": 62 }
      },
      "330": {
        "start": { "line": 464, "column": 4 },
        "end": { "line": 464, "column": 19 }
      },
      "331": {
        "start": { "line": 466, "column": 30 },
        "end": { "line": 505, "column": 1 }
      },
      "332": {
        "start": { "line": 467, "column": 4 },
        "end": { "line": 469, "column": 5 }
      },
      "333": {
        "start": { "line": 468, "column": 8 },
        "end": { "line": 468, "column": 60 }
      },
      "334": {
        "start": { "line": 470, "column": 4 },
        "end": { "line": 503, "column": 5 }
      },
      "335": {
        "start": { "line": 471, "column": 8 },
        "end": { "line": 471, "column": 114 }
      },
      "336": {
        "start": { "line": 473, "column": 9 },
        "end": { "line": 503, "column": 5 }
      },
      "337": {
        "start": { "line": 474, "column": 23 },
        "end": { "line": 474, "column": 50 }
      },
      "338": {
        "start": { "line": 475, "column": 8 },
        "end": { "line": 477, "column": 9 }
      },
      "339": {
        "start": { "line": 476, "column": 12 },
        "end": { "line": 476, "column": 63 }
      },
      "340": {
        "start": { "line": 478, "column": 8 },
        "end": { "line": 481, "column": 9 }
      },
      "341": {
[...]
      "270": 1,
      "271": 1,
      "272": 1,
      "273": 30,
      "274": 1,
      "275": 5,
      "276": 5,
      "277": 1,
      "278": 5,
      "279": 1,
      "280": 5,
      "281": 5,
      "282": 1,
      "283": 1,
      "284": 1,
      "285": 1,
      "286": 1,
      "287": 1,
      "288": 1,
      "289": 0,
      "290": 1,
      "291": 1,
      "292": 1,
      "293": 5,
      "294": 1,
      "295": 30,
      "296": 28,
      "297": 28,
      "298": 28,
      "299": 0,
      "300": 28,
      "301": 24,
      "302": 4,
      "303": 4,
      "304": 4,
      "305": 4,
      "306": 2,
      "307": 4,
      "308": 4,
      "309": 4,
      "310": 4,
      "311": 4,
      "312": 2,
      "313": 4,
      "314": 2,
      "315": 1,
      "316": 1,
      "317": 1,
      "318": 1,
      "319": 0,
      "320": 1,
      "321": 1,
      "322": 1,
      "323": 1,
      "324": 1,
      "325": 1,
      "326": 0,
      "327": 0,
      "328": 0,
      "329": 0,
      "330": 6,
      "331": 1,
      "332": 4,
      "333": 0,
      "334": 4,
      "335": 2,
      "336": 2,
      "337": 0,
      "338": 0,
      "339": 0,
      "340": 0,
      "341": 0,
      "342": 0,
      "343": 0,
      "344": 2,
      "345": 2,
      "346": 2,
      "347": 2,
      "348": 3,
      "349": 3,
      "350": 1,
      "351": 2,
      "352": 1,
      "353": 1,
      "354": 1,
      "355": 3,
      "356": 1,
      "357": 2,
      "358": 0,
      "359": 1,
      "360": 2,
      "361": 3,
      "362": 1,
      "363": 2,
      "364": 2,
      "365": 1,
      "366": 1,
      "367": 1,
      "368": 1,
      "369": 1,
      "370": 1,
      "371": 0,
      "372": 0,
      "373": 1,
      "374": 2,
      "375": 1,
      "376": 3,
      "377": 1,
      "378": 8,
      "379": 6,
      "380": 8,
      "381": 8,
      "382": 8,
      "383": 8,
      "384": 8,
      "385": 8,
      "386": 8,
      "387": 2,
      "388": 2,
      "389": 2,
      "390": 8,
      "391": 8,
      "392": 1,
      "393": 6,
      "394": 6,
      "395": 0,
      "396": 0,
      "397": 6,
      "398": 6,
      "399": 6,
      "400": 0,
      "401": 6,
      "402": 0,
      "403": 0,
      "404": 0,
      "405": 0,
      "406": 0,
      "407": 0,
      "408": 0,
      "409": 0,
      "410": 0,
      "411": 0,
      "412": 0,
      "413": 0,
      "414": 0,
      "415": 0,
      "416": 0,
      "417": 0,
      "418": 0,
      "419": 0,
      "420": 0,
      "421": 0,
      "422": 0,
      "423": 0,
      "424": 0,
      "425": 0,
      "426": 0,
      "427": 0,
      "428": 0,
      "429": 0,
      "430": 0,
      "431": 0
    },
    "f": {
      "0": 8,
      "1": 1,
      "2": 8,
      "3": 8,
      "4": 8,
      "5": 8,
      "6": 9,
      "7": 0,
      "8": 8,
      "9": 8,
      "10": 8,
      "11": 1,
      "12": 0,
      "13": 8,
      "14": 8,
      "15": 8,
      "16": 8,
      "17": 8,
      "18": 0,
      "19": 13,
      "20": 9,
      "21": 0,
      "22": 5,
      "23": 5,
      "24": 3,
      "25": 9,
      "26": 30,
      "27": 5,
      "28": 5,
      "29": 30,
      "30": 4,
      "31": 2,
      "32": 3,
      "33": 3,
      "34": 8,
      "35": 6
    },
    "b": {
      "0": [8, 0],
      "1": [1, 0],
      "2": [1, 1],
      "3": [8, 0],
      "4": [0, 8],
      "5": [0, 0],
      "6": [7, 1],
      "7": [0, 1],
      "8": [0, 9],
      "9": [0, 1],
      "10": [1, 1],
      "11": [1, 0],
      "12": [1, 0],
      "13": [0, 0],
      "14": [0, 1],
      "15": [1, 1],
      "16": [0, 0],
      "17": [0, 0],
      "18": [0, 0],
      "19": [0, 8],
      "20": [8, 0],
      "21": [8, 0],
      "22": [8, 0],
      "23": [0, 8],
      "24": [8, 8],
      "25": [0, 0],
      "26": [0, 0],
      "27": [0, 13],
      "28": [13, 13, 9],
      "29": [9, 4],
      "30": [13, 9],
      "31": [1, 3],
      "32": [0, 1],
      "33": [3, 0],
      "34": [9, 9],
      "35": [1, 8],
      "36": [0, 8],
      "37": [0, 9],
      "38": [8, 1],
      "39": [0, 9],
      "40": [0, 1],
      "41": [1, 0],
      "42": [0, 0],
      "43": [0, 9],
      "44": [5, 4],
      "45": [0, 0],
      "46": [0, 0],
      "47": [0, 5],
      "48": [5, 0],
      "49": [3, 3, 3],
      "50": [1, 29],
      "51": [1, 0],
      "52": [5, 4],
      "53": [1, 4],
      "54": [5, 4],
      "55": [1, 4],
      "56": [0, 1],
      "57": [28, 2],
      "58": [0, 28],
      "59": [28, 28],
      "60": [0, 28],
      "61": [24, 4],
      "62": [4, 0],
      "63": [2, 2],
      "64": [2, 2],
      "65": [1, 1],
      "66": [0, 1],
      "67": [0, 1],
      "68": [1, 1],
      "69": [0, 1],
      "70": [0, 4],
      "71": [2, 2],
      "72": [2, 2],
      "73": [0, 2],
      "74": [0, 0],
      "75": [0, 0],
      "76": [2, 0],
      "77": [1, 2],
      "78": [1, 0],
      "79": [1, 1],
      "80": [1, 0],
      "81": [1, 2],
      "82": [1, 2],
      "83": [1, 1],
      "84": [2, 1],
      "85": [0, 1],
      "86": [6, 2],
      "87": [2, 6],
      "88": [8, 4],
      "89": [6, 0],
      "90": [0, 6],
      "91": [6, 0],
      "92": [0, 6],
      "93": [0, 0],
      "94": [0, 0],
      "95": [0, 0],
      "96": [0, 0],
      "97": [0, 0, 0]
    },
    "_coverageSchema": "1a1c01bbd47fc00a2c39e90264f33305004495a9",
    "hash": "cdc7a2e36d41314d537deaeca10e0d469d9d3bcb",
    "contentHash": "ad7c5502b1797afd1d33da3d3022455dbae774b2778cf795c8f7f05fcf23517a"
  },
  "/Users/craigcondon/Developer/public/paperclip/packages/paperclip-compiler-react/lib/translate-utils.js": {
    "path": "/Users/craigcondon/Developer/public/paperclip/packages/paperclip-compiler-react/lib/translate-utils.js",
    "statementMap": {
      "0": {
        "start": { "line": 2, "column": 15 },
        "end": { "line": 12, "column": 1 }
      },
      "1": {
        "start": { "line": 3, "column": 4 },
        "end": { "line": 10, "column": 6 }
      },
      "2": {
        "start": { "line": 4, "column": 8 },
        "end": { "line": 8, "column": 9 }
      },
      "3": {
        "start": { "line": 4, "column": 24 },
        "end": { "line": 4, "column": 25 }
      },
      "4": {
        "start": { "line": 4, "column": 31 },
        "end": { "line": 4, "column": 47 }
      },
      "5": {
        "start": { "line": 5, "column": 12 },
        "end": { "line": 5, "column": 29 }
      },
      "6": {
        "start": { "line": 6, "column": 12 },
        "end": { "line": 7, "column": 28 }
      },
      "7": {
        "start": { "line": 6, "column": 29 },
        "end": { "line": 7, "column": 28 }
      },
      "8": {
        "start": { "line": 7, "column": 16 },
        "end": { "line": 7, "column": 28 }
      },
      "9": {
        "start": { "line": 9, "column": 8 },
        "end": { "line": 9, "column": 17 }
      },
      "10": {
        "start": { "line": 11, "column": 4 },
        "end": { "line": 11, "column": 43 }
      },
      "11": {
        "start": { "line": 13, "column": 0 },
        "end": { "line": 13, "column": 62 }
      },
      "12": {
        "start": { "line": 14, "column": 0 },
        "end": { "line": 14, "column": 100 }
      },
      "13": {
        "start": { "line": 15, "column": 0 },
        "end": { "line": 32, "column": 2 }
      },
      "14": {
        "start": { "line": 16, "column": 4 },
        "end": { "line": 16, "column": 45 }
      },
      "15": {
        "start": { "line": 16, "column": 29 },
        "end": { "line": 16, "column": 43 }
      },
      "16": {
        "start": { "line": 17, "column": 4 },
        "end": { "line": 31, "column": 7 }
      },
      "17": {
        "start": { "line": 33, "column": 0 },
        "end": { "line": 35, "column": 77 }
      },
      "18": {
        "start": { "line": 33, "column": 49 },
        "end": { "line": 35, "column": 74 }
      },
      "19": {
        "start": { "line": 36, "column": 0 },
        "end": { "line": 36, "column": 126 }
      },
      "20": {
        "start": { "line": 36, "column": 42 },
        "end": { "line": 36, "column": 123 }
      },
      "21": {
        "start": { "line": 37, "column": 0 },
        "end": { "line": 37, "column": 124 }
      },
      "22": {
        "start": { "line": 37, "column": 40 },
        "end": { "line": 37, "column": 121 }
      }
    },
    "fnMap": {
      "0": {
        "name": "(anonymous_0)",
        "decl": {
          "start": { "line": 2, "column": 42 },
          "end": { "line": 2, "column": 43 }
        },
        "loc": {
          "start": { "line": 2, "column": 54 },
          "end": { "line": 12, "column": 1 }
        },
        "line": 2
      },
      "1": {
        "name": "(anonymous_1)",
        "decl": {
          "start": { "line": 3, "column": 32 },
          "end": { "line": 3, "column": 33 }
        },
        "loc": {
          "start": { "line": 3, "column": 44 },
          "end": { "line": 10, "column": 5 }
        },
        "line": 3
      },
      "2": {
        "name": "(anonymous_2)",
        "decl": {
          "start": { "line": 15, "column": 33 },
          "end": { "line": 15, "column": 34 }
        },
        "loc": {
          "start": { "line": 15, "column": 121 },
          "end": { "line": 32, "column": 1 }
        },
        "line": 15
      },
      "3": {
        "name": "(anonymous_3)",
        "decl": {
          "start": { "line": 33, "column": 20 },
          "end": { "line": 33, "column": 21 }
        },
        "loc": {
          "start": { "line": 33, "column": 47 },
          "end": { "line": 35, "column": 76 }
        },
        "line": 33
      },
      "4": {
        "name": "(anonymous_4)",
        "decl": {
          "start": { "line": 36, "column": 21 },
          "end": { "line": 36, "column": 22 }
        },
        "loc": {
          "start": { "line": 36, "column": 40 },
          "end": { "line": 36, "column": 125 }
        },
        "line": 36
      },
      "5": {
        "name": "(anonymous_5)",
        "decl": {
          "start": { "line": 37, "column": 19 },
          "end": { "line": 37, "column": 20 }
        },
        "loc": {
          "start": { "line": 37, "column": 38 },
          "end": { "line": 37, "column": 123 }
        },
        "line": 37
      }
    },
    "branchMap": {
      "0": {
        "loc": {
          "start": { "line": 2, "column": 15 },
          "end": { "line": 12, "column": 1 }
        },
        "type": "binary-expr",
        "locations": [
          {
            "start": { "line": 2, "column": 16 },
            "end": { "line": 2, "column": 20 }
          },
          {
            "start": { "line": 2, "column": 24 },
            "end": { "line": 2, "column": 37 }
          },
          {
            "start": { "line": 2, "column": 42 },
            "end": { "line": 12, "column": 1 }
          }
        ],
        "line": 2
      },
      "1": {
        "loc": {
          "start": { "line": 3, "column": 15 },
          "end": { "line": 10, "column": 5 }
        },
        "type": "binary-expr",
        "locations": [
          {
            "start": { "line": 3, "column": 15 },
            "end": { "line": 3, "column": 28 }
          },
          {
            "start": { "line": 3, "column": 32 },
            "end": { "line": 10, "column": 5 }
          }
        ],
        "line": 3
      },
      "2": {
        "loc": {
          "start": { "line": 6, "column": 29 },
          "end": { "line": 7, "column": 28 }
        },
        "type": "if",
        "locations": [
          {
            "start": { "line": 6, "column": 29 },
            "end": { "line": 7, "column": 28 }
          },
          {
            "start": { "line": 6, "column": 29 },
            "end": { "line": 7, "column": 28 }
          }
        ],
        "line": 6
      },
      "3": {
        "loc": {
          "start": { "line": 16, "column": 4 },
          "end": { "line": 16, "column": 45 }
        },
        "type": "if",
        "locations": [
          {
            "start": { "line": 16, "column": 4 },
            "end": { "line": 16, "column": 45 }
          },
          {
            "start": { "line": 16, "column": 4 },
            "end": { "line": 16, "column": 45 }
          }
        ],
        "line": 16
      },
      "4": {
        "loc": {
          "start": { "line": 34, "column": 9 },
          "end": { "line": 34, "column": 75 }
        },
        "type": "cond-expr",
        "locations": [
          {
            "start": { "line": 34, "column": 29 },
            "end": { "line": 34, "column": 70 }
          },
          {
            "start": { "line": 34, "column": 73 },
            "end": { "line": 34, "column": 75 }
          }
        ],
        "line": 34
      }
    },
    "s": {
      "0": 1,
      "1": 2,
      "2": 0,
      "3": 0,
      "4": 0,
      "5": 0,
      "6": 0,
      "7": 0,
      "8": 0,
      "9": 0,
      "10": 2,
      "11": 1,
      "12": 1,
      "13": 1,
      "14": 8,
      "15": 8,
      "16": 8,
      "17": 1,
      "18": 278,
      "19": 1,
      "20": 56,
      "21": 1,
      "22": 56
    },
    "f": { "0": 2, "1": 0, "2": 8, "3": 278, "4": 56, "5": 56 },
    "b": {
      "0": [1, 1, 1],
      "1": [2, 0],
      "2": [0, 0],
      "3": [8, 0],
      "4": [172, 106]
    },
    "_coverageSchema": "1a1c01bbd47fc00a2c39e90264f33305004495a9",
    "hash": "7bdc8093fbcd9aed0171f5e061d714e46da74092",
    "contentHash": "827b6940dd753bb75d365d4cb077856efb5577c7cc9f931523c41e2c252f09a3"
  },
  "/Users/craigcondon/Developer/public/paperclip/packages/paperclip-compiler-react/lib/utils.js": {
    "path": "/Users/craigcondon/Developer/public/paperclip/packages/paperclip-compiler-react/lib/utils.js",
    "statementMap": {
      "0": {
        "start": { "line": 2, "column": 0 },
        "end": { "line": 2, "column": 62 }
      },
      "1": {
        "start": { "line": 3, "column": 0 },
        "end": { "line": 3, "column": 211 }
      },
      "2": {
        "start": { "line": 4, "column": 15 },
        "end": { "line": 4, "column": 32 }
      },
      "3": {
        "start": { "line": 5, "column": 11 },
        "end": { "line": 5, "column": 26 }
      },
      "4": {
        "start": { "line": 6, "column": 18 },
        "end": { "line": 6, "column": 38 }
      },
      "5": {
        "start": { "line": 7, "column": 0 },
        "end": { "line": 12, "column": 2 }
      },
      "6": {
        "start": { "line": 13, "column": 0 },
        "end": { "line": 18, "column": 2 }
      },
      "7": {
        "start": { "line": 19, "column": 0 },
        "end": { "line": 22, "column": 2 }
      },
      "8": {
        "start": { "line": 20, "column": 19 },
        "end": { "line": 20, "column": 44 }
      },
      "9": {
        "start": { "line": 21, "column": 4 },
        "end": { "line": 21, "column": 65 }
      },
      "10": {
        "start": { "line": 23, "column": 0 },
        "end": { "line": 25, "column": 2 }
      },
      "11": {
        "start": { "line": 24, "column": 4 },
        "end": { "line": 24, "column": 55 }
      },
      "12": {
        "start": { "line": 26, "column": 0 },
        "end": { "line": 31, "column": 2 }
      },
      "13": {
        "start": { "line": 27, "column": 4 },
        "end": { "line": 30, "column": 27 }
      },
      "14": {
        "start": { "line": 32, "column": 0 },
        "end": { "line": 34, "column": 2 }
      },
      "15": {
        "start": { "line": 33, "column": 4 },
        "end": { "line": 33, "column": 113 }
      },
      "16": {
        "start": { "line": 35, "column": 0 },
        "end": { "line": 44, "column": 2 }
      },
      "17": {
        "start": { "line": 36, "column": 24 },
        "end": { "line": 36, "column": 53 }
      },
      "18": {
        "start": { "line": 37, "column": 4 },
        "end": { "line": 39, "column": 5 }
      },
      "19": {
        "start": { "line": 38, "column": 8 },
        "end": { "line": 38, "column": 59 }
      },
      "20": {
        "start": { "line": 40, "column": 4 },
        "end": { "line": 42, "column": 5 }
      },
      "21": {
        "start": { "line": 41, "column": 8 },
        "end": { "line": 41, "column": 44 }
      },
      "22": {
        "start": { "line": 43, "column": 4 },
        "end": { "line": 43, "column": 25 }
      },
      "23": {
        "start": { "line": 45, "column": 0 },
        "end": { "line": 47, "column": 2 }
      },
      "24": {
        "start": { "line": 46, "column": 4 },
        "end": { "line": 46, "column": 59 }
      }
    },
    "fnMap": {
      "0": {
        "name": "(anonymous_0)",
        "decl": {
          "start": { "line": 19, "column": 21 },
          "end": { "line": 19, "column": 22 }
        },
        "loc": {
          "start": { "line": 19, "column": 38 },
          "end": { "line": 22, "column": 1 }
        },
        "line": 19
      },
      "1": {
        "name": "(anonymous_1)",
        "decl": {
          "start": { "line": 23, "column": 31 },
          "end": { "line": 23, "column": 32 }
        },
        "loc": {
          "start": { "line": 23, "column": 51 },
          "end": { "line": 25, "column": 1 }
        },
        "line": 23
      },
      "2": {
        "name": "(anonymous_2)",
        "decl": {
          "start": { "line": 26, "column": 27 },
          "end": { "line": 26, "column": 28 }
        },
        "loc": {
          "start": { "line": 26, "column": 47 },
          "end": { "line": 31, "column": 1 }
        },
        "line": 26
      },
      "3": {
        "name": "(anonymous_3)",
        "decl": {
          "start": { "line": 32, "column": 27 },
          "end": { "line": 32, "column": 28 }
        },
        "loc": {
          "start": { "line": 32, "column": 53 },
          "end": { "line": 34, "column": 1 }
        },
        "line": 32
      },
      "4": {
        "name": "(anonymous_4)",
        "decl": {
          "start": { "line": 35, "column": 25 },
          "end": { "line": 35, "column": 26 }
        },
        "loc": {
          "start": { "line": 35, "column": 52 },
          "end": { "line": 44, "column": 1 }
        },
        "line": 35
      },
      "5": {
        "name": "(anonymous_5)",
        "decl": {
          "start": { "line": 45, "column": 31 },
          "end": { "line": 45, "column": 32 }
        },
        "loc": {
          "start": { "line": 45, "column": 48 },
          "end": { "line": 47, "column": 1 }
        },
        "line": 45
      }
    },
    "branchMap": {
      "0": {
        "loc": {
          "start": { "line": 37, "column": 4 },
          "end": { "line": 39, "column": 5 }
        },
        "type": "if",
        "locations": [
          {
            "start": { "line": 37, "column": 4 },
            "end": { "line": 39, "column": 5 }
          },
          {
            "start": { "line": 37, "column": 4 },
            "end": { "line": 39, "column": 5 }
          }
        ],
        "line": 37
      },
      "1": {
        "loc": {
          "start": { "line": 40, "column": 4 },
          "end": { "line": 42, "column": 5 }
        },
        "type": "if",
        "locations": [
          {
            "start": { "line": 40, "column": 4 },
            "end": { "line": 42, "column": 5 }
          },
          {
            "start": { "line": 40, "column": 4 },
            "end": { "line": 42, "column": 5 }
          }
        ],
        "line": 40
      }
    },
    "s": {
      "0": 1,
      "1": 1,
      "2": 1,
      "3": 1,
      "4": 1,
      "5": 1,
      "6": 1,
      "7": 1,
      "8": 0,
      "9": 0,
      "10": 1,
      "11": 0,
      "12": 1,
      "13": 0,
      "14": 1,
      "15": 0,
      "16": 1,
      "17": 9,
      "18": 9,
      "19": 0,
      "20": 9,
      "21": 0,
      "22": 9,
      "23": 1,
      "24": 0
    },
    "f": { "0": 0, "1": 0, "2": 0, "3": 0, "4": 9, "5": 0 },
    "b": { "0": [0, 9], "1": [0, 9] },
    "_coverageSchema": "1a1c01bbd47fc00a2c39e90264f33305004495a9",
    "hash": "9e7e4f29ca764063acbf823b3e7ab45362a39f60",
    "contentHash": "cd4ef58fb998c2f4f404f499a4df087c85f3421fcb054efd94e77acd3720ea86"
  }
}
